{"/Users/dani/Desktop/skylab/skylab-bootcamp-201809/staff/daniel-villegas/partyup/partyup-api/logic/index.spec.js":{"path":"/Users/dani/Desktop/skylab/skylab-bootcamp-201809/staff/daniel-villegas/partyup/partyup-api/logic/index.spec.js","statementMap":{"0":{"start":{"line":1,"column":14},"end":{"line":1,"column":26}},"1":{"start":{"line":2,"column":60},"end":{"line":2,"column":83}},"2":{"start":{"line":3,"column":19},"end":{"line":3,"column":34}},"3":{"start":{"line":5,"column":18},"end":{"line":5,"column":58}},"4":{"start":{"line":7,"column":0},"end":{"line":1043,"column":2}},"5":{"start":{"line":8,"column":4},"end":{"line":8,"column":77}},"6":{"start":{"line":8,"column":17},"end":{"line":8,"column":76}},"7":{"start":{"line":10,"column":4},"end":{"line":10,"column":101}},"8":{"start":{"line":10,"column":21},"end":{"line":10,"column":100}},"9":{"start":{"line":12,"column":4},"end":{"line":1041,"column":6}},"10":{"start":{"line":13,"column":8},"end":{"line":134,"column":10}},"11":{"start":{"line":16,"column":12},"end":{"line":22,"column":14}},"12":{"start":{"line":17,"column":16},"end":{"line":17,"column":46}},"13":{"start":{"line":18,"column":16},"end":{"line":18,"column":52}},"14":{"start":{"line":19,"column":16},"end":{"line":19,"column":46}},"15":{"start":{"line":20,"column":16},"end":{"line":20,"column":54}},"16":{"start":{"line":21,"column":16},"end":{"line":21,"column":54}},"17":{"start":{"line":24,"column":12},"end":{"line":42,"column":14}},"18":{"start":{"line":25,"column":28},"end":{"line":25,"column":93}},"19":{"start":{"line":27,"column":16},"end":{"line":27,"column":43}},"20":{"start":{"line":29,"column":31},"end":{"line":29,"column":48}},"21":{"start":{"line":31,"column":16},"end":{"line":31,"column":49}},"22":{"start":{"line":33,"column":31},"end":{"line":33,"column":37}},"23":{"start":{"line":35,"column":16},"end":{"line":35,"column":49}},"24":{"start":{"line":36,"column":16},"end":{"line":36,"column":48}},"25":{"start":{"line":37,"column":16},"end":{"line":37,"column":54}},"26":{"start":{"line":38,"column":16},"end":{"line":38,"column":48}},"27":{"start":{"line":39,"column":16},"end":{"line":39,"column":56}},"28":{"start":{"line":40,"column":16},"end":{"line":40,"column":56}},"29":{"start":{"line":46,"column":12},"end":{"line":48,"column":14}},"30":{"start":{"line":47,"column":16},"end":{"line":47,"column":143}},"31":{"start":{"line":47,"column":29},"end":{"line":47,"column":93}},"32":{"start":{"line":50,"column":12},"end":{"line":52,"column":14}},"33":{"start":{"line":51,"column":16},"end":{"line":51,"column":131}},"34":{"start":{"line":51,"column":29},"end":{"line":51,"column":88}},"35":{"start":{"line":54,"column":12},"end":{"line":56,"column":14}},"36":{"start":{"line":55,"column":16},"end":{"line":55,"column":123}},"37":{"start":{"line":55,"column":29},"end":{"line":55,"column":85}},"38":{"start":{"line":58,"column":12},"end":{"line":60,"column":14}},"39":{"start":{"line":59,"column":16},"end":{"line":59,"column":131}},"40":{"start":{"line":59,"column":29},"end":{"line":59,"column":89}},"41":{"start":{"line":64,"column":12},"end":{"line":66,"column":14}},"42":{"start":{"line":65,"column":16},"end":{"line":65,"column":140}},"43":{"start":{"line":65,"column":29},"end":{"line":65,"column":90}},"44":{"start":{"line":68,"column":12},"end":{"line":70,"column":14}},"45":{"start":{"line":69,"column":16},"end":{"line":69,"column":131}},"46":{"start":{"line":69,"column":29},"end":{"line":69,"column":85}},"47":{"start":{"line":72,"column":12},"end":{"line":74,"column":14}},"48":{"start":{"line":73,"column":16},"end":{"line":73,"column":120}},"49":{"start":{"line":73,"column":29},"end":{"line":73,"column":82}},"50":{"start":{"line":76,"column":12},"end":{"line":78,"column":14}},"51":{"start":{"line":77,"column":16},"end":{"line":77,"column":128}},"52":{"start":{"line":77,"column":29},"end":{"line":77,"column":86}},"53":{"start":{"line":82,"column":12},"end":{"line":84,"column":14}},"54":{"start":{"line":83,"column":16},"end":{"line":83,"column":143}},"55":{"start":{"line":83,"column":29},"end":{"line":83,"column":93}},"56":{"start":{"line":86,"column":12},"end":{"line":88,"column":14}},"57":{"start":{"line":87,"column":16},"end":{"line":87,"column":131}},"58":{"start":{"line":87,"column":29},"end":{"line":87,"column":88}},"59":{"start":{"line":90,"column":12},"end":{"line":92,"column":14}},"60":{"start":{"line":91,"column":16},"end":{"line":91,"column":123}},"61":{"start":{"line":91,"column":29},"end":{"line":91,"column":85}},"62":{"start":{"line":94,"column":12},"end":{"line":96,"column":14}},"63":{"start":{"line":95,"column":16},"end":{"line":95,"column":131}},"64":{"start":{"line":95,"column":29},"end":{"line":95,"column":89}},"65":{"start":{"line":100,"column":12},"end":{"line":102,"column":14}},"66":{"start":{"line":101,"column":16},"end":{"line":101,"column":139}},"67":{"start":{"line":101,"column":29},"end":{"line":101,"column":89}},"68":{"start":{"line":104,"column":12},"end":{"line":106,"column":14}},"69":{"start":{"line":105,"column":16},"end":{"line":105,"column":131}},"70":{"start":{"line":105,"column":29},"end":{"line":105,"column":84}},"71":{"start":{"line":108,"column":12},"end":{"line":110,"column":14}},"72":{"start":{"line":109,"column":16},"end":{"line":109,"column":119}},"73":{"start":{"line":109,"column":29},"end":{"line":109,"column":81}},"74":{"start":{"line":112,"column":12},"end":{"line":114,"column":14}},"75":{"start":{"line":113,"column":16},"end":{"line":113,"column":125}},"76":{"start":{"line":113,"column":29},"end":{"line":113,"column":84}},"77":{"start":{"line":118,"column":12},"end":{"line":120,"column":14}},"78":{"start":{"line":119,"column":16},"end":{"line":119,"column":139}},"79":{"start":{"line":119,"column":29},"end":{"line":119,"column":89}},"80":{"start":{"line":122,"column":12},"end":{"line":124,"column":14}},"81":{"start":{"line":123,"column":16},"end":{"line":123,"column":131}},"82":{"start":{"line":123,"column":29},"end":{"line":123,"column":84}},"83":{"start":{"line":126,"column":12},"end":{"line":128,"column":14}},"84":{"start":{"line":127,"column":16},"end":{"line":127,"column":121}},"85":{"start":{"line":127,"column":29},"end":{"line":127,"column":82}},"86":{"start":{"line":130,"column":12},"end":{"line":132,"column":14}},"87":{"start":{"line":131,"column":16},"end":{"line":131,"column":127}},"88":{"start":{"line":131,"column":29},"end":{"line":131,"column":85}},"89":{"start":{"line":136,"column":8},"end":{"line":196,"column":10}},"90":{"start":{"line":138,"column":12},"end":{"line":142,"column":14}},"91":{"start":{"line":139,"column":16},"end":{"line":139,"column":196}},"92":{"start":{"line":141,"column":16},"end":{"line":141,"column":34}},"93":{"start":{"line":144,"column":12},"end":{"line":159,"column":14}},"94":{"start":{"line":145,"column":47},"end":{"line":145,"column":51}},"95":{"start":{"line":147,"column":16},"end":{"line":158,"column":22}},"96":{"start":{"line":149,"column":24},"end":{"line":149,"column":43}},"97":{"start":{"line":150,"column":24},"end":{"line":150,"column":52}},"98":{"start":{"line":152,"column":24},"end":{"line":157,"column":30}},"99":{"start":{"line":154,"column":48},"end":{"line":154,"column":54}},"100":{"start":{"line":156,"column":32},"end":{"line":156,"column":61}},"101":{"start":{"line":163,"column":12},"end":{"line":165,"column":14}},"102":{"start":{"line":164,"column":16},"end":{"line":164,"column":127}},"103":{"start":{"line":164,"column":29},"end":{"line":164,"column":77}},"104":{"start":{"line":167,"column":12},"end":{"line":169,"column":14}},"105":{"start":{"line":168,"column":16},"end":{"line":168,"column":120}},"106":{"start":{"line":168,"column":29},"end":{"line":168,"column":73}},"107":{"start":{"line":171,"column":12},"end":{"line":173,"column":14}},"108":{"start":{"line":172,"column":16},"end":{"line":172,"column":107}},"109":{"start":{"line":172,"column":29},"end":{"line":172,"column":69}},"110":{"start":{"line":175,"column":12},"end":{"line":177,"column":14}},"111":{"start":{"line":176,"column":16},"end":{"line":176,"column":113}},"112":{"start":{"line":176,"column":29},"end":{"line":176,"column":72}},"113":{"start":{"line":181,"column":12},"end":{"line":183,"column":14}},"114":{"start":{"line":182,"column":16},"end":{"line":182,"column":127}},"115":{"start":{"line":182,"column":29},"end":{"line":182,"column":77}},"116":{"start":{"line":185,"column":12},"end":{"line":187,"column":14}},"117":{"start":{"line":186,"column":16},"end":{"line":186,"column":120}},"118":{"start":{"line":186,"column":29},"end":{"line":186,"column":73}},"119":{"start":{"line":189,"column":12},"end":{"line":191,"column":14}},"120":{"start":{"line":190,"column":16},"end":{"line":190,"column":107}},"121":{"start":{"line":190,"column":29},"end":{"line":190,"column":69}},"122":{"start":{"line":193,"column":12},"end":{"line":195,"column":14}},"123":{"start":{"line":194,"column":16},"end":{"line":194,"column":113}},"124":{"start":{"line":194,"column":29},"end":{"line":194,"column":72}},"125":{"start":{"line":198,"column":8},"end":{"line":217,"column":10}},"126":{"start":{"line":201,"column":12},"end":{"line":205,"column":14}},"127":{"start":{"line":202,"column":16},"end":{"line":202,"column":196}},"128":{"start":{"line":204,"column":16},"end":{"line":204,"column":34}},"129":{"start":{"line":207,"column":12},"end":{"line":216,"column":14}},"130":{"start":{"line":208,"column":30},"end":{"line":208,"column":65}},"131":{"start":{"line":210,"column":16},"end":{"line":210,"column":50}},"132":{"start":{"line":211,"column":16},"end":{"line":211,"column":54}},"133":{"start":{"line":212,"column":16},"end":{"line":212,"column":60}},"134":{"start":{"line":213,"column":16},"end":{"line":213,"column":54}},"135":{"start":{"line":214,"column":16},"end":{"line":214,"column":62}},"136":{"start":{"line":215,"column":16},"end":{"line":215,"column":62}},"137":{"start":{"line":219,"column":8},"end":{"line":841,"column":10}},"138":{"start":{"line":220,"column":12},"end":{"line":367,"column":14}},"139":{"start":{"line":223,"column":16},"end":{"line":234,"column":18}},"140":{"start":{"line":224,"column":20},"end":{"line":224,"column":200}},"141":{"start":{"line":225,"column":20},"end":{"line":225,"column":36}},"142":{"start":{"line":226,"column":20},"end":{"line":226,"column":53}},"143":{"start":{"line":227,"column":20},"end":{"line":227,"column":37}},"144":{"start":{"line":228,"column":20},"end":{"line":228,"column":31}},"145":{"start":{"line":229,"column":20},"end":{"line":229,"column":36}},"146":{"start":{"line":230,"column":20},"end":{"line":230,"column":31}},"147":{"start":{"line":233,"column":20},"end":{"line":233,"column":38}},"148":{"start":{"line":236,"column":16},"end":{"line":264,"column":18}},"149":{"start":{"line":237,"column":32},"end":{"line":237,"column":111}},"150":{"start":{"line":239,"column":20},"end":{"line":239,"column":47}},"151":{"start":{"line":241,"column":38},"end":{"line":241,"column":58}},"152":{"start":{"line":243,"column":20},"end":{"line":243,"column":56}},"153":{"start":{"line":245,"column":38},"end":{"line":245,"column":47}},"154":{"start":{"line":247,"column":20},"end":{"line":247,"column":57}},"155":{"start":{"line":248,"column":20},"end":{"line":248,"column":59}},"156":{"start":{"line":250,"column":20},"end":{"line":250,"column":69}},"157":{"start":{"line":251,"column":20},"end":{"line":251,"column":65}},"158":{"start":{"line":256,"column":20},"end":{"line":256,"column":55}},"159":{"start":{"line":257,"column":20},"end":{"line":257,"column":58}},"160":{"start":{"line":259,"column":20},"end":{"line":259,"column":57}},"161":{"start":{"line":260,"column":20},"end":{"line":260,"column":59}},"162":{"start":{"line":262,"column":20},"end":{"line":262,"column":55}},"163":{"start":{"line":263,"column":20},"end":{"line":263,"column":58}},"164":{"start":{"line":267,"column":16},"end":{"line":269,"column":18}},"165":{"start":{"line":268,"column":20},"end":{"line":268,"column":160}},"166":{"start":{"line":268,"column":33},"end":{"line":268,"column":110}},"167":{"start":{"line":271,"column":16},"end":{"line":273,"column":18}},"168":{"start":{"line":272,"column":20},"end":{"line":272,"column":149}},"169":{"start":{"line":272,"column":33},"end":{"line":272,"column":105}},"170":{"start":{"line":275,"column":16},"end":{"line":277,"column":18}},"171":{"start":{"line":276,"column":20},"end":{"line":276,"column":140}},"172":{"start":{"line":276,"column":33},"end":{"line":276,"column":102}},"173":{"start":{"line":279,"column":16},"end":{"line":281,"column":18}},"174":{"start":{"line":280,"column":20},"end":{"line":280,"column":146}},"175":{"start":{"line":280,"column":33},"end":{"line":280,"column":105}},"176":{"start":{"line":284,"column":16},"end":{"line":286,"column":18}},"177":{"start":{"line":285,"column":20},"end":{"line":285,"column":154}},"178":{"start":{"line":285,"column":33},"end":{"line":285,"column":104}},"179":{"start":{"line":288,"column":16},"end":{"line":290,"column":18}},"180":{"start":{"line":289,"column":20},"end":{"line":289,"column":149}},"181":{"start":{"line":289,"column":33},"end":{"line":289,"column":99}},"182":{"start":{"line":292,"column":16},"end":{"line":294,"column":18}},"183":{"start":{"line":293,"column":20},"end":{"line":293,"column":134}},"184":{"start":{"line":293,"column":33},"end":{"line":293,"column":96}},"185":{"start":{"line":296,"column":16},"end":{"line":298,"column":18}},"186":{"start":{"line":297,"column":20},"end":{"line":297,"column":140}},"187":{"start":{"line":297,"column":33},"end":{"line":297,"column":99}},"188":{"start":{"line":301,"column":16},"end":{"line":303,"column":18}},"189":{"start":{"line":302,"column":20},"end":{"line":302,"column":161}},"190":{"start":{"line":302,"column":33},"end":{"line":302,"column":111}},"191":{"start":{"line":305,"column":16},"end":{"line":307,"column":18}},"192":{"start":{"line":306,"column":20},"end":{"line":306,"column":149}},"193":{"start":{"line":306,"column":33},"end":{"line":306,"column":106}},"194":{"start":{"line":309,"column":16},"end":{"line":311,"column":18}},"195":{"start":{"line":310,"column":20},"end":{"line":310,"column":141}},"196":{"start":{"line":310,"column":33},"end":{"line":310,"column":103}},"197":{"start":{"line":313,"column":16},"end":{"line":315,"column":18}},"198":{"start":{"line":314,"column":20},"end":{"line":314,"column":147}},"199":{"start":{"line":314,"column":33},"end":{"line":314,"column":106}},"200":{"start":{"line":318,"column":16},"end":{"line":320,"column":18}},"201":{"start":{"line":319,"column":20},"end":{"line":319,"column":160}},"202":{"start":{"line":319,"column":33},"end":{"line":319,"column":110}},"203":{"start":{"line":322,"column":16},"end":{"line":324,"column":18}},"204":{"start":{"line":323,"column":20},"end":{"line":323,"column":149}},"205":{"start":{"line":323,"column":33},"end":{"line":323,"column":105}},"206":{"start":{"line":326,"column":16},"end":{"line":328,"column":18}},"207":{"start":{"line":327,"column":20},"end":{"line":327,"column":140}},"208":{"start":{"line":327,"column":33},"end":{"line":327,"column":102}},"209":{"start":{"line":330,"column":16},"end":{"line":332,"column":18}},"210":{"start":{"line":331,"column":20},"end":{"line":331,"column":146}},"211":{"start":{"line":331,"column":33},"end":{"line":331,"column":105}},"212":{"start":{"line":335,"column":16},"end":{"line":337,"column":18}},"213":{"start":{"line":336,"column":20},"end":{"line":336,"column":161}},"214":{"start":{"line":336,"column":33},"end":{"line":336,"column":111}},"215":{"start":{"line":339,"column":16},"end":{"line":341,"column":18}},"216":{"start":{"line":340,"column":20},"end":{"line":340,"column":149}},"217":{"start":{"line":340,"column":33},"end":{"line":340,"column":106}},"218":{"start":{"line":343,"column":16},"end":{"line":345,"column":18}},"219":{"start":{"line":344,"column":20},"end":{"line":344,"column":141}},"220":{"start":{"line":344,"column":33},"end":{"line":344,"column":103}},"221":{"start":{"line":347,"column":16},"end":{"line":349,"column":18}},"222":{"start":{"line":348,"column":20},"end":{"line":348,"column":147}},"223":{"start":{"line":348,"column":33},"end":{"line":348,"column":106}},"224":{"start":{"line":352,"column":16},"end":{"line":354,"column":18}},"225":{"start":{"line":353,"column":20},"end":{"line":353,"column":158}},"226":{"start":{"line":353,"column":33},"end":{"line":353,"column":108}},"227":{"start":{"line":356,"column":16},"end":{"line":358,"column":18}},"228":{"start":{"line":357,"column":20},"end":{"line":357,"column":148}},"229":{"start":{"line":357,"column":33},"end":{"line":357,"column":103}},"230":{"start":{"line":360,"column":16},"end":{"line":362,"column":18}},"231":{"start":{"line":361,"column":20},"end":{"line":361,"column":138}},"232":{"start":{"line":361,"column":33},"end":{"line":361,"column":100}},"233":{"start":{"line":364,"column":16},"end":{"line":366,"column":18}},"234":{"start":{"line":365,"column":20},"end":{"line":365,"column":144}},"235":{"start":{"line":365,"column":33},"end":{"line":365,"column":103}},"236":{"start":{"line":369,"column":12},"end":{"line":780,"column":14}},"237":{"start":{"line":372,"column":16},"end":{"line":380,"column":18}},"238":{"start":{"line":374,"column":20},"end":{"line":374,"column":200}},"239":{"start":{"line":375,"column":20},"end":{"line":375,"column":189}},"240":{"start":{"line":376,"column":20},"end":{"line":376,"column":193}},"241":{"start":{"line":377,"column":20},"end":{"line":377,"column":32}},"242":{"start":{"line":378,"column":20},"end":{"line":378,"column":28}},"243":{"start":{"line":379,"column":20},"end":{"line":379,"column":86}},"244":{"start":{"line":382,"column":16},"end":{"line":423,"column":17}},"245":{"start":{"line":383,"column":20},"end":{"line":422,"column":26}},"246":{"start":{"line":385,"column":28},"end":{"line":421,"column":34}},"247":{"start":{"line":387,"column":36},"end":{"line":387,"column":71}},"248":{"start":{"line":389,"column":36},"end":{"line":389,"column":86}},"249":{"start":{"line":390,"column":66},"end":{"line":390,"column":75}},"250":{"start":{"line":392,"column":36},"end":{"line":392,"column":76}},"251":{"start":{"line":393,"column":36},"end":{"line":393,"column":82}},"252":{"start":{"line":394,"column":36},"end":{"line":394,"column":94}},"253":{"start":{"line":395,"column":36},"end":{"line":395,"column":82}},"254":{"start":{"line":396,"column":36},"end":{"line":396,"column":80}},"255":{"start":{"line":397,"column":36},"end":{"line":397,"column":80}},"256":{"start":{"line":399,"column":36},"end":{"line":399,"column":78}},"257":{"start":{"line":400,"column":36},"end":{"line":400,"column":84}},"258":{"start":{"line":401,"column":36},"end":{"line":401,"column":96}},"259":{"start":{"line":402,"column":36},"end":{"line":402,"column":84}},"260":{"start":{"line":403,"column":36},"end":{"line":403,"column":82}},"261":{"start":{"line":404,"column":36},"end":{"line":404,"column":82}},"262":{"start":{"line":406,"column":68},"end":{"line":406,"column":76}},"263":{"start":{"line":408,"column":36},"end":{"line":408,"column":78}},"264":{"start":{"line":409,"column":36},"end":{"line":409,"column":84}},"265":{"start":{"line":410,"column":36},"end":{"line":410,"column":81}},"266":{"start":{"line":411,"column":36},"end":{"line":411,"column":84}},"267":{"start":{"line":412,"column":36},"end":{"line":412,"column":82}},"268":{"start":{"line":413,"column":36},"end":{"line":413,"column":71}},"269":{"start":{"line":415,"column":36},"end":{"line":415,"column":80}},"270":{"start":{"line":416,"column":36},"end":{"line":416,"column":86}},"271":{"start":{"line":417,"column":36},"end":{"line":417,"column":79}},"272":{"start":{"line":418,"column":36},"end":{"line":418,"column":86}},"273":{"start":{"line":419,"column":36},"end":{"line":419,"column":84}},"274":{"start":{"line":420,"column":36},"end":{"line":420,"column":72}},"275":{"start":{"line":425,"column":16},"end":{"line":427,"column":18}},"276":{"start":{"line":426,"column":20},"end":{"line":426,"column":121}},"277":{"start":{"line":426,"column":33},"end":{"line":426,"column":71}},"278":{"start":{"line":429,"column":16},"end":{"line":431,"column":18}},"279":{"start":{"line":430,"column":20},"end":{"line":430,"column":112}},"280":{"start":{"line":430,"column":33},"end":{"line":430,"column":67}},"281":{"start":{"line":433,"column":16},"end":{"line":435,"column":18}},"282":{"start":{"line":434,"column":20},"end":{"line":434,"column":109}},"283":{"start":{"line":434,"column":33},"end":{"line":434,"column":65}},"284":{"start":{"line":437,"column":16},"end":{"line":439,"column":18}},"285":{"start":{"line":438,"column":20},"end":{"line":438,"column":111}},"286":{"start":{"line":438,"column":33},"end":{"line":438,"column":66}},"287":{"start":{"line":441,"column":16},"end":{"line":486,"column":17}},"288":{"start":{"line":442,"column":20},"end":{"line":484,"column":26}},"289":{"start":{"line":445,"column":28},"end":{"line":483,"column":34}},"290":{"start":{"line":448,"column":36},"end":{"line":448,"column":70}},"291":{"start":{"line":450,"column":36},"end":{"line":450,"column":85}},"292":{"start":{"line":452,"column":66},"end":{"line":452,"column":75}},"293":{"start":{"line":454,"column":36},"end":{"line":454,"column":79}},"294":{"start":{"line":455,"column":36},"end":{"line":455,"column":85}},"295":{"start":{"line":456,"column":36},"end":{"line":456,"column":97}},"296":{"start":{"line":457,"column":36},"end":{"line":457,"column":85}},"297":{"start":{"line":458,"column":36},"end":{"line":458,"column":83}},"298":{"start":{"line":459,"column":36},"end":{"line":459,"column":83}},"299":{"start":{"line":461,"column":36},"end":{"line":461,"column":78}},"300":{"start":{"line":462,"column":36},"end":{"line":462,"column":84}},"301":{"start":{"line":463,"column":36},"end":{"line":463,"column":96}},"302":{"start":{"line":464,"column":36},"end":{"line":464,"column":84}},"303":{"start":{"line":465,"column":36},"end":{"line":465,"column":82}},"304":{"start":{"line":466,"column":36},"end":{"line":466,"column":82}},"305":{"start":{"line":468,"column":68},"end":{"line":468,"column":75}},"306":{"start":{"line":470,"column":36},"end":{"line":470,"column":78}},"307":{"start":{"line":471,"column":36},"end":{"line":471,"column":84}},"308":{"start":{"line":472,"column":36},"end":{"line":472,"column":96}},"309":{"start":{"line":473,"column":36},"end":{"line":473,"column":84}},"310":{"start":{"line":474,"column":36},"end":{"line":474,"column":82}},"311":{"start":{"line":475,"column":36},"end":{"line":475,"column":82}},"312":{"start":{"line":477,"column":36},"end":{"line":477,"column":80}},"313":{"start":{"line":478,"column":36},"end":{"line":478,"column":86}},"314":{"start":{"line":479,"column":36},"end":{"line":479,"column":98}},"315":{"start":{"line":480,"column":36},"end":{"line":480,"column":86}},"316":{"start":{"line":481,"column":36},"end":{"line":481,"column":84}},"317":{"start":{"line":482,"column":36},"end":{"line":482,"column":84}},"318":{"start":{"line":488,"column":16},"end":{"line":490,"column":18}},"319":{"start":{"line":489,"column":20},"end":{"line":489,"column":140}},"320":{"start":{"line":489,"column":33},"end":{"line":489,"column":90}},"321":{"start":{"line":492,"column":16},"end":{"line":494,"column":18}},"322":{"start":{"line":493,"column":20},"end":{"line":493,"column":132}},"323":{"start":{"line":493,"column":33},"end":{"line":493,"column":87}},"324":{"start":{"line":496,"column":16},"end":{"line":498,"column":18}},"325":{"start":{"line":497,"column":20},"end":{"line":497,"column":128}},"326":{"start":{"line":497,"column":33},"end":{"line":497,"column":87}},"327":{"start":{"line":500,"column":16},"end":{"line":502,"column":18}},"328":{"start":{"line":501,"column":20},"end":{"line":501,"column":130}},"329":{"start":{"line":501,"column":33},"end":{"line":501,"column":85}},"330":{"start":{"line":505,"column":16},"end":{"line":507,"column":18}},"331":{"start":{"line":506,"column":20},"end":{"line":506,"column":143}},"332":{"start":{"line":506,"column":33},"end":{"line":506,"column":93}},"333":{"start":{"line":509,"column":16},"end":{"line":511,"column":18}},"334":{"start":{"line":510,"column":20},"end":{"line":510,"column":135}},"335":{"start":{"line":510,"column":33},"end":{"line":510,"column":90}},"336":{"start":{"line":513,"column":16},"end":{"line":515,"column":18}},"337":{"start":{"line":514,"column":20},"end":{"line":514,"column":131}},"338":{"start":{"line":514,"column":33},"end":{"line":514,"column":90}},"339":{"start":{"line":517,"column":16},"end":{"line":519,"column":18}},"340":{"start":{"line":518,"column":20},"end":{"line":518,"column":132}},"341":{"start":{"line":518,"column":33},"end":{"line":518,"column":87}},"342":{"start":{"line":522,"column":16},"end":{"line":524,"column":18}},"343":{"start":{"line":523,"column":20},"end":{"line":523,"column":128}},"344":{"start":{"line":523,"column":33},"end":{"line":523,"column":85}},"345":{"start":{"line":526,"column":16},"end":{"line":528,"column":18}},"346":{"start":{"line":527,"column":20},"end":{"line":527,"column":128}},"347":{"start":{"line":527,"column":33},"end":{"line":527,"column":83}},"348":{"start":{"line":531,"column":16},"end":{"line":533,"column":18}},"349":{"start":{"line":532,"column":20},"end":{"line":532,"column":128}},"350":{"start":{"line":532,"column":33},"end":{"line":532,"column":85}},"351":{"start":{"line":535,"column":16},"end":{"line":537,"column":18}},"352":{"start":{"line":536,"column":20},"end":{"line":536,"column":128}},"353":{"start":{"line":536,"column":33},"end":{"line":536,"column":83}},"354":{"start":{"line":539,"column":16},"end":{"line":569,"column":18}},"355":{"start":{"line":542,"column":20},"end":{"line":550,"column":22}},"356":{"start":{"line":544,"column":24},"end":{"line":544,"column":204}},"357":{"start":{"line":545,"column":24},"end":{"line":545,"column":188}},"358":{"start":{"line":547,"column":24},"end":{"line":548,"column":70}},"359":{"start":{"line":548,"column":40},"end":{"line":548,"column":69}},"360":{"start":{"line":552,"column":20},"end":{"line":568,"column":21}},"361":{"start":{"line":553,"column":24},"end":{"line":567,"column":30}},"362":{"start":{"line":555,"column":32},"end":{"line":566,"column":38}},"363":{"start":{"line":557,"column":40},"end":{"line":557,"column":65}},"364":{"start":{"line":558,"column":40},"end":{"line":558,"column":75}},"365":{"start":{"line":560,"column":40},"end":{"line":560,"column":89}},"366":{"start":{"line":561,"column":40},"end":{"line":561,"column":101}},"367":{"start":{"line":562,"column":40},"end":{"line":562,"column":87}},"368":{"start":{"line":563,"column":40},"end":{"line":563,"column":89}},"369":{"start":{"line":564,"column":40},"end":{"line":564,"column":87}},"370":{"start":{"line":565,"column":40},"end":{"line":565,"column":109}},"371":{"start":{"line":571,"column":16},"end":{"line":621,"column":18}},"372":{"start":{"line":574,"column":20},"end":{"line":580,"column":22}},"373":{"start":{"line":576,"column":24},"end":{"line":576,"column":204}},"374":{"start":{"line":577,"column":24},"end":{"line":577,"column":178}},"375":{"start":{"line":579,"column":24},"end":{"line":579,"column":73}},"376":{"start":{"line":582,"column":20},"end":{"line":602,"column":21}},"377":{"start":{"line":583,"column":24},"end":{"line":600,"column":29}},"378":{"start":{"line":585,"column":32},"end":{"line":599,"column":38}},"379":{"start":{"line":587,"column":40},"end":{"line":598,"column":46}},"380":{"start":{"line":589,"column":48},"end":{"line":589,"column":73}},"381":{"start":{"line":590,"column":48},"end":{"line":590,"column":83}},"382":{"start":{"line":592,"column":48},"end":{"line":592,"column":98}},"383":{"start":{"line":593,"column":48},"end":{"line":593,"column":110}},"384":{"start":{"line":594,"column":48},"end":{"line":594,"column":96}},"385":{"start":{"line":595,"column":48},"end":{"line":595,"column":98}},"386":{"start":{"line":596,"column":48},"end":{"line":596,"column":96}},"387":{"start":{"line":597,"column":48},"end":{"line":597,"column":118}},"388":{"start":{"line":604,"column":20},"end":{"line":606,"column":22}},"389":{"start":{"line":605,"column":24},"end":{"line":605,"column":123}},"390":{"start":{"line":605,"column":37},"end":{"line":605,"column":73}},"391":{"start":{"line":608,"column":20},"end":{"line":610,"column":22}},"392":{"start":{"line":609,"column":24},"end":{"line":609,"column":112}},"393":{"start":{"line":609,"column":37},"end":{"line":609,"column":67}},"394":{"start":{"line":612,"column":20},"end":{"line":614,"column":22}},"395":{"start":{"line":613,"column":24},"end":{"line":613,"column":107}},"396":{"start":{"line":613,"column":37},"end":{"line":613,"column":65}},"397":{"start":{"line":616,"column":20},"end":{"line":618,"column":22}},"398":{"start":{"line":617,"column":24},"end":{"line":617,"column":115}},"399":{"start":{"line":617,"column":37},"end":{"line":617,"column":69}},"400":{"start":{"line":623,"column":16},"end":{"line":682,"column":18}},"401":{"start":{"line":626,"column":20},"end":{"line":634,"column":22}},"402":{"start":{"line":628,"column":24},"end":{"line":628,"column":204}},"403":{"start":{"line":629,"column":24},"end":{"line":629,"column":185}},"404":{"start":{"line":631,"column":24},"end":{"line":632,"column":70}},"405":{"start":{"line":632,"column":40},"end":{"line":632,"column":69}},"406":{"start":{"line":636,"column":20},"end":{"line":647,"column":21}},"407":{"start":{"line":637,"column":24},"end":{"line":646,"column":30}},"408":{"start":{"line":639,"column":32},"end":{"line":639,"column":77}},"409":{"start":{"line":641,"column":55},"end":{"line":641,"column":62}},"410":{"start":{"line":643,"column":32},"end":{"line":643,"column":69}},"411":{"start":{"line":645,"column":32},"end":{"line":645,"column":71}},"412":{"start":{"line":650,"column":24},"end":{"line":652,"column":26}},"413":{"start":{"line":651,"column":28},"end":{"line":651,"column":135}},"414":{"start":{"line":651,"column":41},"end":{"line":651,"column":85}},"415":{"start":{"line":654,"column":24},"end":{"line":656,"column":26}},"416":{"start":{"line":655,"column":28},"end":{"line":655,"column":124}},"417":{"start":{"line":655,"column":41},"end":{"line":655,"column":79}},"418":{"start":{"line":658,"column":24},"end":{"line":660,"column":26}},"419":{"start":{"line":659,"column":28},"end":{"line":659,"column":119}},"420":{"start":{"line":659,"column":41},"end":{"line":659,"column":77}},"421":{"start":{"line":662,"column":24},"end":{"line":664,"column":26}},"422":{"start":{"line":663,"column":28},"end":{"line":663,"column":127}},"423":{"start":{"line":663,"column":41},"end":{"line":663,"column":81}},"424":{"start":{"line":667,"column":24},"end":{"line":669,"column":26}},"425":{"start":{"line":668,"column":28},"end":{"line":668,"column":132}},"426":{"start":{"line":668,"column":41},"end":{"line":668,"column":82}},"427":{"start":{"line":671,"column":24},"end":{"line":673,"column":26}},"428":{"start":{"line":672,"column":28},"end":{"line":672,"column":124}},"429":{"start":{"line":672,"column":41},"end":{"line":672,"column":76}},"430":{"start":{"line":675,"column":24},"end":{"line":677,"column":26}},"431":{"start":{"line":676,"column":28},"end":{"line":676,"column":116}},"432":{"start":{"line":676,"column":41},"end":{"line":676,"column":74}},"433":{"start":{"line":679,"column":24},"end":{"line":681,"column":26}},"434":{"start":{"line":680,"column":28},"end":{"line":680,"column":124}},"435":{"start":{"line":680,"column":41},"end":{"line":680,"column":78}},"436":{"start":{"line":684,"column":16},"end":{"line":753,"column":18}},"437":{"start":{"line":687,"column":20},"end":{"line":693,"column":22}},"438":{"start":{"line":689,"column":24},"end":{"line":689,"column":204}},"439":{"start":{"line":690,"column":24},"end":{"line":690,"column":192}},"440":{"start":{"line":692,"column":24},"end":{"line":692,"column":73}},"441":{"start":{"line":695,"column":20},"end":{"line":718,"column":21}},"442":{"start":{"line":696,"column":24},"end":{"line":717,"column":30}},"443":{"start":{"line":699,"column":32},"end":{"line":699,"column":77}},"444":{"start":{"line":701,"column":55},"end":{"line":701,"column":62}},"445":{"start":{"line":703,"column":32},"end":{"line":703,"column":69}},"446":{"start":{"line":705,"column":32},"end":{"line":705,"column":71}},"447":{"start":{"line":707,"column":32},"end":{"line":716,"column":38}},"448":{"start":{"line":709,"column":40},"end":{"line":715,"column":46}},"449":{"start":{"line":711,"column":48},"end":{"line":711,"column":72}},"450":{"start":{"line":712,"column":48},"end":{"line":712,"column":84}},"451":{"start":{"line":714,"column":48},"end":{"line":714,"column":92}},"452":{"start":{"line":721,"column":20},"end":{"line":723,"column":22}},"453":{"start":{"line":722,"column":24},"end":{"line":722,"column":134}},"454":{"start":{"line":722,"column":37},"end":{"line":722,"column":84}},"455":{"start":{"line":725,"column":20},"end":{"line":727,"column":22}},"456":{"start":{"line":726,"column":24},"end":{"line":726,"column":123}},"457":{"start":{"line":726,"column":37},"end":{"line":726,"column":78}},"458":{"start":{"line":729,"column":20},"end":{"line":731,"column":22}},"459":{"start":{"line":730,"column":24},"end":{"line":730,"column":118}},"460":{"start":{"line":730,"column":37},"end":{"line":730,"column":76}},"461":{"start":{"line":733,"column":20},"end":{"line":735,"column":22}},"462":{"start":{"line":734,"column":24},"end":{"line":734,"column":126}},"463":{"start":{"line":734,"column":37},"end":{"line":734,"column":80}},"464":{"start":{"line":738,"column":20},"end":{"line":740,"column":22}},"465":{"start":{"line":739,"column":24},"end":{"line":739,"column":131}},"466":{"start":{"line":739,"column":37},"end":{"line":739,"column":81}},"467":{"start":{"line":742,"column":20},"end":{"line":744,"column":22}},"468":{"start":{"line":743,"column":24},"end":{"line":743,"column":123}},"469":{"start":{"line":743,"column":37},"end":{"line":743,"column":75}},"470":{"start":{"line":746,"column":20},"end":{"line":748,"column":22}},"471":{"start":{"line":747,"column":24},"end":{"line":747,"column":115}},"472":{"start":{"line":747,"column":37},"end":{"line":747,"column":73}},"473":{"start":{"line":750,"column":20},"end":{"line":752,"column":22}},"474":{"start":{"line":751,"column":24},"end":{"line":751,"column":123}},"475":{"start":{"line":751,"column":37},"end":{"line":751,"column":77}},"476":{"start":{"line":756,"column":16},"end":{"line":778,"column":18}},"477":{"start":{"line":759,"column":20},"end":{"line":766,"column":22}},"478":{"start":{"line":761,"column":24},"end":{"line":761,"column":204}},"479":{"start":{"line":762,"column":24},"end":{"line":762,"column":188}},"480":{"start":{"line":763,"column":24},"end":{"line":763,"column":35}},"481":{"start":{"line":765,"column":24},"end":{"line":765,"column":73}},"482":{"start":{"line":768,"column":20},"end":{"line":777,"column":21}},"483":{"start":{"line":769,"column":24},"end":{"line":776,"column":30}},"484":{"start":{"line":771,"column":32},"end":{"line":775,"column":38}},"485":{"start":{"line":773,"column":40},"end":{"line":773,"column":68}},"486":{"start":{"line":774,"column":40},"end":{"line":774,"column":77}},"487":{"start":{"line":783,"column":12},"end":{"line":838,"column":14}},"488":{"start":{"line":786,"column":16},"end":{"line":791,"column":18}},"489":{"start":{"line":787,"column":20},"end":{"line":787,"column":200}},"490":{"start":{"line":788,"column":20},"end":{"line":788,"column":184}},"491":{"start":{"line":790,"column":20},"end":{"line":790,"column":69}},"492":{"start":{"line":793,"column":16},"end":{"line":803,"column":17}},"493":{"start":{"line":794,"column":20},"end":{"line":802,"column":26}},"494":{"start":{"line":796,"column":28},"end":{"line":801,"column":34}},"495":{"start":{"line":798,"column":36},"end":{"line":798,"column":61}},"496":{"start":{"line":799,"column":36},"end":{"line":799,"column":70}},"497":{"start":{"line":800,"column":36},"end":{"line":800,"column":71}},"498":{"start":{"line":806,"column":16},"end":{"line":808,"column":18}},"499":{"start":{"line":807,"column":20},"end":{"line":807,"column":127}},"500":{"start":{"line":807,"column":33},"end":{"line":807,"column":77}},"501":{"start":{"line":810,"column":16},"end":{"line":812,"column":18}},"502":{"start":{"line":811,"column":20},"end":{"line":811,"column":116}},"503":{"start":{"line":811,"column":33},"end":{"line":811,"column":71}},"504":{"start":{"line":814,"column":16},"end":{"line":816,"column":18}},"505":{"start":{"line":815,"column":20},"end":{"line":815,"column":111}},"506":{"start":{"line":815,"column":33},"end":{"line":815,"column":69}},"507":{"start":{"line":818,"column":16},"end":{"line":820,"column":18}},"508":{"start":{"line":819,"column":20},"end":{"line":819,"column":119}},"509":{"start":{"line":819,"column":33},"end":{"line":819,"column":73}},"510":{"start":{"line":823,"column":16},"end":{"line":825,"column":18}},"511":{"start":{"line":824,"column":20},"end":{"line":824,"column":124}},"512":{"start":{"line":824,"column":33},"end":{"line":824,"column":74}},"513":{"start":{"line":827,"column":16},"end":{"line":829,"column":18}},"514":{"start":{"line":828,"column":20},"end":{"line":828,"column":116}},"515":{"start":{"line":828,"column":33},"end":{"line":828,"column":68}},"516":{"start":{"line":831,"column":16},"end":{"line":833,"column":18}},"517":{"start":{"line":832,"column":20},"end":{"line":832,"column":108}},"518":{"start":{"line":832,"column":33},"end":{"line":832,"column":66}},"519":{"start":{"line":835,"column":16},"end":{"line":837,"column":18}},"520":{"start":{"line":836,"column":20},"end":{"line":836,"column":116}},"521":{"start":{"line":836,"column":33},"end":{"line":836,"column":70}},"522":{"start":{"line":843,"column":8},"end":{"line":919,"column":10}},"523":{"start":{"line":847,"column":12},"end":{"line":854,"column":14}},"524":{"start":{"line":849,"column":16},"end":{"line":849,"column":196}},"525":{"start":{"line":850,"column":16},"end":{"line":850,"column":166}},"526":{"start":{"line":851,"column":16},"end":{"line":851,"column":47}},"527":{"start":{"line":853,"column":16},"end":{"line":853,"column":65}},"528":{"start":{"line":856,"column":12},"end":{"line":866,"column":13}},"529":{"start":{"line":857,"column":16},"end":{"line":865,"column":22}},"530":{"start":{"line":859,"column":24},"end":{"line":864,"column":30}},"531":{"start":{"line":861,"column":32},"end":{"line":861,"column":90}},"532":{"start":{"line":862,"column":32},"end":{"line":862,"column":90}},"533":{"start":{"line":863,"column":32},"end":{"line":863,"column":84}},"534":{"start":{"line":869,"column":12},"end":{"line":871,"column":14}},"535":{"start":{"line":870,"column":16},"end":{"line":870,"column":128}},"536":{"start":{"line":870,"column":29},"end":{"line":870,"column":78}},"537":{"start":{"line":873,"column":12},"end":{"line":875,"column":14}},"538":{"start":{"line":874,"column":16},"end":{"line":874,"column":117}},"539":{"start":{"line":874,"column":29},"end":{"line":874,"column":72}},"540":{"start":{"line":877,"column":12},"end":{"line":879,"column":14}},"541":{"start":{"line":878,"column":16},"end":{"line":878,"column":112}},"542":{"start":{"line":878,"column":29},"end":{"line":878,"column":70}},"543":{"start":{"line":881,"column":12},"end":{"line":883,"column":14}},"544":{"start":{"line":882,"column":16},"end":{"line":882,"column":120}},"545":{"start":{"line":882,"column":29},"end":{"line":882,"column":74}},"546":{"start":{"line":886,"column":12},"end":{"line":888,"column":14}},"547":{"start":{"line":887,"column":16},"end":{"line":887,"column":125}},"548":{"start":{"line":887,"column":29},"end":{"line":887,"column":75}},"549":{"start":{"line":890,"column":12},"end":{"line":892,"column":14}},"550":{"start":{"line":891,"column":16},"end":{"line":891,"column":117}},"551":{"start":{"line":891,"column":29},"end":{"line":891,"column":69}},"552":{"start":{"line":894,"column":12},"end":{"line":896,"column":14}},"553":{"start":{"line":895,"column":16},"end":{"line":895,"column":109}},"554":{"start":{"line":895,"column":29},"end":{"line":895,"column":67}},"555":{"start":{"line":898,"column":12},"end":{"line":900,"column":14}},"556":{"start":{"line":899,"column":16},"end":{"line":899,"column":117}},"557":{"start":{"line":899,"column":29},"end":{"line":899,"column":71}},"558":{"start":{"line":903,"column":13},"end":{"line":905,"column":14}},"559":{"start":{"line":904,"column":16},"end":{"line":904,"column":131}},"560":{"start":{"line":904,"column":29},"end":{"line":904,"column":81}},"561":{"start":{"line":907,"column":12},"end":{"line":909,"column":14}},"562":{"start":{"line":908,"column":16},"end":{"line":908,"column":118}},"563":{"start":{"line":908,"column":29},"end":{"line":908,"column":75}},"564":{"start":{"line":911,"column":12},"end":{"line":913,"column":14}},"565":{"start":{"line":912,"column":16},"end":{"line":912,"column":115}},"566":{"start":{"line":912,"column":29},"end":{"line":912,"column":73}},"567":{"start":{"line":915,"column":12},"end":{"line":917,"column":14}},"568":{"start":{"line":916,"column":16},"end":{"line":916,"column":123}},"569":{"start":{"line":916,"column":29},"end":{"line":916,"column":77}},"570":{"start":{"line":922,"column":8},"end":{"line":962,"column":10}},"571":{"start":{"line":925,"column":12},"end":{"line":931,"column":14}},"572":{"start":{"line":926,"column":16},"end":{"line":926,"column":196}},"573":{"start":{"line":927,"column":16},"end":{"line":927,"column":166}},"574":{"start":{"line":928,"column":16},"end":{"line":928,"column":112}},"575":{"start":{"line":930,"column":16},"end":{"line":930,"column":81}},"576":{"start":{"line":933,"column":12},"end":{"line":945,"column":13}},"577":{"start":{"line":934,"column":16},"end":{"line":944,"column":22}},"578":{"start":{"line":936,"column":24},"end":{"line":936,"column":49}},"579":{"start":{"line":937,"column":24},"end":{"line":937,"column":59}},"580":{"start":{"line":939,"column":42},"end":{"line":939,"column":50}},"581":{"start":{"line":941,"column":24},"end":{"line":941,"column":79}},"582":{"start":{"line":942,"column":24},"end":{"line":942,"column":68}},"583":{"start":{"line":943,"column":24},"end":{"line":943,"column":65}},"584":{"start":{"line":947,"column":12},"end":{"line":949,"column":14}},"585":{"start":{"line":948,"column":16},"end":{"line":948,"column":112}},"586":{"start":{"line":948,"column":29},"end":{"line":948,"column":62}},"587":{"start":{"line":951,"column":12},"end":{"line":953,"column":14}},"588":{"start":{"line":952,"column":16},"end":{"line":952,"column":104}},"589":{"start":{"line":952,"column":29},"end":{"line":952,"column":56}},"590":{"start":{"line":955,"column":12},"end":{"line":957,"column":14}},"591":{"start":{"line":956,"column":16},"end":{"line":956,"column":96}},"592":{"start":{"line":956,"column":29},"end":{"line":956,"column":54}},"593":{"start":{"line":959,"column":12},"end":{"line":961,"column":14}},"594":{"start":{"line":960,"column":16},"end":{"line":960,"column":104}},"595":{"start":{"line":960,"column":29},"end":{"line":960,"column":58}},"596":{"start":{"line":965,"column":8},"end":{"line":1040,"column":10}},"597":{"start":{"line":968,"column":12},"end":{"line":974,"column":14}},"598":{"start":{"line":969,"column":16},"end":{"line":969,"column":196}},"599":{"start":{"line":970,"column":16},"end":{"line":970,"column":166}},"600":{"start":{"line":971,"column":16},"end":{"line":971,"column":112}},"601":{"start":{"line":973,"column":16},"end":{"line":973,"column":82}},"602":{"start":{"line":976,"column":12},"end":{"line":1004,"column":13}},"603":{"start":{"line":978,"column":16},"end":{"line":1003,"column":18}},"604":{"start":{"line":980,"column":24},"end":{"line":980,"column":49}},"605":{"start":{"line":981,"column":24},"end":{"line":981,"column":59}},"606":{"start":{"line":983,"column":43},"end":{"line":983,"column":51}},"607":{"start":{"line":985,"column":24},"end":{"line":985,"column":80}},"608":{"start":{"line":986,"column":24},"end":{"line":986,"column":69}},"609":{"start":{"line":987,"column":24},"end":{"line":987,"column":66}},"610":{"start":{"line":989,"column":24},"end":{"line":1002,"column":30}},"611":{"start":{"line":991,"column":32},"end":{"line":991,"column":59}},"612":{"start":{"line":995,"column":50},"end":{"line":995,"column":67}},"613":{"start":{"line":997,"column":32},"end":{"line":997,"column":72}},"614":{"start":{"line":999,"column":32},"end":{"line":999,"column":70}},"615":{"start":{"line":1000,"column":32},"end":{"line":1000,"column":73}},"616":{"start":{"line":1001,"column":32},"end":{"line":1001,"column":70}},"617":{"start":{"line":1007,"column":12},"end":{"line":1009,"column":14}},"618":{"start":{"line":1008,"column":16},"end":{"line":1008,"column":121}},"619":{"start":{"line":1008,"column":29},"end":{"line":1008,"column":71}},"620":{"start":{"line":1011,"column":12},"end":{"line":1013,"column":14}},"621":{"start":{"line":1012,"column":16},"end":{"line":1012,"column":110}},"622":{"start":{"line":1012,"column":29},"end":{"line":1012,"column":65}},"623":{"start":{"line":1015,"column":12},"end":{"line":1017,"column":14}},"624":{"start":{"line":1016,"column":16},"end":{"line":1016,"column":105}},"625":{"start":{"line":1016,"column":29},"end":{"line":1016,"column":63}},"626":{"start":{"line":1019,"column":12},"end":{"line":1021,"column":14}},"627":{"start":{"line":1020,"column":16},"end":{"line":1020,"column":113}},"628":{"start":{"line":1020,"column":29},"end":{"line":1020,"column":67}},"629":{"start":{"line":1024,"column":12},"end":{"line":1026,"column":14}},"630":{"start":{"line":1025,"column":16},"end":{"line":1025,"column":118}},"631":{"start":{"line":1025,"column":29},"end":{"line":1025,"column":68}},"632":{"start":{"line":1028,"column":12},"end":{"line":1030,"column":14}},"633":{"start":{"line":1029,"column":16},"end":{"line":1029,"column":110}},"634":{"start":{"line":1029,"column":29},"end":{"line":1029,"column":62}},"635":{"start":{"line":1032,"column":12},"end":{"line":1034,"column":14}},"636":{"start":{"line":1033,"column":16},"end":{"line":1033,"column":102}},"637":{"start":{"line":1033,"column":29},"end":{"line":1033,"column":60}},"638":{"start":{"line":1036,"column":12},"end":{"line":1038,"column":14}},"639":{"start":{"line":1037,"column":16},"end":{"line":1037,"column":110}},"640":{"start":{"line":1037,"column":29},"end":{"line":1037,"column":64}},"641":{"start":{"line":1042,"column":4},"end":{"line":1042,"column":38}},"642":{"start":{"line":1042,"column":16},"end":{"line":1042,"column":37}}},"fnMap":{"0":{"name":"(anonymous_0)","decl":{"start":{"line":7,"column":18},"end":{"line":7,"column":19}},"loc":{"start":{"line":7,"column":24},"end":{"line":1043,"column":1}},"line":7},"1":{"name":"(anonymous_1)","decl":{"start":{"line":8,"column":11},"end":{"line":8,"column":12}},"loc":{"start":{"line":8,"column":17},"end":{"line":8,"column":76}},"line":8},"2":{"name":"(anonymous_2)","decl":{"start":{"line":10,"column":15},"end":{"line":10,"column":16}},"loc":{"start":{"line":10,"column":21},"end":{"line":10,"column":100}},"line":10},"3":{"name":"(anonymous_3)","decl":{"start":{"line":12,"column":21},"end":{"line":12,"column":22}},"loc":{"start":{"line":12,"column":27},"end":{"line":1041,"column":5}},"line":12},"4":{"name":"(anonymous_4)","decl":{"start":{"line":13,"column":29},"end":{"line":13,"column":30}},"loc":{"start":{"line":13,"column":35},"end":{"line":134,"column":9}},"line":13},"5":{"name":"(anonymous_5)","decl":{"start":{"line":16,"column":23},"end":{"line":16,"column":24}},"loc":{"start":{"line":16,"column":29},"end":{"line":22,"column":13}},"line":16},"6":{"name":"(anonymous_6)","decl":{"start":{"line":24,"column":49},"end":{"line":24,"column":50}},"loc":{"start":{"line":24,"column":61},"end":{"line":42,"column":13}},"line":24},"7":{"name":"(anonymous_7)","decl":{"start":{"line":46,"column":48},"end":{"line":46,"column":49}},"loc":{"start":{"line":46,"column":54},"end":{"line":48,"column":13}},"line":46},"8":{"name":"(anonymous_8)","decl":{"start":{"line":47,"column":23},"end":{"line":47,"column":24}},"loc":{"start":{"line":47,"column":29},"end":{"line":47,"column":93}},"line":47},"9":{"name":"(anonymous_9)","decl":{"start":{"line":50,"column":57},"end":{"line":50,"column":58}},"loc":{"start":{"line":50,"column":63},"end":{"line":52,"column":13}},"line":50},"10":{"name":"(anonymous_10)","decl":{"start":{"line":51,"column":23},"end":{"line":51,"column":24}},"loc":{"start":{"line":51,"column":29},"end":{"line":51,"column":88}},"line":51},"11":{"name":"(anonymous_11)","decl":{"start":{"line":54,"column":64},"end":{"line":54,"column":65}},"loc":{"start":{"line":54,"column":70},"end":{"line":56,"column":13}},"line":54},"12":{"name":"(anonymous_12)","decl":{"start":{"line":55,"column":23},"end":{"line":55,"column":24}},"loc":{"start":{"line":55,"column":29},"end":{"line":55,"column":85}},"line":55},"13":{"name":"(anonymous_13)","decl":{"start":{"line":58,"column":65},"end":{"line":58,"column":66}},"loc":{"start":{"line":58,"column":71},"end":{"line":60,"column":13}},"line":58},"14":{"name":"(anonymous_14)","decl":{"start":{"line":59,"column":23},"end":{"line":59,"column":24}},"loc":{"start":{"line":59,"column":29},"end":{"line":59,"column":89}},"line":59},"15":{"name":"(anonymous_15)","decl":{"start":{"line":64,"column":51},"end":{"line":64,"column":52}},"loc":{"start":{"line":64,"column":57},"end":{"line":66,"column":13}},"line":64},"16":{"name":"(anonymous_16)","decl":{"start":{"line":65,"column":23},"end":{"line":65,"column":24}},"loc":{"start":{"line":65,"column":29},"end":{"line":65,"column":90}},"line":65},"17":{"name":"(anonymous_17)","decl":{"start":{"line":68,"column":56},"end":{"line":68,"column":57}},"loc":{"start":{"line":68,"column":62},"end":{"line":70,"column":13}},"line":68},"18":{"name":"(anonymous_18)","decl":{"start":{"line":69,"column":23},"end":{"line":69,"column":24}},"loc":{"start":{"line":69,"column":29},"end":{"line":69,"column":85}},"line":69},"19":{"name":"(anonymous_19)","decl":{"start":{"line":72,"column":63},"end":{"line":72,"column":64}},"loc":{"start":{"line":72,"column":69},"end":{"line":74,"column":13}},"line":72},"20":{"name":"(anonymous_20)","decl":{"start":{"line":73,"column":23},"end":{"line":73,"column":24}},"loc":{"start":{"line":73,"column":29},"end":{"line":73,"column":82}},"line":73},"21":{"name":"(anonymous_21)","decl":{"start":{"line":76,"column":64},"end":{"line":76,"column":65}},"loc":{"start":{"line":76,"column":70},"end":{"line":78,"column":13}},"line":76},"22":{"name":"(anonymous_22)","decl":{"start":{"line":77,"column":23},"end":{"line":77,"column":24}},"loc":{"start":{"line":77,"column":29},"end":{"line":77,"column":86}},"line":77},"23":{"name":"(anonymous_23)","decl":{"start":{"line":82,"column":48},"end":{"line":82,"column":49}},"loc":{"start":{"line":82,"column":54},"end":{"line":84,"column":13}},"line":82},"24":{"name":"(anonymous_24)","decl":{"start":{"line":83,"column":23},"end":{"line":83,"column":24}},"loc":{"start":{"line":83,"column":29},"end":{"line":83,"column":93}},"line":83},"25":{"name":"(anonymous_25)","decl":{"start":{"line":86,"column":53},"end":{"line":86,"column":54}},"loc":{"start":{"line":86,"column":59},"end":{"line":88,"column":13}},"line":86},"26":{"name":"(anonymous_26)","decl":{"start":{"line":87,"column":23},"end":{"line":87,"column":24}},"loc":{"start":{"line":87,"column":29},"end":{"line":87,"column":88}},"line":87},"27":{"name":"(anonymous_27)","decl":{"start":{"line":90,"column":60},"end":{"line":90,"column":61}},"loc":{"start":{"line":90,"column":66},"end":{"line":92,"column":13}},"line":90},"28":{"name":"(anonymous_28)","decl":{"start":{"line":91,"column":23},"end":{"line":91,"column":24}},"loc":{"start":{"line":91,"column":29},"end":{"line":91,"column":85}},"line":91},"29":{"name":"(anonymous_29)","decl":{"start":{"line":94,"column":61},"end":{"line":94,"column":62}},"loc":{"start":{"line":94,"column":67},"end":{"line":96,"column":13}},"line":94},"30":{"name":"(anonymous_30)","decl":{"start":{"line":95,"column":23},"end":{"line":95,"column":24}},"loc":{"start":{"line":95,"column":29},"end":{"line":95,"column":89}},"line":95},"31":{"name":"(anonymous_31)","decl":{"start":{"line":100,"column":52},"end":{"line":100,"column":53}},"loc":{"start":{"line":100,"column":58},"end":{"line":102,"column":13}},"line":100},"32":{"name":"(anonymous_32)","decl":{"start":{"line":101,"column":23},"end":{"line":101,"column":24}},"loc":{"start":{"line":101,"column":29},"end":{"line":101,"column":89}},"line":101},"33":{"name":"(anonymous_33)","decl":{"start":{"line":104,"column":57},"end":{"line":104,"column":58}},"loc":{"start":{"line":104,"column":63},"end":{"line":106,"column":13}},"line":104},"34":{"name":"(anonymous_34)","decl":{"start":{"line":105,"column":23},"end":{"line":105,"column":24}},"loc":{"start":{"line":105,"column":29},"end":{"line":105,"column":84}},"line":105},"35":{"name":"(anonymous_35)","decl":{"start":{"line":108,"column":64},"end":{"line":108,"column":65}},"loc":{"start":{"line":108,"column":70},"end":{"line":110,"column":13}},"line":108},"36":{"name":"(anonymous_36)","decl":{"start":{"line":109,"column":23},"end":{"line":109,"column":24}},"loc":{"start":{"line":109,"column":29},"end":{"line":109,"column":81}},"line":109},"37":{"name":"(anonymous_37)","decl":{"start":{"line":112,"column":65},"end":{"line":112,"column":66}},"loc":{"start":{"line":112,"column":71},"end":{"line":114,"column":13}},"line":112},"38":{"name":"(anonymous_38)","decl":{"start":{"line":113,"column":23},"end":{"line":113,"column":24}},"loc":{"start":{"line":113,"column":29},"end":{"line":113,"column":84}},"line":113},"39":{"name":"(anonymous_39)","decl":{"start":{"line":118,"column":52},"end":{"line":118,"column":53}},"loc":{"start":{"line":118,"column":58},"end":{"line":120,"column":13}},"line":118},"40":{"name":"(anonymous_40)","decl":{"start":{"line":119,"column":23},"end":{"line":119,"column":24}},"loc":{"start":{"line":119,"column":29},"end":{"line":119,"column":89}},"line":119},"41":{"name":"(anonymous_41)","decl":{"start":{"line":122,"column":57},"end":{"line":122,"column":58}},"loc":{"start":{"line":122,"column":63},"end":{"line":124,"column":13}},"line":122},"42":{"name":"(anonymous_42)","decl":{"start":{"line":123,"column":23},"end":{"line":123,"column":24}},"loc":{"start":{"line":123,"column":29},"end":{"line":123,"column":84}},"line":123},"43":{"name":"(anonymous_43)","decl":{"start":{"line":126,"column":64},"end":{"line":126,"column":65}},"loc":{"start":{"line":126,"column":70},"end":{"line":128,"column":13}},"line":126},"44":{"name":"(anonymous_44)","decl":{"start":{"line":127,"column":23},"end":{"line":127,"column":24}},"loc":{"start":{"line":127,"column":29},"end":{"line":127,"column":82}},"line":127},"45":{"name":"(anonymous_45)","decl":{"start":{"line":130,"column":65},"end":{"line":130,"column":66}},"loc":{"start":{"line":130,"column":71},"end":{"line":132,"column":13}},"line":130},"46":{"name":"(anonymous_46)","decl":{"start":{"line":131,"column":23},"end":{"line":131,"column":24}},"loc":{"start":{"line":131,"column":29},"end":{"line":131,"column":85}},"line":131},"47":{"name":"(anonymous_47)","decl":{"start":{"line":136,"column":33},"end":{"line":136,"column":34}},"loc":{"start":{"line":136,"column":39},"end":{"line":196,"column":9}},"line":136},"48":{"name":"(anonymous_48)","decl":{"start":{"line":138,"column":23},"end":{"line":138,"column":24}},"loc":{"start":{"line":138,"column":29},"end":{"line":142,"column":13}},"line":138},"49":{"name":"(anonymous_49)","decl":{"start":{"line":144,"column":61},"end":{"line":144,"column":62}},"loc":{"start":{"line":144,"column":67},"end":{"line":159,"column":13}},"line":144},"50":{"name":"(anonymous_50)","decl":{"start":{"line":148,"column":26},"end":{"line":148,"column":27}},"loc":{"start":{"line":148,"column":32},"end":{"line":158,"column":21}},"line":148},"51":{"name":"(anonymous_51)","decl":{"start":{"line":153,"column":34},"end":{"line":153,"column":35}},"loc":{"start":{"line":153,"column":44},"end":{"line":157,"column":29}},"line":153},"52":{"name":"(anonymous_52)","decl":{"start":{"line":163,"column":52},"end":{"line":163,"column":53}},"loc":{"start":{"line":163,"column":58},"end":{"line":165,"column":13}},"line":163},"53":{"name":"(anonymous_53)","decl":{"start":{"line":164,"column":23},"end":{"line":164,"column":24}},"loc":{"start":{"line":164,"column":29},"end":{"line":164,"column":77}},"line":164},"54":{"name":"(anonymous_54)","decl":{"start":{"line":167,"column":57},"end":{"line":167,"column":58}},"loc":{"start":{"line":167,"column":63},"end":{"line":169,"column":13}},"line":167},"55":{"name":"(anonymous_55)","decl":{"start":{"line":168,"column":23},"end":{"line":168,"column":24}},"loc":{"start":{"line":168,"column":29},"end":{"line":168,"column":73}},"line":168},"56":{"name":"(anonymous_56)","decl":{"start":{"line":171,"column":64},"end":{"line":171,"column":65}},"loc":{"start":{"line":171,"column":70},"end":{"line":173,"column":13}},"line":171},"57":{"name":"(anonymous_57)","decl":{"start":{"line":172,"column":23},"end":{"line":172,"column":24}},"loc":{"start":{"line":172,"column":29},"end":{"line":172,"column":69}},"line":172},"58":{"name":"(anonymous_58)","decl":{"start":{"line":175,"column":65},"end":{"line":175,"column":66}},"loc":{"start":{"line":175,"column":71},"end":{"line":177,"column":13}},"line":175},"59":{"name":"(anonymous_59)","decl":{"start":{"line":176,"column":23},"end":{"line":176,"column":24}},"loc":{"start":{"line":176,"column":29},"end":{"line":176,"column":72}},"line":176},"60":{"name":"(anonymous_60)","decl":{"start":{"line":181,"column":52},"end":{"line":181,"column":53}},"loc":{"start":{"line":181,"column":58},"end":{"line":183,"column":13}},"line":181},"61":{"name":"(anonymous_61)","decl":{"start":{"line":182,"column":23},"end":{"line":182,"column":24}},"loc":{"start":{"line":182,"column":29},"end":{"line":182,"column":77}},"line":182},"62":{"name":"(anonymous_62)","decl":{"start":{"line":185,"column":57},"end":{"line":185,"column":58}},"loc":{"start":{"line":185,"column":63},"end":{"line":187,"column":13}},"line":185},"63":{"name":"(anonymous_63)","decl":{"start":{"line":186,"column":23},"end":{"line":186,"column":24}},"loc":{"start":{"line":186,"column":29},"end":{"line":186,"column":73}},"line":186},"64":{"name":"(anonymous_64)","decl":{"start":{"line":189,"column":64},"end":{"line":189,"column":65}},"loc":{"start":{"line":189,"column":70},"end":{"line":191,"column":13}},"line":189},"65":{"name":"(anonymous_65)","decl":{"start":{"line":190,"column":23},"end":{"line":190,"column":24}},"loc":{"start":{"line":190,"column":29},"end":{"line":190,"column":69}},"line":190},"66":{"name":"(anonymous_66)","decl":{"start":{"line":193,"column":65},"end":{"line":193,"column":66}},"loc":{"start":{"line":193,"column":71},"end":{"line":195,"column":13}},"line":193},"67":{"name":"(anonymous_67)","decl":{"start":{"line":194,"column":23},"end":{"line":194,"column":24}},"loc":{"start":{"line":194,"column":29},"end":{"line":194,"column":72}},"line":194},"68":{"name":"(anonymous_68)","decl":{"start":{"line":198,"column":36},"end":{"line":198,"column":37}},"loc":{"start":{"line":198,"column":42},"end":{"line":217,"column":9}},"line":198},"69":{"name":"(anonymous_69)","decl":{"start":{"line":201,"column":23},"end":{"line":201,"column":24}},"loc":{"start":{"line":201,"column":29},"end":{"line":205,"column":13}},"line":201},"70":{"name":"(anonymous_70)","decl":{"start":{"line":207,"column":49},"end":{"line":207,"column":50}},"loc":{"start":{"line":207,"column":61},"end":{"line":216,"column":13}},"line":207},"71":{"name":"(anonymous_71)","decl":{"start":{"line":219,"column":29},"end":{"line":219,"column":30}},"loc":{"start":{"line":219,"column":35},"end":{"line":841,"column":9}},"line":219},"72":{"name":"(anonymous_72)","decl":{"start":{"line":220,"column":31},"end":{"line":220,"column":32}},"loc":{"start":{"line":220,"column":37},"end":{"line":367,"column":13}},"line":220},"73":{"name":"(anonymous_73)","decl":{"start":{"line":223,"column":27},"end":{"line":223,"column":28}},"loc":{"start":{"line":223,"column":33},"end":{"line":234,"column":17}},"line":223},"74":{"name":"(anonymous_74)","decl":{"start":{"line":236,"column":52},"end":{"line":236,"column":53}},"loc":{"start":{"line":236,"column":64},"end":{"line":264,"column":17}},"line":236},"75":{"name":"(anonymous_75)","decl":{"start":{"line":267,"column":54},"end":{"line":267,"column":55}},"loc":{"start":{"line":267,"column":60},"end":{"line":269,"column":17}},"line":267},"76":{"name":"(anonymous_76)","decl":{"start":{"line":268,"column":27},"end":{"line":268,"column":28}},"loc":{"start":{"line":268,"column":33},"end":{"line":268,"column":110}},"line":268},"77":{"name":"(anonymous_77)","decl":{"start":{"line":271,"column":58},"end":{"line":271,"column":59}},"loc":{"start":{"line":271,"column":64},"end":{"line":273,"column":17}},"line":271},"78":{"name":"(anonymous_78)","decl":{"start":{"line":272,"column":27},"end":{"line":272,"column":28}},"loc":{"start":{"line":272,"column":33},"end":{"line":272,"column":105}},"line":272},"79":{"name":"(anonymous_79)","decl":{"start":{"line":275,"column":65},"end":{"line":275,"column":66}},"loc":{"start":{"line":275,"column":71},"end":{"line":277,"column":17}},"line":275},"80":{"name":"(anonymous_80)","decl":{"start":{"line":276,"column":27},"end":{"line":276,"column":28}},"loc":{"start":{"line":276,"column":33},"end":{"line":276,"column":102}},"line":276},"81":{"name":"(anonymous_81)","decl":{"start":{"line":279,"column":66},"end":{"line":279,"column":67}},"loc":{"start":{"line":279,"column":72},"end":{"line":281,"column":17}},"line":279},"82":{"name":"(anonymous_82)","decl":{"start":{"line":280,"column":27},"end":{"line":280,"column":28}},"loc":{"start":{"line":280,"column":33},"end":{"line":280,"column":105}},"line":280},"83":{"name":"(anonymous_83)","decl":{"start":{"line":284,"column":60},"end":{"line":284,"column":61}},"loc":{"start":{"line":284,"column":66},"end":{"line":286,"column":17}},"line":284},"84":{"name":"(anonymous_84)","decl":{"start":{"line":285,"column":27},"end":{"line":285,"column":28}},"loc":{"start":{"line":285,"column":33},"end":{"line":285,"column":104}},"line":285},"85":{"name":"(anonymous_85)","decl":{"start":{"line":288,"column":64},"end":{"line":288,"column":65}},"loc":{"start":{"line":288,"column":70},"end":{"line":290,"column":17}},"line":288},"86":{"name":"(anonymous_86)","decl":{"start":{"line":289,"column":27},"end":{"line":289,"column":28}},"loc":{"start":{"line":289,"column":33},"end":{"line":289,"column":99}},"line":289},"87":{"name":"(anonymous_87)","decl":{"start":{"line":292,"column":71},"end":{"line":292,"column":72}},"loc":{"start":{"line":292,"column":77},"end":{"line":294,"column":17}},"line":292},"88":{"name":"(anonymous_88)","decl":{"start":{"line":293,"column":27},"end":{"line":293,"column":28}},"loc":{"start":{"line":293,"column":33},"end":{"line":293,"column":96}},"line":293},"89":{"name":"(anonymous_89)","decl":{"start":{"line":296,"column":72},"end":{"line":296,"column":73}},"loc":{"start":{"line":296,"column":78},"end":{"line":298,"column":17}},"line":296},"90":{"name":"(anonymous_90)","decl":{"start":{"line":297,"column":27},"end":{"line":297,"column":28}},"loc":{"start":{"line":297,"column":33},"end":{"line":297,"column":99}},"line":297},"91":{"name":"(anonymous_91)","decl":{"start":{"line":301,"column":53},"end":{"line":301,"column":54}},"loc":{"start":{"line":301,"column":59},"end":{"line":303,"column":17}},"line":301},"92":{"name":"(anonymous_92)","decl":{"start":{"line":302,"column":27},"end":{"line":302,"column":28}},"loc":{"start":{"line":302,"column":33},"end":{"line":302,"column":111}},"line":302},"93":{"name":"(anonymous_93)","decl":{"start":{"line":305,"column":57},"end":{"line":305,"column":58}},"loc":{"start":{"line":305,"column":63},"end":{"line":307,"column":17}},"line":305},"94":{"name":"(anonymous_94)","decl":{"start":{"line":306,"column":27},"end":{"line":306,"column":28}},"loc":{"start":{"line":306,"column":33},"end":{"line":306,"column":106}},"line":306},"95":{"name":"(anonymous_95)","decl":{"start":{"line":309,"column":64},"end":{"line":309,"column":65}},"loc":{"start":{"line":309,"column":70},"end":{"line":311,"column":17}},"line":309},"96":{"name":"(anonymous_96)","decl":{"start":{"line":310,"column":27},"end":{"line":310,"column":28}},"loc":{"start":{"line":310,"column":33},"end":{"line":310,"column":103}},"line":310},"97":{"name":"(anonymous_97)","decl":{"start":{"line":313,"column":65},"end":{"line":313,"column":66}},"loc":{"start":{"line":313,"column":71},"end":{"line":315,"column":17}},"line":313},"98":{"name":"(anonymous_98)","decl":{"start":{"line":314,"column":27},"end":{"line":314,"column":28}},"loc":{"start":{"line":314,"column":33},"end":{"line":314,"column":106}},"line":314},"99":{"name":"(anonymous_99)","decl":{"start":{"line":318,"column":54},"end":{"line":318,"column":55}},"loc":{"start":{"line":318,"column":60},"end":{"line":320,"column":17}},"line":318},"100":{"name":"(anonymous_100)","decl":{"start":{"line":319,"column":27},"end":{"line":319,"column":28}},"loc":{"start":{"line":319,"column":33},"end":{"line":319,"column":110}},"line":319},"101":{"name":"(anonymous_101)","decl":{"start":{"line":322,"column":58},"end":{"line":322,"column":59}},"loc":{"start":{"line":322,"column":64},"end":{"line":324,"column":17}},"line":322},"102":{"name":"(anonymous_102)","decl":{"start":{"line":323,"column":27},"end":{"line":323,"column":28}},"loc":{"start":{"line":323,"column":33},"end":{"line":323,"column":105}},"line":323},"103":{"name":"(anonymous_103)","decl":{"start":{"line":326,"column":65},"end":{"line":326,"column":66}},"loc":{"start":{"line":326,"column":71},"end":{"line":328,"column":17}},"line":326},"104":{"name":"(anonymous_104)","decl":{"start":{"line":327,"column":27},"end":{"line":327,"column":28}},"loc":{"start":{"line":327,"column":33},"end":{"line":327,"column":102}},"line":327},"105":{"name":"(anonymous_105)","decl":{"start":{"line":330,"column":66},"end":{"line":330,"column":67}},"loc":{"start":{"line":330,"column":72},"end":{"line":332,"column":17}},"line":330},"106":{"name":"(anonymous_106)","decl":{"start":{"line":331,"column":27},"end":{"line":331,"column":28}},"loc":{"start":{"line":331,"column":33},"end":{"line":331,"column":105}},"line":331},"107":{"name":"(anonymous_107)","decl":{"start":{"line":335,"column":53},"end":{"line":335,"column":54}},"loc":{"start":{"line":335,"column":59},"end":{"line":337,"column":17}},"line":335},"108":{"name":"(anonymous_108)","decl":{"start":{"line":336,"column":27},"end":{"line":336,"column":28}},"loc":{"start":{"line":336,"column":33},"end":{"line":336,"column":111}},"line":336},"109":{"name":"(anonymous_109)","decl":{"start":{"line":339,"column":57},"end":{"line":339,"column":58}},"loc":{"start":{"line":339,"column":63},"end":{"line":341,"column":17}},"line":339},"110":{"name":"(anonymous_110)","decl":{"start":{"line":340,"column":27},"end":{"line":340,"column":28}},"loc":{"start":{"line":340,"column":33},"end":{"line":340,"column":106}},"line":340},"111":{"name":"(anonymous_111)","decl":{"start":{"line":343,"column":64},"end":{"line":343,"column":65}},"loc":{"start":{"line":343,"column":70},"end":{"line":345,"column":17}},"line":343},"112":{"name":"(anonymous_112)","decl":{"start":{"line":344,"column":27},"end":{"line":344,"column":28}},"loc":{"start":{"line":344,"column":33},"end":{"line":344,"column":103}},"line":344},"113":{"name":"(anonymous_113)","decl":{"start":{"line":347,"column":65},"end":{"line":347,"column":66}},"loc":{"start":{"line":347,"column":71},"end":{"line":349,"column":17}},"line":347},"114":{"name":"(anonymous_114)","decl":{"start":{"line":348,"column":27},"end":{"line":348,"column":28}},"loc":{"start":{"line":348,"column":33},"end":{"line":348,"column":106}},"line":348},"115":{"name":"(anonymous_115)","decl":{"start":{"line":352,"column":55},"end":{"line":352,"column":56}},"loc":{"start":{"line":352,"column":61},"end":{"line":354,"column":17}},"line":352},"116":{"name":"(anonymous_116)","decl":{"start":{"line":353,"column":27},"end":{"line":353,"column":28}},"loc":{"start":{"line":353,"column":33},"end":{"line":353,"column":108}},"line":353},"117":{"name":"(anonymous_117)","decl":{"start":{"line":356,"column":59},"end":{"line":356,"column":60}},"loc":{"start":{"line":356,"column":65},"end":{"line":358,"column":17}},"line":356},"118":{"name":"(anonymous_118)","decl":{"start":{"line":357,"column":27},"end":{"line":357,"column":28}},"loc":{"start":{"line":357,"column":33},"end":{"line":357,"column":103}},"line":357},"119":{"name":"(anonymous_119)","decl":{"start":{"line":360,"column":66},"end":{"line":360,"column":67}},"loc":{"start":{"line":360,"column":72},"end":{"line":362,"column":17}},"line":360},"120":{"name":"(anonymous_120)","decl":{"start":{"line":361,"column":27},"end":{"line":361,"column":28}},"loc":{"start":{"line":361,"column":33},"end":{"line":361,"column":100}},"line":361},"121":{"name":"(anonymous_121)","decl":{"start":{"line":364,"column":67},"end":{"line":364,"column":68}},"loc":{"start":{"line":364,"column":73},"end":{"line":366,"column":17}},"line":364},"122":{"name":"(anonymous_122)","decl":{"start":{"line":365,"column":27},"end":{"line":365,"column":28}},"loc":{"start":{"line":365,"column":33},"end":{"line":365,"column":103}},"line":365},"123":{"name":"(anonymous_123)","decl":{"start":{"line":369,"column":29},"end":{"line":369,"column":30}},"loc":{"start":{"line":369,"column":35},"end":{"line":780,"column":13}},"line":369},"124":{"name":"(anonymous_124)","decl":{"start":{"line":372,"column":27},"end":{"line":372,"column":28}},"loc":{"start":{"line":372,"column":33},"end":{"line":380,"column":17}},"line":372},"125":{"name":"(anonymous_125)","decl":{"start":{"line":382,"column":74},"end":{"line":382,"column":75}},"loc":{"start":{"line":383,"column":20},"end":{"line":422,"column":26}},"line":383},"126":{"name":"(anonymous_126)","decl":{"start":{"line":384,"column":30},"end":{"line":384,"column":31}},"loc":{"start":{"line":384,"column":42},"end":{"line":422,"column":25}},"line":384},"127":{"name":"(anonymous_127)","decl":{"start":{"line":386,"column":38},"end":{"line":386,"column":39}},"loc":{"start":{"line":386,"column":51},"end":{"line":421,"column":33}},"line":386},"128":{"name":"(anonymous_128)","decl":{"start":{"line":425,"column":74},"end":{"line":425,"column":75}},"loc":{"start":{"line":425,"column":80},"end":{"line":427,"column":17}},"line":425},"129":{"name":"(anonymous_129)","decl":{"start":{"line":426,"column":27},"end":{"line":426,"column":28}},"loc":{"start":{"line":426,"column":33},"end":{"line":426,"column":71}},"line":426},"130":{"name":"(anonymous_130)","decl":{"start":{"line":429,"column":79},"end":{"line":429,"column":80}},"loc":{"start":{"line":429,"column":85},"end":{"line":431,"column":17}},"line":429},"131":{"name":"(anonymous_131)","decl":{"start":{"line":430,"column":27},"end":{"line":430,"column":28}},"loc":{"start":{"line":430,"column":33},"end":{"line":430,"column":67}},"line":430},"132":{"name":"(anonymous_132)","decl":{"start":{"line":433,"column":71},"end":{"line":433,"column":72}},"loc":{"start":{"line":433,"column":77},"end":{"line":435,"column":17}},"line":433},"133":{"name":"(anonymous_133)","decl":{"start":{"line":434,"column":27},"end":{"line":434,"column":28}},"loc":{"start":{"line":434,"column":33},"end":{"line":434,"column":65}},"line":434},"134":{"name":"(anonymous_134)","decl":{"start":{"line":437,"column":72},"end":{"line":437,"column":73}},"loc":{"start":{"line":437,"column":78},"end":{"line":439,"column":17}},"line":437},"135":{"name":"(anonymous_135)","decl":{"start":{"line":438,"column":27},"end":{"line":438,"column":28}},"loc":{"start":{"line":438,"column":33},"end":{"line":438,"column":66}},"line":438},"136":{"name":"(anonymous_136)","decl":{"start":{"line":441,"column":64},"end":{"line":441,"column":65}},"loc":{"start":{"line":442,"column":20},"end":{"line":484,"column":26}},"line":442},"137":{"name":"(anonymous_137)","decl":{"start":{"line":443,"column":30},"end":{"line":443,"column":31}},"loc":{"start":{"line":443,"column":41},"end":{"line":484,"column":25}},"line":443},"138":{"name":"(anonymous_138)","decl":{"start":{"line":446,"column":38},"end":{"line":446,"column":39}},"loc":{"start":{"line":446,"column":51},"end":{"line":483,"column":33}},"line":446},"139":{"name":"(anonymous_139)","decl":{"start":{"line":488,"column":70},"end":{"line":488,"column":71}},"loc":{"start":{"line":488,"column":76},"end":{"line":490,"column":17}},"line":488},"140":{"name":"(anonymous_140)","decl":{"start":{"line":489,"column":27},"end":{"line":489,"column":28}},"loc":{"start":{"line":489,"column":33},"end":{"line":489,"column":90}},"line":489},"141":{"name":"(anonymous_141)","decl":{"start":{"line":492,"column":67},"end":{"line":492,"column":68}},"loc":{"start":{"line":492,"column":73},"end":{"line":494,"column":17}},"line":492},"142":{"name":"(anonymous_142)","decl":{"start":{"line":493,"column":27},"end":{"line":493,"column":28}},"loc":{"start":{"line":493,"column":33},"end":{"line":493,"column":87}},"line":493},"143":{"name":"(anonymous_143)","decl":{"start":{"line":496,"column":75},"end":{"line":496,"column":76}},"loc":{"start":{"line":496,"column":81},"end":{"line":498,"column":17}},"line":496},"144":{"name":"(anonymous_144)","decl":{"start":{"line":497,"column":27},"end":{"line":497,"column":28}},"loc":{"start":{"line":497,"column":33},"end":{"line":497,"column":87}},"line":497},"145":{"name":"(anonymous_145)","decl":{"start":{"line":500,"column":67},"end":{"line":500,"column":68}},"loc":{"start":{"line":500,"column":73},"end":{"line":502,"column":17}},"line":500},"146":{"name":"(anonymous_146)","decl":{"start":{"line":501,"column":27},"end":{"line":501,"column":28}},"loc":{"start":{"line":501,"column":33},"end":{"line":501,"column":85}},"line":501},"147":{"name":"(anonymous_147)","decl":{"start":{"line":505,"column":70},"end":{"line":505,"column":71}},"loc":{"start":{"line":505,"column":76},"end":{"line":507,"column":17}},"line":505},"148":{"name":"(anonymous_148)","decl":{"start":{"line":506,"column":27},"end":{"line":506,"column":28}},"loc":{"start":{"line":506,"column":33},"end":{"line":506,"column":93}},"line":506},"149":{"name":"(anonymous_149)","decl":{"start":{"line":509,"column":67},"end":{"line":509,"column":68}},"loc":{"start":{"line":509,"column":73},"end":{"line":511,"column":17}},"line":509},"150":{"name":"(anonymous_150)","decl":{"start":{"line":510,"column":27},"end":{"line":510,"column":28}},"loc":{"start":{"line":510,"column":33},"end":{"line":510,"column":90}},"line":510},"151":{"name":"(anonymous_151)","decl":{"start":{"line":513,"column":75},"end":{"line":513,"column":76}},"loc":{"start":{"line":513,"column":81},"end":{"line":515,"column":17}},"line":513},"152":{"name":"(anonymous_152)","decl":{"start":{"line":514,"column":27},"end":{"line":514,"column":28}},"loc":{"start":{"line":514,"column":33},"end":{"line":514,"column":90}},"line":514},"153":{"name":"(anonymous_153)","decl":{"start":{"line":517,"column":67},"end":{"line":517,"column":68}},"loc":{"start":{"line":517,"column":73},"end":{"line":519,"column":17}},"line":517},"154":{"name":"(anonymous_154)","decl":{"start":{"line":518,"column":27},"end":{"line":518,"column":28}},"loc":{"start":{"line":518,"column":33},"end":{"line":518,"column":87}},"line":518},"155":{"name":"(anonymous_155)","decl":{"start":{"line":522,"column":75},"end":{"line":522,"column":76}},"loc":{"start":{"line":522,"column":81},"end":{"line":524,"column":17}},"line":522},"156":{"name":"(anonymous_156)","decl":{"start":{"line":523,"column":27},"end":{"line":523,"column":28}},"loc":{"start":{"line":523,"column":33},"end":{"line":523,"column":85}},"line":523},"157":{"name":"(anonymous_157)","decl":{"start":{"line":526,"column":67},"end":{"line":526,"column":68}},"loc":{"start":{"line":526,"column":73},"end":{"line":528,"column":17}},"line":526},"158":{"name":"(anonymous_158)","decl":{"start":{"line":527,"column":27},"end":{"line":527,"column":28}},"loc":{"start":{"line":527,"column":33},"end":{"line":527,"column":83}},"line":527},"159":{"name":"(anonymous_159)","decl":{"start":{"line":531,"column":75},"end":{"line":531,"column":76}},"loc":{"start":{"line":531,"column":81},"end":{"line":533,"column":17}},"line":531},"160":{"name":"(anonymous_160)","decl":{"start":{"line":532,"column":27},"end":{"line":532,"column":28}},"loc":{"start":{"line":532,"column":33},"end":{"line":532,"column":85}},"line":532},"161":{"name":"(anonymous_161)","decl":{"start":{"line":535,"column":67},"end":{"line":535,"column":68}},"loc":{"start":{"line":535,"column":73},"end":{"line":537,"column":17}},"line":535},"162":{"name":"(anonymous_162)","decl":{"start":{"line":536,"column":27},"end":{"line":536,"column":28}},"loc":{"start":{"line":536,"column":33},"end":{"line":536,"column":83}},"line":536},"163":{"name":"(anonymous_163)","decl":{"start":{"line":539,"column":57},"end":{"line":539,"column":58}},"loc":{"start":{"line":539,"column":63},"end":{"line":569,"column":17}},"line":539},"164":{"name":"(anonymous_164)","decl":{"start":{"line":542,"column":31},"end":{"line":542,"column":32}},"loc":{"start":{"line":542,"column":37},"end":{"line":550,"column":21}},"line":542},"165":{"name":"(anonymous_165)","decl":{"start":{"line":548,"column":34},"end":{"line":548,"column":35}},"loc":{"start":{"line":548,"column":40},"end":{"line":548,"column":69}},"line":548},"166":{"name":"(anonymous_166)","decl":{"start":{"line":552,"column":80},"end":{"line":552,"column":81}},"loc":{"start":{"line":553,"column":24},"end":{"line":567,"column":30}},"line":553},"167":{"name":"(anonymous_167)","decl":{"start":{"line":554,"column":34},"end":{"line":554,"column":35}},"loc":{"start":{"line":554,"column":45},"end":{"line":567,"column":29}},"line":554},"168":{"name":"(anonymous_168)","decl":{"start":{"line":556,"column":42},"end":{"line":556,"column":43}},"loc":{"start":{"line":556,"column":54},"end":{"line":566,"column":37}},"line":556},"169":{"name":"(anonymous_169)","decl":{"start":{"line":571,"column":54},"end":{"line":571,"column":55}},"loc":{"start":{"line":571,"column":60},"end":{"line":621,"column":17}},"line":571},"170":{"name":"(anonymous_170)","decl":{"start":{"line":574,"column":31},"end":{"line":574,"column":32}},"loc":{"start":{"line":574,"column":37},"end":{"line":580,"column":21}},"line":574},"171":{"name":"(anonymous_171)","decl":{"start":{"line":582,"column":77},"end":{"line":582,"column":78}},"loc":{"start":{"line":583,"column":24},"end":{"line":600,"column":29}},"line":583},"172":{"name":"(anonymous_172)","decl":{"start":{"line":584,"column":34},"end":{"line":584,"column":35}},"loc":{"start":{"line":585,"column":32},"end":{"line":599,"column":38}},"line":585},"173":{"name":"(anonymous_173)","decl":{"start":{"line":586,"column":42},"end":{"line":586,"column":43}},"loc":{"start":{"line":586,"column":54},"end":{"line":599,"column":37}},"line":586},"174":{"name":"(anonymous_174)","decl":{"start":{"line":588,"column":50},"end":{"line":588,"column":51}},"loc":{"start":{"line":588,"column":63},"end":{"line":598,"column":45}},"line":588},"175":{"name":"(anonymous_175)","decl":{"start":{"line":604,"column":80},"end":{"line":604,"column":81}},"loc":{"start":{"line":604,"column":86},"end":{"line":606,"column":21}},"line":604},"176":{"name":"(anonymous_176)","decl":{"start":{"line":605,"column":31},"end":{"line":605,"column":32}},"loc":{"start":{"line":605,"column":37},"end":{"line":605,"column":73}},"line":605},"177":{"name":"(anonymous_177)","decl":{"start":{"line":608,"column":85},"end":{"line":608,"column":86}},"loc":{"start":{"line":608,"column":91},"end":{"line":610,"column":21}},"line":608},"178":{"name":"(anonymous_178)","decl":{"start":{"line":609,"column":31},"end":{"line":609,"column":32}},"loc":{"start":{"line":609,"column":37},"end":{"line":609,"column":67}},"line":609},"1
[...]
"line":65,"column":89}},{"start":{"line":65,"column":12},"end":{"line":65,"column":89}}],"line":65},"3":{"loc":{"start":{"line":95,"column":12},"end":{"line":95,"column":104}},"type":"if","locations":[{"start":{"line":95,"column":12},"end":{"line":95,"column":104}},{"start":{"line":95,"column":12},"end":{"line":95,"column":104}}],"line":95},"4":{"loc":{"start":{"line":95,"column":16},"end":{"line":95,"column":51}},"type":"binary-expr","locations":[{"start":{"line":95,"column":16},"end":{"line":95,"column":21}},{"start":{"line":95,"column":25},"end":{"line":95,"column":51}}],"line":95},"5":{"loc":{"start":{"line":118,"column":12},"end":{"line":118,"column":64}},"type":"if","locations":[{"start":{"line":118,"column":12},"end":{"line":118,"column":64}},{"start":{"line":118,"column":12},"end":{"line":118,"column":64}}],"line":118},"6":{"loc":{"start":{"line":171,"column":8},"end":{"line":171,"column":78}},"type":"if","locations":[{"start":{"line":171,"column":8},"end":{"line":171,"column":78}},{"start":{"line":171,"column":8},"end":{"line":171,"column":78}}],"line":171},"7":{"loc":{"start":{"line":197,"column":8},"end":{"line":201,"column":9}},"type":"if","locations":[{"start":{"line":197,"column":8},"end":{"line":201,"column":9}},{"start":{"line":197,"column":8},"end":{"line":201,"column":9}}],"line":197},"8":{"loc":{"start":{"line":206,"column":8},"end":{"line":213,"column":14}},"type":"if","locations":[{"start":{"line":206,"column":8},"end":{"line":213,"column":14}},{"start":{"line":206,"column":8},"end":{"line":213,"column":14}}],"line":206},"9":{"loc":{"start":{"line":224,"column":8},"end":{"line":227,"column":14}},"type":"if","locations":[{"start":{"line":224,"column":8},"end":{"line":227,"column":14}},{"start":{"line":224,"column":8},"end":{"line":227,"column":14}}],"line":224},"10":{"loc":{"start":{"line":267,"column":8},"end":{"line":267,"column":96}},"type":"if","locations":[{"start":{"line":267,"column":8},"end":{"line":267,"column":96}},{"start":{"line":267,"column":8},"end":{"line":267,"column":96}}],"line":267},"11":{"loc":{"start":{"line":272,"column":12},"end":{"line":272,"column":61}},"type":"if","locations":[{"start":{"line":272,"column":12},"end":{"line":272,"column":61}},{"start":{"line":272,"column":12},"end":{"line":272,"column":61}}],"line":272},"12":{"loc":{"start":{"line":279,"column":12},"end":{"line":282,"column":13}},"type":"if","locations":[{"start":{"line":279,"column":12},"end":{"line":282,"column":13}},{"start":{"line":279,"column":12},"end":{"line":282,"column":13}}],"line":279},"13":{"loc":{"start":{"line":325,"column":8},"end":{"line":325,"column":87}},"type":"if","locations":[{"start":{"line":325,"column":8},"end":{"line":325,"column":87}},{"start":{"line":325,"column":8},"end":{"line":325,"column":87}}],"line":325},"14":{"loc":{"start":{"line":353,"column":8},"end":{"line":353,"column":77}},"type":"if","locations":[{"start":{"line":353,"column":8},"end":{"line":353,"column":77}},{"start":{"line":353,"column":8},"end":{"line":353,"column":77}}],"line":353},"15":{"loc":{"start":{"line":355,"column":8},"end":{"line":355,"column":77}},"type":"if","locations":[{"start":{"line":355,"column":8},"end":{"line":355,"column":77}},{"start":{"line":355,"column":8},"end":{"line":355,"column":77}}],"line":355},"16":{"loc":{"start":{"line":362,"column":12},"end":{"line":362,"column":38}},"type":"if","locations":[{"start":{"line":362,"column":12},"end":{"line":362,"column":38}},{"start":{"line":362,"column":12},"end":{"line":362,"column":38}}],"line":362},"17":{"loc":{"start":{"line":363,"column":12},"end":{"line":363,"column":38}},"type":"if","locations":[{"start":{"line":363,"column":12},"end":{"line":363,"column":38}},{"start":{"line":363,"column":12},"end":{"line":363,"column":38}}],"line":363},"18":{"loc":{"start":{"line":458,"column":12},"end":{"line":458,"column":98}},"type":"if","locations":[{"start":{"line":458,"column":12},"end":{"line":458,"column":98}},{"start":{"line":458,"column":12},"end":{"line":458,"column":98}}],"line":458},"19":{"loc":{"start":{"line":521,"column":12},"end":{"line":527,"column":13}},"type":"if","locations":[{"start":{"line":521,"column":12},"end":{"line":527,"column":13}},{"start":{"line":521,"column":12},"end":{"line":527,"column":13}}],"line":521},"20":{"loc":{"start":{"line":532,"column":12},"end":{"line":534,"column":58}},"type":"if","locations":[{"start":{"line":532,"column":12},"end":{"line":534,"column":58}},{"start":{"line":532,"column":12},"end":{"line":534,"column":58}}],"line":532},"21":{"loc":{"start":{"line":586,"column":12},"end":{"line":586,"column":100}},"type":"if","locations":[{"start":{"line":586,"column":12},"end":{"line":586,"column":100}},{"start":{"line":586,"column":12},"end":{"line":586,"column":100}}],"line":586},"22":{"loc":{"start":{"line":589,"column":16},"end":{"line":592,"column":17}},"type":"if","locations":[{"start":{"line":589,"column":16},"end":{"line":592,"column":17}},{"start":{"line":589,"column":16},"end":{"line":592,"column":17}}],"line":589},"23":{"loc":{"start":{"line":626,"column":12},"end":{"line":630,"column":13}},"type":"if","locations":[{"start":{"line":626,"column":12},"end":{"line":630,"column":13}},{"start":{"line":626,"column":12},"end":{"line":630,"column":13}}],"line":626}},"s":{"0":1,"1":1,"2":1,"3":1,"4":1,"5":1,"6":1,"7":0,"8":0,"9":0,"10":0,"11":0,"12":0,"13":0,"14":0,"15":21,"16":1,"17":1,"18":1,"19":0,"20":1,"21":1,"22":9,"23":1,"24":1,"25":1,"26":0,"27":1,"28":0,"29":0,"30":0,"31":0,"32":0,"33":0,"34":0,"35":1,"36":1,"37":1,"38":1,"39":1,"40":0,"41":0,"42":0,"43":0,"44":0,"45":0,"46":0,"47":0,"48":0,"49":0,"50":0,"51":0,"52":0,"53":0,"54":0,"55":0,"56":0,"57":0,"58":0,"59":0,"60":0,"61":0,"62":0,"63":0,"64":0,"65":25,"66":1,"67":1,"68":1,"69":0,"70":1,"71":1,"72":1,"73":0,"74":1,"75":1,"76":1,"77":0,"78":0,"79":1,"80":0,"81":0,"82":0,"83":1,"84":1,"85":1,"86":0,"87":1,"88":1,"89":13,"90":5,"91":2,"92":3,"93":2,"94":1,"95":1,"96":1,"97":0,"98":1,"99":0,"100":1,"101":1,"102":2,"103":2,"104":1,"105":5,"106":1,"107":1,"108":1,"109":2,"110":2,"111":1,"112":5,"113":1,"114":1,"115":1,"116":1,"117":1,"118":1,"119":19,"120":3,"121":3,"122":3,"123":0,"124":3,"125":0,"126":3,"127":3,"128":9,"129":1,"130":1,"131":1,"132":1,"133":1,"134":1,"135":1,"136":1,"137":1,"138":1,"139":1,"140":1,"141":0,"142":0,"143":1,"144":1,"145":0,"146":1,"147":13,"148":1,"149":1,"150":1,"151":6,"152":2,"153":2,"154":2,"155":0,"156":2,"157":2,"158":2,"159":2,"160":2,"161":2,"162":2,"163":2,"164":9,"165":1,"166":1,"167":1,"168":1,"169":1,"170":1},"f":{"0":0,"1":0,"2":0,"3":0,"4":21,"5":1,"6":9,"7":1,"8":0,"9":0,"10":1,"11":0,"12":0,"13":0,"14":0,"15":0,"16":0,"17":0,"18":0,"19":25,"20":1,"21":0,"22":1,"23":13,"24":1,"25":2,"26":5,"27":1,"28":2,"29":5,"30":1,"31":1,"32":19,"33":3,"34":0,"35":9,"36":1,"37":1,"38":1,"39":1,"40":0,"41":13,"42":1,"43":6,"44":2,"45":2,"46":9,"47":1},"b":{"0":[0,0],"1":[0,0],"2":[0,1],"3":[0,1],"4":[1,1],"5":[0,0],"6":[0,0],"7":[0,0],"8":[0,0],"9":[0,0],"10":[0,1],"11":[0,1],"12":[0,1],"13":[0,1],"14":[2,3],"15":[2,1],"16":[0,1],"17":[0,1],"18":[0,3],"19":[1,0],"20":[0,1],"21":[0,2],"22":[2,0],"23":[1,0]},"_coverageSchema":"43e27e138ebf9cfc5966b082cf9a028302ed4184","hash":"10c66cce300c7ea58589060d35f640eada046d4d","contentHash":"a9ccdffc3b2f9bf98a88b4777b49244f"},"/Users/dani/Desktop/skylab/skylab-bootcamp-201809/staff/daniel-villegas/partyup/partyup-api/utilities/validate.js":{"path":"/Users/dani/Desktop/skylab/skylab-bootcamp-201809/staff/daniel-villegas/partyup/partyup-api/utilities/validate.js","statementMap":{"0":{"start":{"line":4,"column":4},"end":{"line":30,"column":6}},"1":{"start":{"line":5,"column":8},"end":{"line":29,"column":9}},"2":{"start":{"line":7,"column":16},"end":{"line":7,"column":52}},"3":{"start":{"line":7,"column":47},"end":{"line":7,"column":52}},"4":{"start":{"line":9,"column":16},"end":{"line":9,"column":90}},"5":{"start":{"line":9,"column":47},"end":{"line":9,"column":90}},"6":{"start":{"line":11,"column":16},"end":{"line":11,"column":85}},"7":{"start":{"line":11,"column":42},"end":{"line":11,"column":85}},"8":{"start":{"line":13,"column":16},"end":{"line":13,"column":21}},"9":{"start":{"line":15,"column":16},"end":{"line":15,"column":52}},"10":{"start":{"line":15,"column":47},"end":{"line":15,"column":52}},"11":{"start":{"line":17,"column":16},"end":{"line":17,"column":92}},"12":{"start":{"line":17,"column":48},"end":{"line":17,"column":92}},"13":{"start":{"line":19,"column":16},"end":{"line":19,"column":21}},"14":{"start":{"line":21,"column":16},"end":{"line":21,"column":52}},"15":{"start":{"line":21,"column":47},"end":{"line":21,"column":52}},"16":{"start":{"line":23,"column":16},"end":{"line":23,"column":90}},"17":{"start":{"line":23,"column":47},"end":{"line":23,"column":90}},"18":{"start":{"line":24,"column":16},"end":{"line":24,"column":21}},"19":{"start":{"line":26,"column":16},"end":{"line":26,"column":52}},"20":{"start":{"line":26,"column":47},"end":{"line":26,"column":52}},"21":{"start":{"line":28,"column":16},"end":{"line":28,"column":87}},"22":{"start":{"line":28,"column":46},"end":{"line":28,"column":87}},"23":{"start":{"line":33,"column":0},"end":{"line":33,"column":25}}},"fnMap":{"0":{"name":"validate","decl":{"start":{"line":3,"column":9},"end":{"line":3,"column":17}},"loc":{"start":{"line":3,"column":26},"end":{"line":31,"column":1}},"line":3},"1":{"name":"(anonymous_1)","decl":{"start":{"line":4,"column":19},"end":{"line":4,"column":20}},"loc":{"start":{"line":4,"column":55},"end":{"line":30,"column":5}},"line":4}},"branchMap":{"0":{"loc":{"start":{"line":5,"column":8},"end":{"line":29,"column":9}},"type":"switch","locations":[{"start":{"line":6,"column":12},"end":{"line":13,"column":21}},{"start":{"line":14,"column":12},"end":{"line":19,"column":21}},{"start":{"line":20,"column":12},"end":{"line":24,"column":21}},{"start":{"line":25,"column":12},"end":{"line":28,"column":87}}],"line":5},"1":{"loc":{"start":{"line":7,"column":16},"end":{"line":7,"column":52}},"type":"if","locations":[{"start":{"line":7,"column":16},"end":{"line":7,"column":52}},{"start":{"line":7,"column":16},"end":{"line":7,"column":52}}],"line":7},"2":{"loc":{"start":{"line":7,"column":20},"end":{"line":7,"column":45}},"type":"binary-expr","locations":[{"start":{"line":7,"column":20},"end":{"line":7,"column":28}},{"start":{"line":7,"column":32},"end":{"line":7,"column":45}}],"line":7},"3":{"loc":{"start":{"line":9,"column":16},"end":{"line":9,"column":90}},"type":"if","locations":[{"start":{"line":9,"column":16},"end":{"line":9,"column":90}},{"start":{"line":9,"column":16},"end":{"line":9,"column":90}}],"line":9},"4":{"loc":{"start":{"line":11,"column":16},"end":{"line":11,"column":85}},"type":"if","locations":[{"start":{"line":11,"column":16},"end":{"line":11,"column":85}},{"start":{"line":11,"column":16},"end":{"line":11,"column":85}}],"line":11},"5":{"loc":{"start":{"line":15,"column":16},"end":{"line":15,"column":52}},"type":"if","locations":[{"start":{"line":15,"column":16},"end":{"line":15,"column":52}},{"start":{"line":15,"column":16},"end":{"line":15,"column":52}}],"line":15},"6":{"loc":{"start":{"line":15,"column":20},"end":{"line":15,"column":45}},"type":"binary-expr","locations":[{"start":{"line":15,"column":20},"end":{"line":15,"column":28}},{"start":{"line":15,"column":32},"end":{"line":15,"column":45}}],"line":15},"7":{"loc":{"start":{"line":17,"column":16},"end":{"line":17,"column":92}},"type":"if","locations":[{"start":{"line":17,"column":16},"end":{"line":17,"column":92}},{"start":{"line":17,"column":16},"end":{"line":17,"column":92}}],"line":17},"8":{"loc":{"start":{"line":21,"column":16},"end":{"line":21,"column":52}},"type":"if","locations":[{"start":{"line":21,"column":16},"end":{"line":21,"column":52}},{"start":{"line":21,"column":16},"end":{"line":21,"column":52}}],"line":21},"9":{"loc":{"start":{"line":21,"column":20},"end":{"line":21,"column":45}},"type":"binary-expr","locations":[{"start":{"line":21,"column":20},"end":{"line":21,"column":28}},{"start":{"line":21,"column":32},"end":{"line":21,"column":45}}],"line":21},"10":{"loc":{"start":{"line":23,"column":16},"end":{"line":23,"column":90}},"type":"if","locations":[{"start":{"line":23,"column":16},"end":{"line":23,"column":90}},{"start":{"line":23,"column":16},"end":{"line":23,"column":90}}],"line":23},"11":{"loc":{"start":{"line":26,"column":16},"end":{"line":26,"column":52}},"type":"if","locations":[{"start":{"line":26,"column":16},"end":{"line":26,"column":52}},{"start":{"line":26,"column":16},"end":{"line":26,"column":52}}],"line":26},"12":{"loc":{"start":{"line":26,"column":20},"end":{"line":26,"column":45}},"type":"binary-expr","locations":[{"start":{"line":26,"column":20},"end":{"line":26,"column":28}},{"start":{"line":26,"column":32},"end":{"line":26,"column":45}}],"line":26},"13":{"loc":{"start":{"line":28,"column":16},"end":{"line":28,"column":87}},"type":"if","locations":[{"start":{"line":28,"column":16},"end":{"line":28,"column":87}},{"start":{"line":28,"column":16},"end":{"line":28,"column":87}}],"line":28}},"s":{"0":141,"1":318,"2":279,"3":1,"4":278,"5":83,"6":195,"7":29,"8":166,"9":0,"10":0,"11":0,"12":0,"13":0,"14":22,"15":0,"16":22,"17":8,"18":14,"19":17,"20":0,"21":17,"22":0,"23":1},"f":{"0":141,"1":318},"b":{"0":[279,0,22,17],"1":[1,278],"2":[279,1],"3":[83,195],"4":[29,166],"5":[0,0],"6":[0,0],"7":[0,0],"8":[0,22],"9":[22,0],"10":[8,14],"11":[0,17],"12":[17,0],"13":[0,17]},"_coverageSchema":"43e27e138ebf9cfc5966b082cf9a028302ed4184","hash":"c1e00646713c20b1dbd60425d8339a3cebe95378","contentHash":"313c1c48cb30eeeff07859c175ba3950"},"/Users/dani/Desktop/skylab/skylab-bootcamp-201809/staff/daniel-villegas/partyup/partyup-api/errors/index.js":{"path":"/Users/dani/Desktop/skylab/skylab-bootcamp-201809/staff/daniel-villegas/partyup/partyup-api/errors/index.js","statementMap":{"0":{"start":{"line":1,"column":27},"end":{"line":1,"column":60}},"1":{"start":{"line":2,"column":18},"end":{"line":2,"column":41}},"2":{"start":{"line":3,"column":22},"end":{"line":3,"column":50}},"3":{"start":{"line":4,"column":19},"end":{"line":4,"column":43}},"4":{"start":{"line":6,"column":0},"end":{"line":11,"column":1}}},"fnMap":{},"branchMap":{},"s":{"0":1,"1":1,"2":1,"3":1,"4":1},"f":{},"b":{},"_coverageSchema":"43e27e138ebf9cfc5966b082cf9a028302ed4184","hash":"9e3966e470951c5e109f8ff176d7deb02a8c6617","contentHash":"8ad853b7c6d23a6c4561b7475aa27ecf"},"/Users/dani/Desktop/skylab/skylab-bootcamp-201809/staff/daniel-villegas/partyup/partyup-api/errors/already-exists-error.js":{"path":"/Users/dani/Desktop/skylab/skylab-bootcamp-201809/staff/daniel-villegas/partyup/partyup-api/errors/already-exists-error.js","statementMap":{"0":{"start":{"line":3,"column":8},"end":{"line":3,"column":15}},"1":{"start":{"line":5,"column":8},"end":{"line":5,"column":55}},"2":{"start":{"line":7,"column":8},"end":{"line":7,"column":40}},"3":{"start":{"line":8,"column":8},"end":{"line":8,"column":30}},"4":{"start":{"line":10,"column":8},"end":{"line":10,"column":37}},"5":{"start":{"line":10,"column":19},"end":{"line":10,"column":37}},"6":{"start":{"line":14,"column":0},"end":{"line":14,"column":35}}},"fnMap":{"0":{"name":"(anonymous_0)","decl":{"start":{"line":2,"column":4},"end":{"line":2,"column":5}},"loc":{"start":{"line":2,"column":32},"end":{"line":11,"column":5}},"line":2}},"branchMap":{"0":{"loc":{"start":{"line":10,"column":8},"end":{"line":10,"column":37}},"type":"if","locations":[{"start":{"line":10,"column":8},"end":{"line":10,"column":37}},{"start":{"line":10,"column":8},"end":{"line":10,"column":37}}],"line":10}},"s":{"0":0,"1":0,"2":0,"3":0,"4":0,"5":0,"6":1},"f":{"0":0},"b":{"0":[0,0]},"_coverageSchema":"43e27e138ebf9cfc5966b082cf9a028302ed4184","hash":"96d3b917dd00b3d42d8706c4df8b0216edb75ca8","contentHash":"faa22129509a7921aacc747843c7a452"},"/Users/dani/Desktop/skylab/skylab-bootcamp-201809/staff/daniel-villegas/partyup/partyup-api/errors/auth-error.js":{"path":"/Users/dani/Desktop/skylab/skylab-bootcamp-201809/staff/daniel-villegas/partyup/partyup-api/errors/auth-error.js","statementMap":{"0":{"start":{"line":3,"column":8},"end":{"line":3,"column":15}},"1":{"start":{"line":5,"column":8},"end":{"line":5,"column":55}},"2":{"start":{"line":7,"column":8},"end":{"line":7,"column":31}},"3":{"start":{"line":8,"column":8},"end":{"line":8,"column":30}},"4":{"start":{"line":10,"column":8},"end":{"line":10,"column":37}},"5":{"start":{"line":10,"column":19},"end":{"line":10,"column":37}},"6":{"start":{"line":14,"column":0},"end":{"line":14,"column":26}}},"fnMap":{"0":{"name":"(anonymous_0)","decl":{"start":{"line":2,"column":4},"end":{"line":2,"column":5}},"loc":{"start":{"line":2,"column":32},"end":{"line":11,"column":5}},"line":2}},"branchMap":{"0":{"loc":{"start":{"line":10,"column":8},"end":{"line":10,"column":37}},"type":"if","locations":[{"start":{"line":10,"column":8},"end":{"line":10,"column":37}},{"start":{"line":10,"column":8},"end":{"line":10,"column":37}}],"line":10}},"s":{"0":0,"1":0,"2":0,"3":0,"4":0,"5":0,"6":1},"f":{"0":0},"b":{"0":[0,0]},"_coverageSchema":"43e27e138ebf9cfc5966b082cf9a028302ed4184","hash":"3cf28a17b50b548dde7ace9506e3c3d80367eca8","contentHash":"d64267ae89f4f2220ff675175d5e44c1"},"/Users/dani/Desktop/skylab/skylab-bootcamp-201809/staff/daniel-villegas/partyup/partyup-api/errors/not-found-error.js":{"path":"/Users/dani/Desktop/skylab/skylab-bootcamp-201809/staff/daniel-villegas/partyup/partyup-api/errors/not-found-error.js","statementMap":{"0":{"start":{"line":3,"column":8},"end":{"line":3,"column":15}},"1":{"start":{"line":5,"column":8},"end":{"line":5,"column":55}},"2":{"start":{"line":7,"column":8},"end":{"line":7,"column":35}},"3":{"start":{"line":8,"column":8},"end":{"line":8,"column":30}},"4":{"start":{"line":10,"column":8},"end":{"line":10,"column":37}},"5":{"start":{"line":10,"column":19},"end":{"line":10,"column":37}},"6":{"start":{"line":14,"column":0},"end":{"line":14,"column":30}}},"fnMap":{"0":{"name":"(anonymous_0)","decl":{"start":{"line":2,"column":4},"end":{"line":2,"column":5}},"loc":{"start":{"line":2,"column":32},"end":{"line":11,"column":5}},"line":2}},"branchMap":{"0":{"loc":{"start":{"line":10,"column":8},"end":{"line":10,"column":37}},"type":"if","locations":[{"start":{"line":10,"column":8},"end":{"line":10,"column":37}},{"start":{"line":10,"column":8},"end":{"line":10,"column":37}}],"line":10}},"s":{"0":0,"1":0,"2":0,"3":0,"4":0,"5":0,"6":1},"f":{"0":0},"b":{"0":[0,0]},"_coverageSchema":"43e27e138ebf9cfc5966b082cf9a028302ed4184","hash":"a52eb6e3c56fac107d663e94781e470190fcfbd0","contentHash":"87906d9a12f439f8ebd1238592c61b0e"},"/Users/dani/Desktop/skylab/skylab-bootcamp-201809/staff/daniel-villegas/partyup/partyup-api/errors/value-error.js":{"path":"/Users/dani/Desktop/skylab/skylab-bootcamp-201809/staff/daniel-villegas/partyup/partyup-api/errors/value-error.js","statementMap":{"0":{"start":{"line":3,"column":8},"end":{"line":3,"column":15}},"1":{"start":{"line":5,"column":8},"end":{"line":5,"column":55}},"2":{"start":{"line":7,"column":8},"end":{"line":7,"column":32}},"3":{"start":{"line":8,"column":8},"end":{"line":8,"column":30}},"4":{"start":{"line":10,"column":8},"end":{"line":10,"column":37}},"5":{"start":{"line":10,"column":19},"end":{"line":10,"column":37}},"6":{"start":{"line":14,"column":0},"end":{"line":14,"column":27}}},"fnMap":{"0":{"name":"(anonymous_0)","decl":{"start":{"line":2,"column":4},"end":{"line":2,"column":5}},"loc":{"start":{"line":2,"column":32},"end":{"line":11,"column":5}},"line":2}},"branchMap":{"0":{"loc":{"start":{"line":10,"column":8},"end":{"line":10,"column":37}},"type":"if","locations":[{"start":{"line":10,"column":8},"end":{"line":10,"column":37}},{"start":{"line":10,"column":8},"end":{"line":10,"column":37}}],"line":10}},"s":{"0":0,"1":0,"2":0,"3":0,"4":0,"5":0,"6":1},"f":{"0":0},"b":{"0":[0,0]},"_coverageSchema":"43e27e138ebf9cfc5966b082cf9a028302ed4184","hash":"2b3c18211d95cb57507e9b655dc4bb3f492a216d","contentHash":"560f5b4a798c70554e9c5687697404d9"}}