{"/Users/dani/Desktop/skylab/skylab-bootcamp-201809/staff/daniel-villegas/partyup/partyup-api/logic/index.spec.js":{"path":"/Users/dani/Desktop/skylab/skylab-bootcamp-201809/staff/daniel-villegas/partyup/partyup-api/logic/index.spec.js","statementMap":{"0":{"start":{"line":1,"column":14},"end":{"line":1,"column":26}},"1":{"start":{"line":2,"column":60},"end":{"line":2,"column":83}},"2":{"start":{"line":3,"column":19},"end":{"line":3,"column":34}},"3":{"start":{"line":5,"column":18},"end":{"line":5,"column":58}},"4":{"start":{"line":7,"column":0},"end":{"line":1088,"column":2}},"5":{"start":{"line":8,"column":4},"end":{"line":8,"column":77}},"6":{"start":{"line":8,"column":17},"end":{"line":8,"column":76}},"7":{"start":{"line":10,"column":4},"end":{"line":10,"column":101}},"8":{"start":{"line":10,"column":21},"end":{"line":10,"column":100}},"9":{"start":{"line":12,"column":4},"end":{"line":1086,"column":6}},"10":{"start":{"line":13,"column":8},"end":{"line":134,"column":10}},"11":{"start":{"line":16,"column":12},"end":{"line":22,"column":14}},"12":{"start":{"line":17,"column":16},"end":{"line":17,"column":46}},"13":{"start":{"line":18,"column":16},"end":{"line":18,"column":52}},"14":{"start":{"line":19,"column":16},"end":{"line":19,"column":46}},"15":{"start":{"line":20,"column":16},"end":{"line":20,"column":54}},"16":{"start":{"line":21,"column":16},"end":{"line":21,"column":54}},"17":{"start":{"line":24,"column":12},"end":{"line":42,"column":14}},"18":{"start":{"line":25,"column":28},"end":{"line":25,"column":93}},"19":{"start":{"line":27,"column":16},"end":{"line":27,"column":43}},"20":{"start":{"line":29,"column":31},"end":{"line":29,"column":48}},"21":{"start":{"line":31,"column":16},"end":{"line":31,"column":49}},"22":{"start":{"line":33,"column":31},"end":{"line":33,"column":37}},"23":{"start":{"line":35,"column":16},"end":{"line":35,"column":49}},"24":{"start":{"line":36,"column":16},"end":{"line":36,"column":48}},"25":{"start":{"line":37,"column":16},"end":{"line":37,"column":54}},"26":{"start":{"line":38,"column":16},"end":{"line":38,"column":48}},"27":{"start":{"line":39,"column":16},"end":{"line":39,"column":56}},"28":{"start":{"line":40,"column":16},"end":{"line":40,"column":56}},"29":{"start":{"line":46,"column":12},"end":{"line":48,"column":14}},"30":{"start":{"line":47,"column":16},"end":{"line":47,"column":143}},"31":{"start":{"line":47,"column":29},"end":{"line":47,"column":93}},"32":{"start":{"line":50,"column":12},"end":{"line":52,"column":14}},"33":{"start":{"line":51,"column":16},"end":{"line":51,"column":131}},"34":{"start":{"line":51,"column":29},"end":{"line":51,"column":88}},"35":{"start":{"line":54,"column":12},"end":{"line":56,"column":14}},"36":{"start":{"line":55,"column":16},"end":{"line":55,"column":123}},"37":{"start":{"line":55,"column":29},"end":{"line":55,"column":85}},"38":{"start":{"line":58,"column":12},"end":{"line":60,"column":14}},"39":{"start":{"line":59,"column":16},"end":{"line":59,"column":131}},"40":{"start":{"line":59,"column":29},"end":{"line":59,"column":89}},"41":{"start":{"line":64,"column":12},"end":{"line":66,"column":14}},"42":{"start":{"line":65,"column":16},"end":{"line":65,"column":140}},"43":{"start":{"line":65,"column":29},"end":{"line":65,"column":90}},"44":{"start":{"line":68,"column":12},"end":{"line":70,"column":14}},"45":{"start":{"line":69,"column":16},"end":{"line":69,"column":131}},"46":{"start":{"line":69,"column":29},"end":{"line":69,"column":85}},"47":{"start":{"line":72,"column":12},"end":{"line":74,"column":14}},"48":{"start":{"line":73,"column":16},"end":{"line":73,"column":120}},"49":{"start":{"line":73,"column":29},"end":{"line":73,"column":82}},"50":{"start":{"line":76,"column":12},"end":{"line":78,"column":14}},"51":{"start":{"line":77,"column":16},"end":{"line":77,"column":128}},"52":{"start":{"line":77,"column":29},"end":{"line":77,"column":86}},"53":{"start":{"line":82,"column":12},"end":{"line":84,"column":14}},"54":{"start":{"line":83,"column":16},"end":{"line":83,"column":143}},"55":{"start":{"line":83,"column":29},"end":{"line":83,"column":93}},"56":{"start":{"line":86,"column":12},"end":{"line":88,"column":14}},"57":{"start":{"line":87,"column":16},"end":{"line":87,"column":131}},"58":{"start":{"line":87,"column":29},"end":{"line":87,"column":88}},"59":{"start":{"line":90,"column":12},"end":{"line":92,"column":14}},"60":{"start":{"line":91,"column":16},"end":{"line":91,"column":123}},"61":{"start":{"line":91,"column":29},"end":{"line":91,"column":85}},"62":{"start":{"line":94,"column":12},"end":{"line":96,"column":14}},"63":{"start":{"line":95,"column":16},"end":{"line":95,"column":131}},"64":{"start":{"line":95,"column":29},"end":{"line":95,"column":89}},"65":{"start":{"line":100,"column":12},"end":{"line":102,"column":14}},"66":{"start":{"line":101,"column":16},"end":{"line":101,"column":139}},"67":{"start":{"line":101,"column":29},"end":{"line":101,"column":89}},"68":{"start":{"line":104,"column":12},"end":{"line":106,"column":14}},"69":{"start":{"line":105,"column":16},"end":{"line":105,"column":131}},"70":{"start":{"line":105,"column":29},"end":{"line":105,"column":84}},"71":{"start":{"line":108,"column":12},"end":{"line":110,"column":14}},"72":{"start":{"line":109,"column":16},"end":{"line":109,"column":119}},"73":{"start":{"line":109,"column":29},"end":{"line":109,"column":81}},"74":{"start":{"line":112,"column":12},"end":{"line":114,"column":14}},"75":{"start":{"line":113,"column":16},"end":{"line":113,"column":125}},"76":{"start":{"line":113,"column":29},"end":{"line":113,"column":84}},"77":{"start":{"line":118,"column":12},"end":{"line":120,"column":14}},"78":{"start":{"line":119,"column":16},"end":{"line":119,"column":139}},"79":{"start":{"line":119,"column":29},"end":{"line":119,"column":89}},"80":{"start":{"line":122,"column":12},"end":{"line":124,"column":14}},"81":{"start":{"line":123,"column":16},"end":{"line":123,"column":131}},"82":{"start":{"line":123,"column":29},"end":{"line":123,"column":84}},"83":{"start":{"line":126,"column":12},"end":{"line":128,"column":14}},"84":{"start":{"line":127,"column":16},"end":{"line":127,"column":121}},"85":{"start":{"line":127,"column":29},"end":{"line":127,"column":82}},"86":{"start":{"line":130,"column":12},"end":{"line":132,"column":14}},"87":{"start":{"line":131,"column":16},"end":{"line":131,"column":127}},"88":{"start":{"line":131,"column":29},"end":{"line":131,"column":85}},"89":{"start":{"line":136,"column":8},"end":{"line":196,"column":10}},"90":{"start":{"line":138,"column":12},"end":{"line":142,"column":14}},"91":{"start":{"line":139,"column":16},"end":{"line":139,"column":196}},"92":{"start":{"line":141,"column":16},"end":{"line":141,"column":34}},"93":{"start":{"line":144,"column":12},"end":{"line":159,"column":14}},"94":{"start":{"line":145,"column":47},"end":{"line":145,"column":51}},"95":{"start":{"line":147,"column":16},"end":{"line":158,"column":22}},"96":{"start":{"line":149,"column":24},"end":{"line":149,"column":43}},"97":{"start":{"line":150,"column":24},"end":{"line":150,"column":52}},"98":{"start":{"line":152,"column":24},"end":{"line":157,"column":30}},"99":{"start":{"line":154,"column":48},"end":{"line":154,"column":54}},"100":{"start":{"line":156,"column":32},"end":{"line":156,"column":61}},"101":{"start":{"line":163,"column":12},"end":{"line":165,"column":14}},"102":{"start":{"line":164,"column":16},"end":{"line":164,"column":127}},"103":{"start":{"line":164,"column":29},"end":{"line":164,"column":77}},"104":{"start":{"line":167,"column":12},"end":{"line":169,"column":14}},"105":{"start":{"line":168,"column":16},"end":{"line":168,"column":120}},"106":{"start":{"line":168,"column":29},"end":{"line":168,"column":73}},"107":{"start":{"line":171,"column":12},"end":{"line":173,"column":14}},"108":{"start":{"line":172,"column":16},"end":{"line":172,"column":107}},"109":{"start":{"line":172,"column":29},"end":{"line":172,"column":69}},"110":{"start":{"line":175,"column":12},"end":{"line":177,"column":14}},"111":{"start":{"line":176,"column":16},"end":{"line":176,"column":113}},"112":{"start":{"line":176,"column":29},"end":{"line":176,"column":72}},"113":{"start":{"line":181,"column":12},"end":{"line":183,"column":14}},"114":{"start":{"line":182,"column":16},"end":{"line":182,"column":127}},"115":{"start":{"line":182,"column":29},"end":{"line":182,"column":77}},"116":{"start":{"line":185,"column":12},"end":{"line":187,"column":14}},"117":{"start":{"line":186,"column":16},"end":{"line":186,"column":120}},"118":{"start":{"line":186,"column":29},"end":{"line":186,"column":73}},"119":{"start":{"line":189,"column":12},"end":{"line":191,"column":14}},"120":{"start":{"line":190,"column":16},"end":{"line":190,"column":107}},"121":{"start":{"line":190,"column":29},"end":{"line":190,"column":69}},"122":{"start":{"line":193,"column":12},"end":{"line":195,"column":14}},"123":{"start":{"line":194,"column":16},"end":{"line":194,"column":113}},"124":{"start":{"line":194,"column":29},"end":{"line":194,"column":72}},"125":{"start":{"line":198,"column":8},"end":{"line":241,"column":10}},"126":{"start":{"line":200,"column":12},"end":{"line":204,"column":14}},"127":{"start":{"line":201,"column":16},"end":{"line":201,"column":196}},"128":{"start":{"line":203,"column":16},"end":{"line":203,"column":34}},"129":{"start":{"line":206,"column":12},"end":{"line":221,"column":14}},"130":{"start":{"line":207,"column":31},"end":{"line":207,"column":35}},"131":{"start":{"line":209,"column":16},"end":{"line":220,"column":22}},"132":{"start":{"line":211,"column":24},"end":{"line":211,"column":47}},"133":{"start":{"line":212,"column":24},"end":{"line":212,"column":67}},"134":{"start":{"line":214,"column":24},"end":{"line":219,"column":30}},"135":{"start":{"line":216,"column":48},"end":{"line":216,"column":54}},"136":{"start":{"line":218,"column":32},"end":{"line":218,"column":79}},"137":{"start":{"line":225,"column":12},"end":{"line":227,"column":14}},"138":{"start":{"line":226,"column":16},"end":{"line":226,"column":114}},"139":{"start":{"line":226,"column":29},"end":{"line":226,"column":64}},"140":{"start":{"line":229,"column":12},"end":{"line":231,"column":14}},"141":{"start":{"line":230,"column":16},"end":{"line":230,"column":101}},"142":{"start":{"line":230,"column":29},"end":{"line":230,"column":60}},"143":{"start":{"line":233,"column":12},"end":{"line":235,"column":14}},"144":{"start":{"line":234,"column":16},"end":{"line":234,"column":94}},"145":{"start":{"line":234,"column":29},"end":{"line":234,"column":56}},"146":{"start":{"line":237,"column":12},"end":{"line":239,"column":14}},"147":{"start":{"line":238,"column":16},"end":{"line":238,"column":98}},"148":{"start":{"line":238,"column":29},"end":{"line":238,"column":57}},"149":{"start":{"line":243,"column":8},"end":{"line":262,"column":10}},"150":{"start":{"line":246,"column":12},"end":{"line":250,"column":14}},"151":{"start":{"line":247,"column":16},"end":{"line":247,"column":196}},"152":{"start":{"line":249,"column":16},"end":{"line":249,"column":34}},"153":{"start":{"line":252,"column":12},"end":{"line":261,"column":14}},"154":{"start":{"line":253,"column":30},"end":{"line":253,"column":65}},"155":{"start":{"line":255,"column":16},"end":{"line":255,"column":50}},"156":{"start":{"line":256,"column":16},"end":{"line":256,"column":54}},"157":{"start":{"line":257,"column":16},"end":{"line":257,"column":60}},"158":{"start":{"line":258,"column":16},"end":{"line":258,"column":54}},"159":{"start":{"line":259,"column":16},"end":{"line":259,"column":62}},"160":{"start":{"line":260,"column":16},"end":{"line":260,"column":62}},"161":{"start":{"line":264,"column":8},"end":{"line":886,"column":10}},"162":{"start":{"line":265,"column":12},"end":{"line":412,"column":14}},"163":{"start":{"line":268,"column":16},"end":{"line":279,"column":18}},"164":{"start":{"line":269,"column":20},"end":{"line":269,"column":200}},"165":{"start":{"line":270,"column":20},"end":{"line":270,"column":36}},"166":{"start":{"line":271,"column":20},"end":{"line":271,"column":53}},"167":{"start":{"line":272,"column":20},"end":{"line":272,"column":37}},"168":{"start":{"line":273,"column":20},"end":{"line":273,"column":31}},"169":{"start":{"line":274,"column":20},"end":{"line":274,"column":36}},"170":{"start":{"line":275,"column":20},"end":{"line":275,"column":31}},"171":{"start":{"line":278,"column":20},"end":{"line":278,"column":38}},"172":{"start":{"line":281,"column":16},"end":{"line":309,"column":18}},"173":{"start":{"line":282,"column":32},"end":{"line":282,"column":111}},"174":{"start":{"line":284,"column":20},"end":{"line":284,"column":47}},"175":{"start":{"line":286,"column":38},"end":{"line":286,"column":58}},"176":{"start":{"line":288,"column":20},"end":{"line":288,"column":56}},"177":{"start":{"line":290,"column":38},"end":{"line":290,"column":47}},"178":{"start":{"line":292,"column":20},"end":{"line":292,"column":57}},"179":{"start":{"line":293,"column":20},"end":{"line":293,"column":59}},"180":{"start":{"line":295,"column":20},"end":{"line":295,"column":69}},"181":{"start":{"line":296,"column":20},"end":{"line":296,"column":65}},"182":{"start":{"line":301,"column":20},"end":{"line":301,"column":55}},"183":{"start":{"line":302,"column":20},"end":{"line":302,"column":58}},"184":{"start":{"line":304,"column":20},"end":{"line":304,"column":57}},"185":{"start":{"line":305,"column":20},"end":{"line":305,"column":59}},"186":{"start":{"line":307,"column":20},"end":{"line":307,"column":55}},"187":{"start":{"line":308,"column":20},"end":{"line":308,"column":58}},"188":{"start":{"line":312,"column":16},"end":{"line":314,"column":18}},"189":{"start":{"line":313,"column":20},"end":{"line":313,"column":160}},"190":{"start":{"line":313,"column":33},"end":{"line":313,"column":110}},"191":{"start":{"line":316,"column":16},"end":{"line":318,"column":18}},"192":{"start":{"line":317,"column":20},"end":{"line":317,"column":149}},"193":{"start":{"line":317,"column":33},"end":{"line":317,"column":105}},"194":{"start":{"line":320,"column":16},"end":{"line":322,"column":18}},"195":{"start":{"line":321,"column":20},"end":{"line":321,"column":140}},"196":{"start":{"line":321,"column":33},"end":{"line":321,"column":102}},"197":{"start":{"line":324,"column":16},"end":{"line":326,"column":18}},"198":{"start":{"line":325,"column":20},"end":{"line":325,"column":146}},"199":{"start":{"line":325,"column":33},"end":{"line":325,"column":105}},"200":{"start":{"line":329,"column":16},"end":{"line":331,"column":18}},"201":{"start":{"line":330,"column":20},"end":{"line":330,"column":154}},"202":{"start":{"line":330,"column":33},"end":{"line":330,"column":104}},"203":{"start":{"line":333,"column":16},"end":{"line":335,"column":18}},"204":{"start":{"line":334,"column":20},"end":{"line":334,"column":149}},"205":{"start":{"line":334,"column":33},"end":{"line":334,"column":99}},"206":{"start":{"line":337,"column":16},"end":{"line":339,"column":18}},"207":{"start":{"line":338,"column":20},"end":{"line":338,"column":134}},"208":{"start":{"line":338,"column":33},"end":{"line":338,"column":96}},"209":{"start":{"line":341,"column":16},"end":{"line":343,"column":18}},"210":{"start":{"line":342,"column":20},"end":{"line":342,"column":140}},"211":{"start":{"line":342,"column":33},"end":{"line":342,"column":99}},"212":{"start":{"line":346,"column":16},"end":{"line":348,"column":18}},"213":{"start":{"line":347,"column":20},"end":{"line":347,"column":161}},"214":{"start":{"line":347,"column":33},"end":{"line":347,"column":111}},"215":{"start":{"line":350,"column":16},"end":{"line":352,"column":18}},"216":{"start":{"line":351,"column":20},"end":{"line":351,"column":149}},"217":{"start":{"line":351,"column":33},"end":{"line":351,"column":106}},"218":{"start":{"line":354,"column":16},"end":{"line":356,"column":18}},"219":{"start":{"line":355,"column":20},"end":{"line":355,"column":141}},"220":{"start":{"line":355,"column":33},"end":{"line":355,"column":103}},"221":{"start":{"line":358,"column":16},"end":{"line":360,"column":18}},"222":{"start":{"line":359,"column":20},"end":{"line":359,"column":147}},"223":{"start":{"line":359,"column":33},"end":{"line":359,"column":106}},"224":{"start":{"line":363,"column":16},"end":{"line":365,"column":18}},"225":{"start":{"line":364,"column":20},"end":{"line":364,"column":160}},"226":{"start":{"line":364,"column":33},"end":{"line":364,"column":110}},"227":{"start":{"line":367,"column":16},"end":{"line":369,"column":18}},"228":{"start":{"line":368,"column":20},"end":{"line":368,"column":149}},"229":{"start":{"line":368,"column":33},"end":{"line":368,"column":105}},"230":{"start":{"line":371,"column":16},"end":{"line":373,"column":18}},"231":{"start":{"line":372,"column":20},"end":{"line":372,"column":140}},"232":{"start":{"line":372,"column":33},"end":{"line":372,"column":102}},"233":{"start":{"line":375,"column":16},"end":{"line":377,"column":18}},"234":{"start":{"line":376,"column":20},"end":{"line":376,"column":146}},"235":{"start":{"line":376,"column":33},"end":{"line":376,"column":105}},"236":{"start":{"line":380,"column":16},"end":{"line":382,"column":18}},"237":{"start":{"line":381,"column":20},"end":{"line":381,"column":161}},"238":{"start":{"line":381,"column":33},"end":{"line":381,"column":111}},"239":{"start":{"line":384,"column":16},"end":{"line":386,"column":18}},"240":{"start":{"line":385,"column":20},"end":{"line":385,"column":149}},"241":{"start":{"line":385,"column":33},"end":{"line":385,"column":106}},"242":{"start":{"line":388,"column":16},"end":{"line":390,"column":18}},"243":{"start":{"line":389,"column":20},"end":{"line":389,"column":141}},"244":{"start":{"line":389,"column":33},"end":{"line":389,"column":103}},"245":{"start":{"line":392,"column":16},"end":{"line":394,"column":18}},"246":{"start":{"line":393,"column":20},"end":{"line":393,"column":147}},"247":{"start":{"line":393,"column":33},"end":{"line":393,"column":106}},"248":{"start":{"line":397,"column":16},"end":{"line":399,"column":18}},"249":{"start":{"line":398,"column":20},"end":{"line":398,"column":158}},"250":{"start":{"line":398,"column":33},"end":{"line":398,"column":108}},"251":{"start":{"line":401,"column":16},"end":{"line":403,"column":18}},"252":{"start":{"line":402,"column":20},"end":{"line":402,"column":148}},"253":{"start":{"line":402,"column":33},"end":{"line":402,"column":103}},"254":{"start":{"line":405,"column":16},"end":{"line":407,"column":18}},"255":{"start":{"line":406,"column":20},"end":{"line":406,"column":138}},"256":{"start":{"line":406,"column":33},"end":{"line":406,"column":100}},"257":{"start":{"line":409,"column":16},"end":{"line":411,"column":18}},"258":{"start":{"line":410,"column":20},"end":{"line":410,"column":144}},"259":{"start":{"line":410,"column":33},"end":{"line":410,"column":103}},"260":{"start":{"line":414,"column":12},"end":{"line":825,"column":14}},"261":{"start":{"line":417,"column":16},"end":{"line":425,"column":18}},"262":{"start":{"line":419,"column":20},"end":{"line":419,"column":200}},"263":{"start":{"line":420,"column":20},"end":{"line":420,"column":189}},"264":{"start":{"line":421,"column":20},"end":{"line":421,"column":193}},"265":{"start":{"line":422,"column":20},"end":{"line":422,"column":32}},"266":{"start":{"line":423,"column":20},"end":{"line":423,"column":28}},"267":{"start":{"line":424,"column":20},"end":{"line":424,"column":86}},"268":{"start":{"line":427,"column":16},"end":{"line":468,"column":17}},"269":{"start":{"line":428,"column":20},"end":{"line":467,"column":26}},"270":{"start":{"line":430,"column":28},"end":{"line":466,"column":34}},"271":{"start":{"line":432,"column":36},"end":{"line":432,"column":71}},"272":{"start":{"line":434,"column":36},"end":{"line":434,"column":86}},"273":{"start":{"line":435,"column":66},"end":{"line":435,"column":75}},"274":{"start":{"line":437,"column":36},"end":{"line":437,"column":76}},"275":{"start":{"line":438,"column":36},"end":{"line":438,"column":82}},"276":{"start":{"line":439,"column":36},"end":{"line":439,"column":94}},"277":{"start":{"line":440,"column":36},"end":{"line":440,"column":82}},"278":{"start":{"line":441,"column":36},"end":{"line":441,"column":80}},"279":{"start":{"line":442,"column":36},"end":{"line":442,"column":80}},"280":{"start":{"line":444,"column":36},"end":{"line":444,"column":78}},"281":{"start":{"line":445,"column":36},"end":{"line":445,"column":84}},"282":{"start":{"line":446,"column":36},"end":{"line":446,"column":96}},"283":{"start":{"line":447,"column":36},"end":{"line":447,"column":84}},"284":{"start":{"line":448,"column":36},"end":{"line":448,"column":82}},"285":{"start":{"line":449,"column":36},"end":{"line":449,"column":82}},"286":{"start":{"line":451,"column":68},"end":{"line":451,"column":76}},"287":{"start":{"line":453,"column":36},"end":{"line":453,"column":78}},"288":{"start":{"line":454,"column":36},"end":{"line":454,"column":84}},"289":{"start":{"line":455,"column":36},"end":{"line":455,"column":81}},"290":{"start":{"line":456,"column":36},"end":{"line":456,"column":84}},"291":{"start":{"line":457,"column":36},"end":{"line":457,"column":82}},"292":{"start":{"line":458,"column":36},"end":{"line":458,"column":71}},"293":{"start":{"line":460,"column":36},"end":{"line":460,"column":80}},"294":{"start":{"line":461,"column":36},"end":{"line":461,"column":86}},"295":{"start":{"line":462,"column":36},"end":{"line":462,"column":79}},"296":{"start":{"line":463,"column":36},"end":{"line":463,"column":86}},"297":{"start":{"line":464,"column":36},"end":{"line":464,"column":84}},"298":{"start":{"line":465,"column":36},"end":{"line":465,"column":72}},"299":{"start":{"line":470,"column":16},"end":{"line":472,"column":18}},"300":{"start":{"line":471,"column":20},"end":{"line":471,"column":121}},"301":{"start":{"line":471,"column":33},"end":{"line":471,"column":71}},"302":{"start":{"line":474,"column":16},"end":{"line":476,"column":18}},"303":{"start":{"line":475,"column":20},"end":{"line":475,"column":112}},"304":{"start":{"line":475,"column":33},"end":{"line":475,"column":67}},"305":{"start":{"line":478,"column":16},"end":{"line":480,"column":18}},"306":{"start":{"line":479,"column":20},"end":{"line":479,"column":109}},"307":{"start":{"line":479,"column":33},"end":{"line":479,"column":65}},"308":{"start":{"line":482,"column":16},"end":{"line":484,"column":18}},"309":{"start":{"line":483,"column":20},"end":{"line":483,"column":111}},"310":{"start":{"line":483,"column":33},"end":{"line":483,"column":66}},"311":{"start":{"line":486,"column":16},"end":{"line":531,"column":17}},"312":{"start":{"line":487,"column":20},"end":{"line":529,"column":26}},"313":{"start":{"line":490,"column":28},"end":{"line":528,"column":34}},"314":{"start":{"line":493,"column":36},"end":{"line":493,"column":70}},"315":{"start":{"line":495,"column":36},"end":{"line":495,"column":85}},"316":{"start":{"line":497,"column":66},"end":{"line":497,"column":75}},"317":{"start":{"line":499,"column":36},"end":{"line":499,"column":79}},"318":{"start":{"line":500,"column":36},"end":{"line":500,"column":85}},"319":{"start":{"line":501,"column":36},"end":{"line":501,"column":97}},"320":{"start":{"line":502,"column":36},"end":{"line":502,"column":85}},"321":{"start":{"line":503,"column":36},"end":{"line":503,"column":83}},"322":{"start":{"line":504,"column":36},"end":{"line":504,"column":83}},"323":{"start":{"line":506,"column":36},"end":{"line":506,"column":78}},"324":{"start":{"line":507,"column":36},"end":{"line":507,"column":84}},"325":{"start":{"line":508,"column":36},"end":{"line":508,"column":96}},"326":{"start":{"line":509,"column":36},"end":{"line":509,"column":84}},"327":{"start":{"line":510,"column":36},"end":{"line":510,"column":82}},"328":{"start":{"line":511,"column":36},"end":{"line":511,"column":82}},"329":{"start":{"line":513,"column":68},"end":{"line":513,"column":75}},"330":{"start":{"line":515,"column":36},"end":{"line":515,"column":78}},"331":{"start":{"line":516,"column":36},"end":{"line":516,"column":84}},"332":{"start":{"line":517,"column":36},"end":{"line":517,"column":96}},"333":{"start":{"line":518,"column":36},"end":{"line":518,"column":84}},"334":{"start":{"line":519,"column":36},"end":{"line":519,"column":82}},"335":{"start":{"line":520,"column":36},"end":{"line":520,"column":82}},"336":{"start":{"line":522,"column":36},"end":{"line":522,"column":80}},"337":{"start":{"line":523,"column":36},"end":{"line":523,"column":86}},"338":{"start":{"line":524,"column":36},"end":{"line":524,"column":98}},"339":{"start":{"line":525,"column":36},"end":{"line":525,"column":86}},"340":{"start":{"line":526,"column":36},"end":{"line":526,"column":84}},"341":{"start":{"line":527,"column":36},"end":{"line":527,"column":84}},"342":{"start":{"line":533,"column":16},"end":{"line":535,"column":18}},"343":{"start":{"line":534,"column":20},"end":{"line":534,"column":140}},"344":{"start":{"line":534,"column":33},"end":{"line":534,"column":90}},"345":{"start":{"line":537,"column":16},"end":{"line":539,"column":18}},"346":{"start":{"line":538,"column":20},"end":{"line":538,"column":132}},"347":{"start":{"line":538,"column":33},"end":{"line":538,"column":87}},"348":{"start":{"line":541,"column":16},"end":{"line":543,"column":18}},"349":{"start":{"line":542,"column":20},"end":{"line":542,"column":128}},"350":{"start":{"line":542,"column":33},"end":{"line":542,"column":87}},"351":{"start":{"line":545,"column":16},"end":{"line":547,"column":18}},"352":{"start":{"line":546,"column":20},"end":{"line":546,"column":130}},"353":{"start":{"line":546,"column":33},"end":{"line":546,"column":85}},"354":{"start":{"line":550,"column":16},"end":{"line":552,"column":18}},"355":{"start":{"line":551,"column":20},"end":{"line":551,"column":143}},"356":{"start":{"line":551,"column":33},"end":{"line":551,"column":93}},"357":{"start":{"line":554,"column":16},"end":{"line":556,"column":18}},"358":{"start":{"line":555,"column":20},"end":{"line":555,"column":135}},"359":{"start":{"line":555,"column":33},"end":{"line":555,"column":90}},"360":{"start":{"line":558,"column":16},"end":{"line":560,"column":18}},"361":{"start":{"line":559,"column":20},"end":{"line":559,"column":131}},"362":{"start":{"line":559,"column":33},"end":{"line":559,"column":90}},"363":{"start":{"line":562,"column":16},"end":{"line":564,"column":18}},"364":{"start":{"line":563,"column":20},"end":{"line":563,"column":132}},"365":{"start":{"line":563,"column":33},"end":{"line":563,"column":87}},"366":{"start":{"line":567,"column":16},"end":{"line":569,"column":18}},"367":{"start":{"line":568,"column":20},"end":{"line":568,"column":128}},"368":{"start":{"line":568,"column":33},"end":{"line":568,"column":85}},"369":{"start":{"line":571,"column":16},"end":{"line":573,"column":18}},"370":{"start":{"line":572,"column":20},"end":{"line":572,"column":128}},"371":{"start":{"line":572,"column":33},"end":{"line":572,"column":83}},"372":{"start":{"line":576,"column":16},"end":{"line":578,"column":18}},"373":{"start":{"line":577,"column":20},"end":{"line":577,"column":128}},"374":{"start":{"line":577,"column":33},"end":{"line":577,"column":85}},"375":{"start":{"line":580,"column":16},"end":{"line":582,"column":18}},"376":{"start":{"line":581,"column":20},"end":{"line":581,"column":128}},"377":{"start":{"line":581,"column":33},"end":{"line":581,"column":83}},"378":{"start":{"line":584,"column":16},"end":{"line":614,"column":18}},"379":{"start":{"line":587,"column":20},"end":{"line":595,"column":22}},"380":{"start":{"line":589,"column":24},"end":{"line":589,"column":204}},"381":{"start":{"line":590,"column":24},"end":{"line":590,"column":188}},"382":{"start":{"line":592,"column":24},"end":{"line":593,"column":70}},"383":{"start":{"line":593,"column":40},"end":{"line":593,"column":69}},"384":{"start":{"line":597,"column":20},"end":{"line":613,"column":21}},"385":{"start":{"line":598,"column":24},"end":{"line":612,"column":30}},"386":{"start":{"line":600,"column":32},"end":{"line":611,"column":38}},"387":{"start":{"line":602,"column":40},"end":{"line":602,"column":65}},"388":{"start":{"line":603,"column":40},"end":{"line":603,"column":75}},"389":{"start":{"line":605,"column":40},"end":{"line":605,"column":89}},"390":{"start":{"line":606,"column":40},"end":{"line":606,"column":101}},"391":{"start":{"line":607,"column":40},"end":{"line":607,"column":87}},"392":{"start":{"line":608,"column":40},"end":{"line":608,"column":89}},"393":{"start":{"line":609,"column":40},"end":{"line":609,"column":87}},"394":{"start":{"line":610,"column":40},"end":{"line":610,"column":109}},"395":{"start":{"line":616,"column":16},"end":{"line":666,"column":18}},"396":{"start":{"line":619,"column":20},"end":{"line":625,"column":22}},"397":{"start":{"line":621,"column":24},"end":{"line":621,"column":204}},"398":{"start":{"line":622,"column":24},"end":{"line":622,"column":178}},"399":{"start":{"line":624,"column":24},"end":{"line":624,"column":73}},"400":{"start":{"line":627,"column":20},"end":{"line":647,"column":21}},"401":{"start":{"line":628,"column":24},"end":{"line":645,"column":29}},"402":{"start":{"line":630,"column":32},"end":{"line":644,"column":38}},"403":{"start":{"line":632,"column":40},"end":{"line":643,"column":46}},"404":{"start":{"line":634,"column":48},"end":{"line":634,"column":73}},"405":{"start":{"line":635,"column":48},"end":{"line":635,"column":83}},"406":{"start":{"line":637,"column":48},"end":{"line":637,"column":98}},"407":{"start":{"line":638,"column":48},"end":{"line":638,"column":110}},"408":{"start":{"line":639,"column":48},"end":{"line":639,"column":96}},"409":{"start":{"line":640,"column":48},"end":{"line":640,"column":98}},"410":{"start":{"line":641,"column":48},"end":{"line":641,"column":96}},"411":{"start":{"line":642,"column":48},"end":{"line":642,"column":118}},"412":{"start":{"line":649,"column":20},"end":{"line":651,"column":22}},"413":{"start":{"line":650,"column":24},"end":{"line":650,"column":123}},"414":{"start":{"line":650,"column":37},"end":{"line":650,"column":73}},"415":{"start":{"line":653,"column":20},"end":{"line":655,"column":22}},"416":{"start":{"line":654,"column":24},"end":{"line":654,"column":112}},"417":{"start":{"line":654,"column":37},"end":{"line":654,"column":67}},"418":{"start":{"line":657,"column":20},"end":{"line":659,"column":22}},"419":{"start":{"line":658,"column":24},"end":{"line":658,"column":107}},"420":{"start":{"line":658,"column":37},"end":{"line":658,"column":65}},"421":{"start":{"line":661,"column":20},"end":{"line":663,"column":22}},"422":{"start":{"line":662,"column":24},"end":{"line":662,"column":115}},"423":{"start":{"line":662,"column":37},"end":{"line":662,"column":69}},"424":{"start":{"line":668,"column":16},"end":{"line":727,"column":18}},"425":{"start":{"line":671,"column":20},"end":{"line":679,"column":22}},"426":{"start":{"line":673,"column":24},"end":{"line":673,"column":204}},"427":{"start":{"line":674,"column":24},"end":{"line":674,"column":185}},"428":{"start":{"line":676,"column":24},"end":{"line":677,"column":70}},"429":{"start":{"line":677,"column":40},"end":{"line":677,"column":69}},"430":{"start":{"line":681,"column":20},"end":{"line":692,"column":21}},"431":{"start":{"line":682,"column":24},"end":{"line":691,"column":30}},"432":{"start":{"line":684,"column":32},"end":{"line":684,"column":77}},"433":{"start":{"line":686,"column":55},"end":{"line":686,"column":62}},"434":{"start":{"line":688,"column":32},"end":{"line":688,"column":69}},"435":{"start":{"line":690,"column":32},"end":{"line":690,"column":71}},"436":{"start":{"line":695,"column":24},"end":{"line":697,"column":26}},"437":{"start":{"line":696,"column":28},"end":{"line":696,"column":135}},"438":{"start":{"line":696,"column":41},"end":{"line":696,"column":85}},"439":{"start":{"line":699,"column":24},"end":{"line":701,"column":26}},"440":{"start":{"line":700,"column":28},"end":{"line":700,"column":124}},"441":{"start":{"line":700,"column":41},"end":{"line":700,"column":79}},"442":{"start":{"line":703,"column":24},"end":{"line":705,"column":26}},"443":{"start":{"line":704,"column":28},"end":{"line":704,"column":119}},"444":{"start":{"line":704,"column":41},"end":{"line":704,"column":77}},"445":{"start":{"line":707,"column":24},"end":{"line":709,"column":26}},"446":{"start":{"line":708,"column":28},"end":{"line":708,"column":127}},"447":{"start":{"line":708,"column":41},"end":{"line":708,"column":81}},"448":{"start":{"line":712,"column":24},"end":{"line":714,"column":26}},"449":{"start":{"line":713,"column":28},"end":{"line":713,"column":132}},"450":{"start":{"line":713,"column":41},"end":{"line":713,"column":82}},"451":{"start":{"line":716,"column":24},"end":{"line":718,"column":26}},"452":{"start":{"line":717,"column":28},"end":{"line":717,"column":124}},"453":{"start":{"line":717,"column":41},"end":{"line":717,"column":76}},"454":{"start":{"line":720,"column":24},"end":{"line":722,"column":26}},"455":{"start":{"line":721,"column":28},"end":{"line":721,"column":116}},"456":{"start":{"line":721,"column":41},"end":{"line":721,"column":74}},"457":{"start":{"line":724,"column":24},"end":{"line":726,"column":26}},"458":{"start":{"line":725,"column":28},"end":{"line":725,"column":124}},"459":{"start":{"line":725,"column":41},"end":{"line":725,"column":78}},"460":{"start":{"line":729,"column":16},"end":{"line":798,"column":18}},"461":{"start":{"line":732,"column":20},"end":{"line":738,"column":22}},"462":{"start":{"line":734,"column":24},"end":{"line":734,"column":204}},"463":{"start":{"line":735,"column":24},"end":{"line":735,"column":192}},"464":{"start":{"line":737,"column":24},"end":{"line":737,"column":73}},"465":{"start":{"line":740,"column":20},"end":{"line":763,"column":21}},"466":{"start":{"line":741,"column":24},"end":{"line":762,"column":30}},"467":{"start":{"line":744,"column":32},"end":{"line":744,"column":77}},"468":{"start":{"line":746,"column":55},"end":{"line":746,"column":62}},"469":{"start":{"line":748,"column":32},"end":{"line":748,"column":69}},"470":{"start":{"line":750,"column":32},"end":{"line":750,"column":71}},"471":{"start":{"line":752,"column":32},"end":{"line":761,"column":38}},"472":{"start":{"line":754,"column":40},"end":{"line":760,"column":46}},"473":{"start":{"line":756,"column":48},"end":{"line":756,"column":72}},"474":{"start":{"line":757,"column":48},"end":{"line":757,"column":84}},"475":{"start":{"line":759,"column":48},"end":{"line":759,"column":92}},"476":{"start":{"line":766,"column":20},"end":{"line":768,"column":22}},"477":{"start":{"line":767,"column":24},"end":{"line":767,"column":134}},"478":{"start":{"line":767,"column":37},"end":{"line":767,"column":84}},"479":{"start":{"line":770,"column":20},"end":{"line":772,"column":22}},"480":{"start":{"line":771,"column":24},"end":{"line":771,"column":123}},"481":{"start":{"line":771,"column":37},"end":{"line":771,"column":78}},"482":{"start":{"line":774,"column":20},"end":{"line":776,"column":22}},"483":{"start":{"line":775,"column":24},"end":{"line":775,"column":118}},"484":{"start":{"line":775,"column":37},"end":{"line":775,"column":76}},"485":{"start":{"line":778,"column":20},"end":{"line":780,"column":22}},"486":{"start":{"line":779,"column":24},"end":{"line":779,"column":126}},"487":{"start":{"line":779,"column":37},"end":{"line":779,"column":80}},"488":{"start":{"line":783,"column":20},"end":{"line":785,"column":22}},"489":{"start":{"line":784,"column":24},"end":{"line":784,"column":131}},"490":{"start":{"line":784,"column":37},"end":{"line":784,"column":81}},"491":{"start":{"line":787,"column":20},"end":{"line":789,"column":22}},"492":{"start":{"line":788,"column":24},"end":{"line":788,"column":123}},"493":{"start":{"line":788,"column":37},"end":{"line":788,"column":75}},"494":{"start":{"line":791,"column":20},"end":{"line":793,"column":22}},"495":{"start":{"line":792,"column":24},"end":{"line":792,"column":115}},"496":{"start":{"line":792,"column":37},"end":{"line":792,"column":73}},"497":{"start":{"line":795,"column":20},"end":{"line":797,"column":22}},"498":{"start":{"line":796,"column":24},"end":{"line":796,"column":123}},"499":{"start":{"line":796,"column":37},"end":{"line":796,"column":77}},"500":{"start":{"line":801,"column":16},"end":{"line":823,"column":18}},"501":{"start":{"line":804,"column":20},"end":{"line":811,"column":22}},"502":{"start":{"line":806,"column":24},"end":{"line":806,"column":204}},"503":{"start":{"line":807,"column":24},"end":{"line":807,"column":188}},"504":{"start":{"line":808,"column":24},"end":{"line":808,"column":35}},"505":{"start":{"line":810,"column":24},"end":{"line":810,"column":73}},"506":{"start":{"line":813,"column":20},"end":{"line":822,"column":21}},"507":{"start":{"line":814,"column":24},"end":{"line":821,"column":30}},"508":{"start":{"line":816,"column":32},"end":{"line":820,"column":38}},"509":{"start":{"line":818,"column":40},"end":{"line":818,"column":68}},"510":{"start":{"line":819,"column":40},"end":{"line":819,"column":77}},"511":{"start":{"line":828,"column":12},"end":{"line":883,"column":14}},"512":{"start":{"line":831,"column":16},"end":{"line":836,"column":18}},"513":{"start":{"line":832,"column":20},"end":{"line":832,"column":200}},"514":{"start":{"line":833,"column":20},"end":{"line":833,"column":184}},"515":{"start":{"line":835,"column":20},"end":{"line":835,"column":69}},"516":{"start":{"line":838,"column":16},"end":{"line":848,"column":17}},"517":{"start":{"line":839,"column":20},"end":{"line":847,"column":26}},"518":{"start":{"line":841,"column":28},"end":{"line":846,"column":34}},"519":{"start":{"line":843,"column":36},"end":{"line":843,"column":61}},"520":{"start":{"line":844,"column":36},"end":{"line":844,"column":70}},"521":{"start":{"line":845,"column":36},"end":{"line":845,"column":71}},"522":{"start":{"line":851,"column":16},"end":{"line":853,"column":18}},"523":{"start":{"line":852,"column":20},"end":{"line":852,"column":127}},"524":{"start":{"line":852,"column":33},"end":{"line":852,"column":77}},"525":{"start":{"line":855,"column":16},"end":{"line":857,"column":18}},"526":{"start":{"line":856,"column":20},"end":{"line":856,"column":116}},"527":{"start":{"line":856,"column":33},"end":{"line":856,"column":71}},"528":{"start":{"line":859,"column":16},"end":{"line":861,"column":18}},"529":{"start":{"line":860,"column":20},"end":{"line":860,"column":111}},"530":{"start":{"line":860,"column":33},"end":{"line":860,"column":69}},"531":{"start":{"line":863,"column":16},"end":{"line":865,"column":18}},"532":{"start":{"line":864,"column":20},"end":{"line":864,"column":119}},"533":{"start":{"line":864,"column":33},"end":{"line":864,"column":73}},"534":{"start":{"line":868,"column":16},"end":{"line":870,"column":18}},"535":{"start":{"line":869,"column":20},"end":{"line":869,"column":124}},"536":{"start":{"line":869,"column":33},"end":{"line":869,"column":74}},"537":{"start":{"line":872,"column":16},"end":{"line":874,"column":18}},"538":{"start":{"line":873,"column":20},"end":{"line":873,"column":116}},"539":{"start":{"line":873,"column":33},"end":{"line":873,"column":68}},"540":{"start":{"line":876,"column":16},"end":{"line":878,"column":18}},"541":{"start":{"line":877,"column":20},"end":{"line":877,"column":108}},"542":{"start":{"line":877,"column":33},"end":{"line":877,"column":66}},"543":{"start":{"line":880,"column":16},"end":{"line":882,"column":18}},"544":{"start":{"line":881,"column":20},"end":{"line":881,"column":116}},"545":{"start":{"line":881,"column":33},"end":{"line":881,"column":70}},"546":{"start":{"line":888,"column":8},"end":{"line":964,"column":10}},"547":{"start":{"line":892,"column":12},"end":{"line":899,"column":14}},"548":{"start":{"line":894,"column":16},"end":{"line":894,"column":196}},"549":{"start":{"line":895,"column":16},"end":{"line":895,"column":166}},"550":{"start":{"line":896,"column":16},"end":{"line":896,"column":47}},"551":{"start":{"line":898,"column":16},"end":{"line":898,"column":65}},"552":{"start":{"line":901,"column":12},"end":{"line":911,"column":13}},"553":{"start":{"line":902,"column":16},"end":{"line":910,"column":22}},"554":{"start":{"line":904,"column":24},"end":{"line":909,"column":30}},"555":{"start":{"line":906,"column":32},"end":{"line":906,"column":90}},"556":{"start":{"line":907,"column":32},"end":{"line":907,"column":90}},"557":{"start":{"line":908,"column":32},"end":{"line":908,"column":84}},"558":{"start":{"line":914,"column":12},"end":{"line":916,"column":14}},"559":{"start":{"line":915,"column":16},"end":{"line":915,"column":128}},"560":{"start":{"line":915,"column":29},"end":{"line":915,"column":78}},"561":{"start":{"line":918,"column":12},"end":{"line":920,"column":14}},"562":{"start":{"line":919,"column":16},"end":{"line":919,"column":117}},"563":{"start":{"line":919,"column":29},"end":{"line":919,"column":72}},"564":{"start":{"line":922,"column":12},"end":{"line":924,"column":14}},"565":{"start":{"line":923,"column":16},"end":{"line":923,"column":112}},"566":{"start":{"line":923,"column":29},"end":{"line":923,"column":70}},"567":{"start":{"line":926,"column":12},"end":{"line":928,"column":14}},"568":{"start":{"line":927,"column":16},"end":{"line":927,"column":120}},"569":{"start":{"line":927,"column":29},"end":{"line":927,"column":74}},"570":{"start":{"line":931,"column":12},"end":{"line":933,"column":14}},"571":{"start":{"line":932,"column":16},"end":{"line":932,"column":125}},"572":{"start":{"line":932,"column":29},"end":{"line":932,"column":75}},"573":{"start":{"line":935,"column":12},"end":{"line":937,"column":14}},"574":{"start":{"line":936,"column":16},"end":{"line":936,"column":117}},"575":{"start":{"line":936,"column":29},"end":{"line":936,"column":69}},"576":{"start":{"line":939,"column":12},"end":{"line":941,"column":14}},"577":{"start":{"line":940,"column":16},"end":{"line":940,"column":109}},"578":{"start":{"line":940,"column":29},"end":{"line":940,"column":67}},"579":{"start":{"line":943,"column":12},"end":{"line":945,"column":14}},"580":{"start":{"line":944,"column":16},"end":{"line":944,"column":117}},"581":{"start":{"line":944,"column":29},"end":{"line":944,"column":71}},"582":{"start":{"line":948,"column":13},"end":{"line":950,"column":14}},"583":{"start":{"line":949,"column":16},"end":{"line":949,"column":131}},"584":{"start":{"line":949,"column":29},"end":{"line":949,"column":81}},"585":{"start":{"line":952,"column":12},"end":{"line":954,"column":14}},"586":{"start":{"line":953,"column":16},"end":{"line":953,"column":118}},"587":{"start":{"line":953,"column":29},"end":{"line":953,"column":75}},"588":{"start":{"line":956,"column":12},"end":{"line":958,"column":14}},"589":{"start":{"line":957,"column":16},"end":{"line":957,"column":115}},"590":{"start":{"line":957,"column":29},"end":{"line":957,"column":73}},"591":{"start":{"line":960,"column":12},"end":{"line":962,"column":14}},"592":{"start":{"line":961,"column":16},"end":{"line":961,"column":123}},"593":{"start":{"line":961,"column":29},"end":{"line":961,"column":77}},"594":{"start":{"line":967,"column":8},"end":{"line":1007,"column":10}},"595":{"start":{"line":970,"column":12},"end":{"line":976,"column":14}},"596":{"start":{"line":971,"column":16},"end":{"line":971,"column":196}},"597":{"start":{"line":972,"column":16},"end":{"line":972,"column":166}},"598":{"start":{"line":973,"column":16},"end":{"line":973,"column":112}},"599":{"start":{"line":975,"column":16},"end":{"line":975,"column":81}},"600":{"start":{"line":978,"column":12},"end":{"line":990,"column":13}},"601":{"start":{"line":979,"column":16},"end":{"line":989,"column":22}},"602":{"start":{"line":981,"column":24},"end":{"line":981,"column":49}},"603":{"start":{"line":982,"column":24},"end":{"line":982,"column":59}},"604":{"start":{"line":984,"column":42},"end":{"line":984,"column":50}},"605":{"start":{"line":986,"column":24},"end":{"line":986,"column":79}},"606":{"start":{"line":987,"column":24},"end":{"line":987,"column":68}},"607":{"start":{"line":988,"column":24},"end":{"line":988,"column":65}},"608":{"start":{"line":992,"column":12},"end":{"line":994,"column":14}},"609":{"start":{"line":993,"column":16},"end":{"line":993,"column":112}},"610":{"start":{"line":993,"column":29},"end":{"line":993,"column":62}},"611":{"start":{"line":996,"column":12},"end":{"line":998,"column":14}},"612":{"start":{"line":997,"column":16},"end":{"line":997,"column":104}},"613":{"start":{"line":997,"column":29},"end":{"line":997,"column":56}},"614":{"start":{"line":1000,"column":12},"end":{"line":1002,"column":14}},"615":{"start":{"line":1001,"column":16},"end":{"line":1001,"column":96}},"616":{"start":{"line":1001,"column":29},"end":{"line":1001,"column":54}},"617":{"start":{"line":1004,"column":12},"end":{"line":1006,"column":14}},"618":{"start":{"line":1005,"column":16},"end":{"line":1005,"column":104}},"619":{"start":{"line":1005,"column":29},"end":{"line":1005,"column":58}},"620":{"start":{"line":1010,"column":8},"end":{"line":1085,"column":10}},"621":{"start":{"line":1013,"column":12},"end":{"line":1019,"column":14}},"622":{"start":{"line":1014,"column":16},"end":{"line":1014,"column":196}},"623":{"start":{"line":1015,"column":16},"end":{"line":1015,"column":166}},"624":{"start":{"line":1016,"column":16},"end":{"line":1016,"column":112}},"625":{"start":{"line":1018,"column":16},"end":{"line":1018,"column":82}},"626":{"start":{"line":1021,"column":12},"end":{"line":1049,"column":13}},"627":{"start":{"line":1023,"column":16},"end":{"line":1048,"column":18}},"628":{"start":{"line":1025,"column":24},"end":{"line":1025,"column":49}},"629":{"start":{"line":1026,"column":24},"end":{"line":1026,"column":59}},"630":{"start":{"line":1028,"column":43},"end":{"line":1028,"column":51}},"631":{"start":{"line":1030,"column":24},"end":{"line":1030,"column":80}},"632":{"start":{"line":1031,"column":24},"end":{"line":1031,"column":69}},"633":{"start":{"line":1032,"column":24},"end":{"line":1032,"column":66}},"634":{"start":{"line":1034,"column":24},"end":{"line":1047,"column":30}},"635":{"start":{"line":1036,"column":32},"end":{"line":1036,"column":59}},"636":{"start":{"line":1040,"column":50},"end":{"line":1040,"column":67}},"637":{"start":{"line":1042,"column":32},"end":{"line":1042,"column":72}},"638":{"start":{"line":1044,"column":32},"end":{"line":1044,"column":70}},"639":{"start":{"line":1045,"column":32},"end":{"line":1045,"column":73}},"640":{"start":{"line":1046,"column":32},"end":{"line":1046,"column":70}},"641":{"start":{"line":1052,"column":12},"end":{"line":1054,"column":14}},"642":{"start":{"line":1053,"column":16},"end":{"line":1053,"column":121}},"643":{"start":{"line":1053,"column":29},"end":{"line":1053,"column":71}},"644":{"start":{"line":1056,"column":12},"end":{"line":1058,"column":14}},"645":{"start":{"line":1057,"column":16},"end":{"line":1057,"column":110}},"646":{"start":{"line":1057,"column":29},"end":{"line":1057,"column":65}},"647":{"start":{"line":1060,"column":12},"end":{"line":1062,"column":14}},"648":{"start":{"line":1061,"column":16},"end":{"line":1061,"column":105}},"649":{"start":{"line":1061,"column":29},"end":{"line":1061,"column":63}},"650":{"start":{"line":1064,"column":12},"end":{"line":1066,"column":14}},"651":{"start":{"line":1065,"column":16},"end":{"line":1065,"column":113}},"652":{"start":{"line":1065,"column":29},"end":{"line":1065,"column":67}},"653":{"start":{"line":1069,"column":12},"end":{"line":1071,"column":14}},"654":{"start":{"line":1070,"column":16},"end":{"line":1070,"column":118}},"655":{"start":{"line":1070,"column":29},"end":{"line":1070,"column":68}},"656":{"start":{"line":1073,"column":12},"end":{"line":1075,"column":14}},"657":{"start":{"line":1074,"column":16},"end":{"line":1074,"column":110}},"658":{"start":{"line":1074,"column":29},"end":{"line":1074,"column":62}},"659":{"start":{"line":1077,"column":12},"end":{"line":1079,"column":14}},"660":{"start":{"line":1078,"column":16},"end":{"line":1078,"column":102}},"661":{"start":{"line":1078,"column":29},"end":{"line":1078,"column":60}},"662":{"start":{"line":1081,"column":12},"end":{"line":1083,"column":14}},"663":{"start":{"line":1082,"column":16},"end":{"line":1082,"column":110}},"664":{"start":{"line":1082,"column":29},"end":{"line":1082,"column":64}},"665":{"start":{"line":1087,"column":4},"end":{"line":1087,"column":38}},"666":{"start":{"line":1087,"column":16},"end":{"line":1087,"column":37}}},"fnMap":{"0":{"name":"(anonymous_0)","decl":{"start":{"line":7,"column":18},"end":{"line":7,"column":19}},"loc":{"start":{"line":7,"column":24},"end":{"line":1088,"column":1}},"line":7},"1":{"name":"(anonymous_1)","decl":{"start":{"line":8,"column":11},"end":{"line":8,"column":12}},"loc":{"start":{"line":8,"column":17},"end":{"line":8,"column":76}},"line":8},"2":{"name":"(anonymous_2)","decl":{"start":{"line":10,"column":15},"end":{"line":10,"column":16}},"loc":{"start":{"line":10,"column":21},"end":{"line":10,"column":100}},"line":10},"3":{"name":"(anonymous_3)","decl":{"start":{"line":12,"column":21},"end":{"line":12,"column":22}},"loc":{"start":{"line":12,"column":27},"end":{"line":1086,"column":5}},"line":12},"4":{"name":"(anonymous_4)","decl":{"start":{"line":13,"column":29},"end":{"line":13,"column":30}},"loc":{"start":{"line":13,"column":35},"end":{"line":134,"column":9}},"line":13},"5":{"name":"(anonymous_5)","decl":{"start":{"line":16,"column":23},"end":{"line":16,"column":24}},"loc":{"start":{"line":16,"column":29},"end":{"line":22,"column":13}},"line":16},"6":{"name":"(anonymous_6)","decl":{"start":{"line":24,"column":49},"end":{"line":24,"column":50}},"loc":{"start":{"line":24,"column":61},"end":{"line":42,"column":13}},"line":24},"7":{"name":"(anonymous_7)","decl":{"start":{"line":46,"column":48},"end":{"line":46,"column":49}},"loc":{"start":{"line":46,"column":54},"end":{"line":48,"column":13}},"line":46},"8":{"name":"(anonymous_8)","decl":{"start":{"line":47,"column":23},"end":{"line":47,"column":24}},"loc":{"start":{"line":47,"column":29},"end":{"line":47,"column":93}},"line":47},"9":{"name":"(anonymous_9)","decl":{"start":{"line":50,"column":57},"end":{"line":50,"column":58}},"loc":{"start":{"line":50,"column":63},"end":{"line":52,"column":13}},"line":50},"10":{"name":"(anonymous_10)","decl":{"start":{"line":51,"column":23},"end":{"line":51,"column":24}},"loc":{"start":{"line":51,"column":29},"end":{"line":51,"column":88}},"line":51},"11":{"name":"(anonymous_11)","decl":{"start":{"line":54,"column":64},"end":{"line":54,"column":65}},"loc":{"start":{"line":54,"column":70},"end":{"line":56,"column":13}},"line":54},"12":{"name":"(anonymous_12)","decl":{"start":{"line":55,"column":23},"end":{"line":55,"column":24}},"loc":{"start":{"line":55,"column":29},"end":{"line":55,"column":85}},"line":55},"13":{"name":"(anonymous_13)","decl":{"start":{"line":58,"column":65},"end":{"line":58,"column":66}},"loc":{"start":{"line":58,"column":71},"end":{"line":60,"column":13}},"line":58},"14":{"name":"(anonymous_14)","decl":{"start":{"line":59,"column":23},"end":{"line":59,"column":24}},"loc":{"start":{"line":59,"column":29},"end":{"line":59,"column":89}},"line":59},"15":{"name":"(anonymous_15)","decl":{"start":{"line":64,"column":51},"end":{"line":64,"column":52}},"loc":{"start":{"line":64,"column":57},"end":{"line":66,"column":13}},"line":64},"16":{"name":"(anonymous_16)","decl":{"start":{"line":65,"column":23},"end":{"line":65,"column":24}},"loc":{"start":{"line":65,"column":29},"end":{"line":65,"column":90}},"line":65},"17":{"name":"(anonymous_17)","decl":{"start":{"line":68,"column":56},"end":{"line":68,"column":57}},"loc":{"start":{"line":68,"column":62},"end":{"line":70,"column":13}},"line":68},"18":{"name":"(anonymous_18)","decl":{"start":{"line":69,"column":23},"end":{"line":69,"column":24}},"loc":{"start":{"line":69,"column":29},"end":{"line":69,"column":85}},"line":69},"19":{"name":"(anonymous_19)","decl":{"start":{"line":72,"column":63},"end":{"line":72,"column":64}},"loc":{"start":{"line":72,"column":69},"end":{"line":74,"column":13}},"line":72},"20":{"name":"(anonymous_20)","decl":{"start":{"line":73,"column":23},"end":{"line":73,"column":24}},"loc":{"start":{"line":73,"column":29},"end":{"line":73,"column":82}},"line":73},"21":{"name":"(anonymous_21)","decl":{"start":{"line":76,"column":64},"end":{"line":76,"column":65}},"loc":{"start":{"line":76,"column":70},"end":{"line":78,"column":13}},"line":76},"22":{"name":"(anonymous_22)","decl":{"start":{"line":77,"column":23},"end":{"line":77,"column":24}},"loc":{"start":{"line":77,"column":29},"end":{"line":77,"column":86}},"line":77},"23":{"name":"(anonymous_23)","decl":{"start":{"line":82,"column":48},"end":{"line":82,"column":49}},"loc":{"start":{"line":82,"column":54},"end":{"line":84,"column":13}},"line":82},"24":{"name":"(anonymous_24)","decl":{"start":{"line":83,"column":23},"end":{"line":83,"column":24}},"loc":{"start":{"line":83,"column":29},"end":{"line":83,"column":93}},"line":83},"25":{"name":"(anonymous_25)","decl":{"start":{"line":86,"column":53},"end":{"line":86,"column":54}},"loc":{"start":{"line":86,"column":59},"end":{"line":88,"column":13}},"line":86},"26":{"name":"(anonymous_26)","decl":{"start":{"line":87,"column":23},"end":{"line":87,"column":24}},"loc":{"start":{"line":87,"column":29},"end":{"line":87,"column":88}},"line":87},"27":{"name":"(anonymous_27)","decl":{"start":{"line":90,"column":60},"end":{"line":90,"column":61}},"loc":{"start":{"line":90,"column":66},"end":{"line":92,"column":13}},"line":90},"28":{"name":"(anonymous_28)","decl":{"start":{"line":91,"column":23},"end":{"line":91,"column":24}},"loc":{"start":{"line":91,"column":29},"end":{"line":91,"column":85}},"line":91},"29":{"name":"(anonymous_29)","decl":{"start":{"line":94,"column":61},"end":{"line":94,"column":62}},"loc":{"start":{"line":94,"column":67},"end":{"line":96,"column":13}},"line":94},"30":{"name":"(anonymous_30)","decl":{"start":{"line":95,"column":23},"end":{"line":95,"column":24}},"loc":{"start":{"line":95,"column":29},"end":{"line":95,"column":89}},"line":95},"31":{"name":"(anonymous_31)","decl":{"start":{"line":100,"column":52},"end":{"line":100,"column":53}},"loc":{"start":{"line":100,"column":58},"end":{"line":102,"column":13}},"line":100},"32":{"name":"(anonymous_32)","decl":{"start":{"line":101,"column":23},"end":{"line":101,"column":24}},"loc":{"start":{"line":101,"column":29},"end":{"line":101,"column":89}},"line":101},"33":{"name":"(anonymous_33)","decl":{"start":{"line":104,"column":57},"end":{"line":104,"column":58}},"loc":{"start":{"line":104,"column":63},"end":{"line":106,"column":13}},"line":104},"34":{"name":"(anonymous_34)","decl":{"start":{"line":105,"column":23},"end":{"line":105,"column":24}},"loc":{"start":{"line":105,"column":29},"end":{"line":105,"column":84}},"line":105},"35":{"name":"(anonymous_35)","decl":{"start":{"line":108,"column":64},"end":{"line":108,"column":65}},"loc":{"start":{"line":108,"column":70},"end":{"line":110,"column":13}},"line":108},"36":{"name":"(anonymous_36)","decl":{"start":{"line":109,"column":23},"end":{"line":109,"column":24}},"loc":{"start":{"line":109,"column":29},"end":{"line":109,"column":81}},"line":109},"37":{"name":"(anonymous_37)","decl":{"start":{"line":112,"column":65},"end":{"line":112,"column":66}},"loc":{"start":{"line":112,"column":71},"end":{"line":114,"column":13}},"line":112},"38":{"name":"(anonymous_38)","decl":{"start":{"line":113,"column":23},"end":{"line":113,"column":24}},"loc":{"start":{"line":113,"column":29},"end":{"line":113,"column":84}},"line":113},"39":{"name":"(anonymous_39)","decl":{"start":{"line":118,"column":52},"end":{"line":118,"column":53}},"loc":{"start":{"line":118,"column":58},"end":{"line":120,"column":13}},"line":118},"40":{"name":"(anonymous_40)","decl":{"start":{"line":119,"column":23},"end":{"line":119,"column":24}},"loc":{"start":{"line":119,"column":29},"end":{"line":119,"column":89}},"line":119},"41":{"name":"(anonymous_41)","decl":{"start":{"line":122,"column":57},"end":{"line":122,"column":58}},"loc":{"start":{"line":122,"column":63},"end":{"line":124,"column":13}},"line":122},"42":{"name":"(anonymous_42)","decl":{"start":{"line":123,"column":23},"end":{"line":123,"column":24}},"loc":{"start":{"line":123,"column":29},"end":{"line":123,"column":84}},"line":123},"43":{"name":"(anonymous_43)","decl":{"start":{"line":126,"column":64},"end":{"line":126,"column":65}},"loc":{"start":{"line":126,"column":70},"end":{"line":128,"column":13}},"line":126},"44":{"name":"(anonymous_44)","decl":{"start":{"line":127,"column":23},"end":{"line":127,"column":24}},"loc":{"start":{"line":127,"column":29},"end":{"line":127,"column":82}},"line":127},"45":{"name":"(anonymous_45)","decl":{"start":{"line":130,"column":65},"end":{"line":130,"column":66}},"loc":{"start":{"line":130,"column":71},"end":{"line":132,"column":13}},"line":130},"46":{"name":"(anonymous_46)","decl":{"start":{"line":131,"column":23},"end":{"line":131,"column":24}},"loc":{"start":{"line":131,"column":29},"end":{"line":131,"column":85}},"line":131},"47":{"name":"(anonymous_47)","decl":{"start":{"line":136,"column":33},"end":{"line":136,"column":34}},"loc":{"start":{"line":136,"column":39},"end":{"line":196,"column":9}},"line":136},"48":{"name":"(anonymous_48)","decl":{"start":{"line":138,"column":23},"end":{"line":138,"column":24}},"loc":{"start":{"line":138,"column":29},"end":{"line":142,"column":13}},"line":138},"49":{"name":"(anonymous_49)","decl":{"start":{"line":144,"column":61},"end":{"line":144,"column":62}},"loc":{"start":{"line":144,"column":67},"end":{"line":159,"column":13}},"line":144},"50":{"name":"(anonymous_50)","decl":{"start":{"line":148,"column":26},"end":{"line":148,"column":27}},"loc":{"start":{"line":148,"column":32},"end":{"line":158,"column":21}},"line":148},"51":{"name":"(anonymous_51)","decl":{"start":{"line":153,"column":34},"end":{"line":153,"column":35}},"loc":{"start":{"line":153,"column":44},"end":{"line":157,"column":29}},"line":153},"52":{"name":"(anonymous_52)","decl":{"start":{"line":163,"column":52},"end":{"line":163,"column":53}},"loc":{"start":{"line":163,"column":58},"end":{"line":165,"column":13}},"line":163},"53":{"name":"(anonymous_53)","decl":{"start":{"line":164,"column":23},"end":{"line":164,"column":24}},"loc":{"start":{"line":164,"column":29},"end":{"line":164,"column":77}},"line":164},"54":{"name":"(anonymous_54)","decl":{"start":{"line":167,"column":57},"end":{"line":167,"column":58}},"loc":{"start":{"line":167,"column":63},"end":{"line":169,"column":13}},"line":167},"55":{"name":"(anonymous_55)","decl":{"start":{"line":168,"column":23},"end":{"line":168,"column":24}},"loc":{"start":{"line":168,"column":29},"end":{"line":168,"column":73}},"line":168},"56":{"name":"(anonymous_56)","decl":{"start":{"line":171,"column":64},"end":{"line":171,"column":65}},"loc":{"start":{"line":171,"column":70},"end":{"line":173,"column":13}},"line":171},"57":{"name":"(anonymous_57)","decl":{"start":{"line":172,"column":23},"end":{"line":172,"column":24}},"loc":{"start":{"line":172,"column":29},"end":{"line":172,"column":69}},"line":172},"58":{"name":"(anonymous_58)","decl":{"start":{"line":175,"column":65},"end":{"line":175,"column":66}},"loc":{"start":{"line":175,"column":71},"end":{"line":177,"column":13}},"line":175},"59":{"name":"(anonymous_59)","decl":{"start":{"line":176,"column":23},"end":{"line":176,"column":24}},"loc":{"start":{"line":176,"column":29},"end":{"line":176,"column":72}},"line":176},"60":{"name":"(anonymous_60)","decl":{"start":{"line":181,"column":52},"end":{"line":181,"column":53}},"loc":{"start":{"line":181,"column":58},"end":{"line":183,"column":13}},"line":181},"61":{"name":"(anonymous_61)","decl":{"start":{"line":182,"column":23},"end":{"line":182,"column":24}},"loc":{"start":{"line":182,"column":29},"end":{"line":182,"column":77}},"line":182},"62":{"name":"(anonymous_62)","decl":{"start":{"line":185,"column":57},"end":{"line":185,"column":58}},"loc":{"start":{"line":185,"column":63},"end":{"line":187,"column":13}},"line":185},"63":{"name":"(anonymous_63)","decl":{"start":{"line":186,"column":23},"end":{"line":186,"column":24}},"loc":{"start":{"line":186,"column":29},"end":{"line":186,"column":73}},"line":186},"64":{"name":"(anonymous_64)","decl":{"start":{"line":189,"column":64},"end":{"line":189,"column":65}},"loc":{"start":{"line":189,"column":70},"end":{"line":191,"column":13}},"line":189},"65":{"name":"(anonymous_65)","decl":{"start":{"line":190,"column":23},"end":{"line":190,"column":24}},"loc":{"start":{"line":190,"column":29},"end":{"line":190,"column":69}},"line":190},"66":{"name":"(anonymous_66)","decl":{"start":{"line":193,"column":65},"end":{"line":193,"column":66}},"loc":{"start":{"line":193,"column":71},"end":{"line":195,"column":13}},"line":193},"67":{"name":"(anonymous_67)","decl":{"start":{"line":194,"column":23},"end":{"line":194,"column":24}},"loc":{"start":{"line":194,"column":29},"end":{"line":194,"column":72}},"line":194},"68":{"name":"(anonymous_68)","decl":{"start":{"line":198,"column":39},"end":{"line":198,"column":40}},"loc":{"start":{"line":198,"column":45},"end":{"line":241,"column":9}},"line":198},"69":{"name":"(anonymous_69)","decl":{"start":{"line":200,"column":23},"end":{"line":200,"column":24}},"loc":{"start":{"line":200,"column":29},"end":{"line":204,"column":13}},"line":200},"70":{"name":"(anonymous_70)","decl":{"start":{"line":206,"column":61},"end":{"line":206,"column":62}},"loc":{"start":{"line":206,"column":67},"end":{"line":221,"column":13}},"line":206},"71":{"name":"(anonymous_71)","decl":{"start":{"line":210,"column":26},"end":{"line":210,"column":27}},"loc":{"start":{"line":210,"column":36},"end":{"line":220,"column":21}},"line":210},"72":{"name":"(anonymous_72)","decl":{"start":{"line":215,"column":34},"end":{"line":215,"column":35}},"loc":{"start":{"line":215,"column":44},"end":{"line":219,"column":29}},"line":215},"73":{"name":"(anonymous_73)","decl":{"start":{"line":225,"column":46},"end":{"line":225,"column":47}},"loc":{"start":{"line":225,"column":52},"end":{"line":227,"column":13}},"line":225},"74":{"name":"(anonymous_74)","decl":{"start":{"line":226,"column":23},"end":{"line":226,"column":24}},"loc":{"start":{"line":226,"column":29},"end":{"line":226,"column":64}},"line":226},"75":{"name":"(anonymous_75)","decl":{"start":{"line":229,"column":51},"end":{"line":229,"column":52}},"loc":{"start":{"line":229,"column":57},"end":{"line":231,"column":13}},"line":229},"76":{"name":"(anonymous_76)","decl":{"start":{"line":230,"column":23},"end":{"line":230,"column":24}},"loc":{"start":{"line":230,"column":29},"end":{"line":230,"column":60}},"line":230},"77":{"name":"(anonymous_77)","decl":{"start":{"line":233,"column":58},"end":{"line":233,"column":59}},"loc":{"start":{"line":233,"column":64},"end":{"line":235,"column":13}},"line":233},"78":{"name":"(anonymous_78)","decl":{"start":{"line":234,"column":23},"end":{"line":234,"column":24}},"loc":{"start":{"line":234,"column":29},"end":{"line":234,"column":56}},"line":234},"79":{"name":"(anonymous_79)","decl":{"start":{"line":237,"column":59},"end":{"line":237,"column":60}},"loc":{"start":{"line":237,"column":65},"end":{"line":239,"column":13}},"line":237},"80":{"name":"(anonymous_80)","decl":{"start":{"line":238,"column":23},"end":{"line":238,"column":24}},"loc":{"start":{"line":238,"column":29},"end":{"line":238,"column":57}},"line":238},"81":{"name":"(anonymous_81)","decl":{"start":{"line":243,"column":36},"end":{"line":243,"column":37}},"loc":{"start":{"line":243,"column":42},"end":{"line":262,"column":9}},"line":243},"82":{"name":"(anonymous_82)","decl":{"start":{"line":246,"column":23},"end":{"line":246,"column":24}},"loc":{"start":{"line":246,"column":29},"end":{"line":250,"column":13}},"line":246},"83":{"name":"(anonymous_83)","decl":{"start":{"line":252,"column":49},"end":{"line":252,"column":50}},"loc":{"start":{"line":252,"column":61},"end":{"line":261,"column":13}},"line":252},"84":{"name":"(anonymous_84)","decl":{"start":{"line":264,"column":29},"end":{"line":264,"column":30}},"loc":{"start":{"line":264,"column":35},"end":{"line":886,"column":9}},"line":264},"85":{"name":"(anonymous_85)","decl":{"start":{"line":265,"column":31},"end":{"line":265,"column":32}},"loc":{"start":{"line":265,"column":37},"end":{"line":412,"column":13}},"line":265},"86":{"name":"(anonymous_86)","decl":{"start":{"line":268,"column":27},"end":{"line":268,"column":28}},"loc":{"start":{"line":268,"column":33},"end":{"line":279,"column":17}},"line":268},"87":{"name":"(anonymous_87)","decl":{"start":{"line":281,"column":52},"end":{"line":281,"column":53}},"loc":{"start":{"line":281,"column":64},"end":{"line":309,"column":17}},"line":281},"88":{"name":"(anonymous_88)","decl":{"start":{"line":312,"column":54},"end":{"line":312,"column":55}},"loc":{"start":{"line":312,"column":60},"end":{"line":314,"column":17}},"line":312},"89":{"name":"(anonymous_89)","decl":{"start":{"line":313,"column":27},"end":{"line":313,"column":28}},"loc":{"start":{"line":313,"column":33},"end":{"line":313,"column":110}},"line":313},"90":{"name":"(anonymous_90)","decl":{"start":{"line":316,"column":58},"end":{"line":316,"column":59}},"loc":{"start":{"line":316,"column":64},"end":{"line":318,"column":17}},"line":316},"91":{"name":"(anonymous_91)","decl":{"start":{"line":317,"column":27},"end":{"line":317,"column":28}},"loc":{"start":{"line":317,"column":33},"end":{"line":317,"column":105}},"line":317},"92":{"name":"(anonymous_92)","decl":{"start":{"line":320,"column":65},"end":{"line":320,"column":66}},"loc":{"start":{"line":320,"column":71},"end":{"line":322,"column":17}},"line":320},"93":{"name":"(anonymous_93)","decl":{"start":{"line":321,"column":27},"end":{"line":321,"column":28}},"loc":{"start":{"line":321,"column":33},"end":{"line":321,"column":102}},"line":321},"94":{"name":"(anonymous_94)","decl":{"start":{"line":324,"column":66},"end":{"line":324,"column":67}},"loc":{"start":{"line":324,"column":72},"end":{"line":326,"column":17}},"line":324},"95":{"name":"(anonymous_95)","decl":{"start":{"line":325,"column":27},"end":{"line":325,"column":28}},"loc":{"start":{"line":325,"column":33},"end":{"line":325,"column":105}},"line":325},"96":{"name":"(anonymous_96)","decl":{"start":{"line":329,"column":60},"end":{"line":329,"column":61}},"loc":{"start":{"line":329,"column":66},"end":{"line":331,"column":17}},"line":329},"97":{"name":"(anonymous_97)","decl":{"start":{"line":330,"column":27},"end":{"line":330,"column":28}},"loc":{"start":{"line":330,"column":33},"end":{"line":330,"column":104}},"line":330},"98":{"name":"(anonymous_98)","decl":{"start":{"line":333,"column":64},"end":{"line":333,"column":65}},"loc":{"start":{"line":333,"column":70},"end":{"line":335,"column":17}},"line":333},"99":{"name":"(anonymous_99)","decl":{"start":{"line":334,"column":27},"end":{"line":334,"column":28}},"loc":{"start":{"line":334,"column":33},"end":{"line":334,"column":99}},"line":334},"100":{"name":"(anonymous_100)","decl":{"start":{"line":337,"column":71},"end":{"line":337,"column":72}},"loc":{"start":{"line":337,"column":77},"end":{"line":339,"column":17}},"line":337},"101":{"name":"(anonymous_101)","decl":{"start":{"line":338,"column":27},"end":{"line":338,"column":28}},"loc":{"start":{"line":338,"column":33},"end":{"line":338,"column":96}},"line":338},"102":{"name":"(anonymous_102)","decl":{"start":{"line":341,"column":72},"end":{"line":341,"column":73}},"loc":{"start":{"line":341,"column":78},"end":{"line":343,"column":17}},"line":341},"103":{"name":"(anonymous_103)","decl":{"start":{"line":342,"column":27},"end":{"line":342,"column":28}},"loc":{"start":{"line":342,"column":33},"end":{"line":342,"column":99}},"line":342},"104":{"name":"(anonymous_104)","decl":{"start":{"line":346,"column":53},"end":{"line":346,"column":54}},"loc":{"start":{"line":346,"column":59},"end":{"line":348,"column":17}},"line":346},"105":{"name":"(anonymous_105)","decl":{"start":{"line":347,"column":27},"end":{"line":347,"column":28}},"loc":{"start":{"line":347,"column":33},"end":{"line":347,"column":111}},"line":347},"106":{"name":"(anonymous_106)","decl":{"start":{"line":350,"column":57},"end":{"line":350,"column":58}},"loc":{"start":{"line":350,"column":63},"end":{"line":352,"column":17}},"line":350},"107":{"name":"(anonymous_107)","decl":{"start":{"line":351,"column":27},"end":{"line":351,"column":28}},"loc":{"start":{"line":351,"column":33},"end":{"line":351,"column":106}},"line":351},"108":{"name":"(anonymous_108)","decl":{"start":{"line":354,"column":64},"end":{"line":354,"column":65}},"loc":{"start":{"line":354,"column":70},"end":{"line":356,"column":17}},"line":354},"109":{"name":"(anonymous_109)","decl":{"start":{"line":355,"column":27},"end":{"line":355,"column":28}},"loc":{"start":{"line":355,"column":33},"end":{"line":355,"column":103}},"line":355},"110":{"name":"(anonymous_110)","decl":{"start":{"line":358,"column":65},"end":{"line":358,"column":66}},"loc":{"start":{"line":358,"column":71},"end":{"line":360,"column":17}},"line":358},"111":{"name":"(anonymous_111)","decl":{"start":{"line":359,"column":27},"end":{"line":359,"column":28}},"loc":{"start":{"line":359,"column":33},"end":{"line":359,"column":106}},"line":359},"112":{"name":"(anonymous_112)","decl":{"start":{"line":363,"column":54},"end":{"line":363,"column":55}},"loc":{"start":{"line":363,"column":60},"end":{"line":365,"column":17}},"line":363},"113":{"name":"(anonymous_113)","decl":{"start":{"line":364,"column":27},"end":{"line":364,"column":28}},"loc":{"start":{"line":364,"column":33},"end":{"line":364,"column":110}},"line":364},"114":{"name":"(anonymous_114)","decl":{"start":{"line":367,"column":58},"end":{"line":367,"column":59}},"loc":{"start":{"line":367,"column":64},"end":{"line":369,"column":17}},"line":367},"115":{"name":"(anonymous_115)","decl":{"start":{"line":368,"column":27},"end":{"line":368,"column":28}},"loc":{"start":{"line":368,"column":33},"end":{"line":368,"column":105}},"line":368},"116":{"name":"(anonymous_116)","decl":{"start":{"line":371,"column":65},"end":{"line":371,"column":66}},"loc":{"start":{"line":371,"column":71},"end":{"line":373,"column":17}},"line":371},"117":{"name":"(anonymous_117)","decl":{"start":{"line":372,"column":27},"end":{"line":372,"column":28}},"loc":{"start":{"line":372,"column":33},"end":{"line":372,"column":102}},"line":372},"118":{"name":"(anonymous_118)","decl":{"start":{"line":375,"column":66},"end":{"line":375,"column":67}},"loc":{"start":{"line":375,"column":72},"end":{"line":377,"column":17}},"line":375},"119":{"name":"(anonymous_119)","decl":{"start":{"line":376,"column":27},"end":{"line":376,"column":28}},"loc":{"start":{"line":376,"column":33},"end":{"line":376,"column":105}},"line":376},"120":{"name":"(anonymous_120)","decl":{"start":{"line":380,"column":53},"end":{"line":380,"column":54}},"loc":{"start":{"line":380,"column":59},"end":{"line":382,"column":17}},"line":380},"121":{"name":"(anonymous_121)","decl":{"start":{"line":381,"column":27},"end":{"line":381,"column":28}},"loc":{"start":{"line":381,"column":33},"end":{"line":381,"column":111}},"line":381},"122":{"name":"(anonymous_122)","decl":{"start":{"line":384,"column":57},"end":{"line":384,"column":58}},"loc":{"start":{"line":384,"column":63},"end":{"line":386,"column":17}},"line":384},"123":{"name":"(anonymous_123)","decl":{"start":{"line":385,"column":27},"end":{"line":385,"column":28}},"loc":{"start":{"line":385,"column":33},"end":{"line":385,"column":106}},"line":385},"124":{"name":"(anonymous_124)","decl":{"start":{"line":388,"column":64},"end":{"line":388,"column":65}},"loc":{"start":{"line":388,"column":70},"end":{"line":390,"column":17}},"line":388},"125":{"name":"(anonymous_125)","decl":{"start":{"line":389,"column":27},"end":{"line":389,"column":28}},"loc":{"start":{"line":389,"column":33},"end":{"line":389,"column":103}},"line":389},"126":{"name":"(anonymous_126)","decl":{"start":{"line":392,"column":65},"end":{"line":392,"column":66}},"loc":{"start":{"line":392,"column":71},"end":{"line":394,"column":17}},"line":392},"127":{"name":"(anonymous_127)","decl":{"start":{"line":393,"column":27},"end":{"line":393,"column":28}},"loc":{"start":{"line":393,"column":33},"end":{"line":393,"column":106}},"line":393},"128":{"name":"(anonymous_128)","decl":{"start":{"line":397,"column":55},"end":{"line":397,"column":56}},"loc":{"start":{"line":397,"column":61},"end":{"line":399,"column":17}},"line":397},"129":{"name":"(anonymous_129)","decl":{"start":{"line":398,"column":27},"end":{"line":398,"column":28}},"loc":{"start":{"line":398,"column":33},"end":{"line":398,"column":108}},"line":398},"130":{"name":"(anonymous_130)","decl":{"start":{"line":401,"column":59},"end":{"line":401,"column":60}},"loc":{"start":{"line":401,"column":65},"end":{"line":403,"column":17}},"line":401},"131":{"name":"(anonymous_131)","decl":{"start":{"line":402,"column":27},"end":{"line":402,"column":28}},"loc":{"start":{"line":402,"column":33},"end":{"line":402,"column":103}},"line":402},"132":{"name":"(anonymous_132)","decl":{"start":{"line":405,"column":66},"end":{"line":405,"column":67}},"loc":{"start":{"line":405,"column":72},"end":{"line":407,"column":17}},"line":405},"133":{"name":"(anonymous_133)","decl":{"start":{"line":406,"column":27},"end":{"line":406,"column":28}},"loc":{"start":{"line":406,"column":33},"end":{"line":406,"column":100}},"line":406},"134":{"name":"(anonymous_134)","decl":{"start":{"line":409,"column":67},"end":{"line":409,"column":68}},"loc":{"start":{"line":409,"column":73},"end":{"line":411,"column":17}},"line":409},"135":{"name":"(anonymous_135)","decl":{"start":{"line":410,"column":27},"end":{"line":410,"column":28}},"loc":{"start":{"line":410,"column":33},"end":{"line":410,"column":103}},"line":410},"136":{"name":"(anonymous_136)","decl":{"start":{"line":414,"column":29},"end":{"line":414,"column":30}},"loc":{"start":{"line":414,"column":35},"end":{"line":825,"column":13}},"line":414},"137":{"name":"(anonymous_137)","decl":{"start":{"line":417,"column":27},"end":{"line":417,"column":28}},"loc":{"start":{"line":417,"column":33},"end":{"line":425,"column":17}},"line":417},"138":{"name":"(anonymous_138)","decl":{"start":{"line":427,"column":74},"end":{"line":427,"column":75}},"loc":{"start":{"line":428,"column":20},"end":{"line":467,"column":26}},"line":428},"139":{"name":"(anonymous_139)","decl":{"start":{"line":429,"column":30},"end":{"line":429,"column":31}},"loc":{"start":{"line":429,"column":42},"end":{"line":467,"column":25}},"line":429},"140":{"name":"(anonymous_140)","decl":{"start":{"line":431,"column":38},"end":{"line":431,"column":39}},"loc":{"start":{"line":431,"column":51},"end":{"line":466,"column":33}},"line":431},"141":{"name":"(anonymous_141)","decl":{"start":{"line":470,"column":74},"end":{"line":470,"column":75}},"loc":{"start":{"line":470,"column":80},"end":{"line":472,"column":17}},"line":470},"142":{"name":"(anonymous_142)","decl":{"start":{"line":471,"column":27},"end":{"line":471,"column":28}},"loc":{"start":{"line":471,"column":33},"end":{"line":471,"column":71}},"line":471},"143":{"name":"(anonymous_143)","decl":{"start":{"line":474,"column":79},"end":{"line":474,"column":80}},"loc":{"start":{"line":474,"column":85},"end":{"line":476,"column":17}},"line":474},"144":{"name":"(anonymous_144)","decl":{"start":{"line":475,"column":27},"end":{"line":475,"column":28}},"loc":{"start":{"line":475,"column":33},"end":{"line":475,"column":67}},"line":475},"145":{"name":"(anonymous_145)","decl":{"start":{"line":478,"column":71},"end":{"line":478,"column":72}},"loc":{"start":{"line":478,"column":77},"end":{"line":480,"column":17}},"line":478},"146":{"name":"(anonymous_146)","decl":{"start":{"line":479,"column":27},"end":{"line":479,"column":28}},"loc":{"start":{"line":479,"column":33},"end":{"line":479,"column":65}},"line":479},"147":{"name":"(anonymous_147)","decl":{"start":{"line":482,"column":72},"end":{"line":482,"column":73}},"loc":{"start":{"line":482,"column":78},"end":{"line":484,"column":17}},"line":482},"148":{"name":"(anonymous_148)","decl":{"start":{"line":483,"column":27},"end":{"line":483,"column":28}},"loc":{"start":{"line":483,"column":33},"end":{"line":483,"column":66}},"line":483},"149":{"name":"(anonymous_149)","decl":{"start":{"line":486,"column":64},"end":{"line":486,"column":65}},"loc":{"start":{"line":487,"column":20},"end":{"line":529,"column":26}},"line":487},"150":{"name":"(anonymous_150)","decl":{"start":{"line":488,"column":30},"end":{"line":488,"column":31}},"loc":{"start":{"line":488,"column":41},"end":{"line":529,"column":25}},"line":488},"151":{"name":"(anonymous_151)","decl":{"start":{"line":491,"column":38},"end":{"line":491,"column":39}},"loc":{"start":{"line":491,"column":51},"end":{"line":528,"column":33}},"line":491},"152":{"name":"(anonymous_152)","decl":{"start":{"line":533,"column":70},"end":{"line":533,"column":71}},"loc":{"start":{"line":533,"column":76},"end":{"line":535,"column":17}},"line":533},"153":{"name":"(anonymous_153)","decl":{"start":{"line":534,"column":27},"end":{"line":534,"column":28}},"loc":{"start":{"line":534,"column":33},"end":{"line":534,"column":90}},"line":534},"154":{"name":"(anonymous_154)","decl":{"start":{"line":537,"column":67},"end":{"line":537,"column":68}},"loc":{"start":{"line":537,"column":73},"end":{"line":539,"column":17}},"line":537},"155":{"name":"(anonymous_155)","decl":{"start":{"line":538,"column":27},"end":{"line":538,"column":28}},"loc":{"start":{"line":538,"column":33},"end":{"line":538,"column":87}},"line":538},"156":{"name":"(anonymous_156)","decl":{"start":{"line":541,"column":75},"end":{"line":541,"column":76}},"loc":{"start":{"line":541,"column":81},"end":{"line":543,"column":17}},"line":541},"157":{"name":"(anonymous_157)","decl":{"start":{"line":542,"column":27},"end":{"line":542,"column":28}},"loc":{"start":{"line":542,"column":33},"end":{"line":542,"column":87}},"line":542},"158":{"name":"(anonymous_158)","decl":{"start":{"line":545,"column":67},"end":{"line":545,"column":68}},"loc":{"start":{"line":545,"column":73},"end":{"line":547,"column":17}},"line":545},"159":{"name":"(anonymous_159)","decl":{"start":{"line":546,"column":27},"end":{"line":546,"column":28}},"loc":{"start":{"line":546,"column":33},"end":{"line":546,"column":85}},"line":546},"160":{"name":"(anonymous_160)","decl":{"start":{"line":550,"column":70},"end":{"line":550,"column":71}},"loc":{"start":{"line":550,"column":76},"end":{"line":552,"column":17}},"line":550},"161":{"name":"(anonymous_161)","decl":{"start":{"line":551,"column":27},"end":{"line":551,"column":28}},"loc":{"start":{"line":551,"column":33},"end":{"line":551,"column":93}},"line":551},"162":{"name":"(anonymous_162)","decl":{"start":{"line":554,"column":67},"end":{"line":554,"column":68}},"loc":{"start":{"line":554,"column":73},"end":{"line":556,"column":17}},"line":554},"163":{"name":"(anonymous_163)","decl":{"start":{"line":555,"column":27},"end":{"line":555,"column":28}},"loc":{"start":{"line":555,"column":33},"end":{"line":555,"column":90}},"line":555},"164":{"name":"(anonymous_164)","decl":{"start":{"line":558,"column":75},"end":{"line":558,"column":76}},"loc":{"start":{"line":558,"column":81},"end":{"line":560,"column":17}},"line":558},"165":{"name":"(anonymous_165)","decl":{"start":{"line":559,"column":27},"end":{"line":559,"column":28}},"loc":{"start":{"line":559,"column":33},"end":{"line":559,"column":90}},"line":559},"166":{"name":"(anonymous_166)","decl":{"start":{"line":562,"column":67},"end":{"line":562,"column":68}},"loc":{"start":{"line":562,"column":73},"end":{"line":564,"column":17}},"line":562},"167":{"name":"(anonymous_167)","decl":{"start":{"line":563,"column":27},"end":{"line":563,"column":28}},"loc":{"start":{"line":563,"column":33},"end":{"line":563,"column":87}},"line":563},"168":{"name":"(anonymous_168)","decl":{"start":{"line":567,"column":75},"end":{"line":567,"column":76}},"loc":{"start":{"line":567,"column":81},"end":{"line":569,"column":17}},"line":567},"169":{"name":"(anonymous_169)","decl":{"start":{"line":568,"column":27},"end":{"line":568,"column":28}},"loc":{"sta
[...]
ine":65,"column":89}},{"start":{"line":65,"column":12},"end":{"line":65,"column":89}}],"line":65},"3":{"loc":{"start":{"line":95,"column":12},"end":{"line":95,"column":104}},"type":"if","locations":[{"start":{"line":95,"column":12},"end":{"line":95,"column":104}},{"start":{"line":95,"column":12},"end":{"line":95,"column":104}}],"line":95},"4":{"loc":{"start":{"line":95,"column":16},"end":{"line":95,"column":51}},"type":"binary-expr","locations":[{"start":{"line":95,"column":16},"end":{"line":95,"column":21}},{"start":{"line":95,"column":25},"end":{"line":95,"column":51}}],"line":95},"5":{"loc":{"start":{"line":118,"column":12},"end":{"line":118,"column":64}},"type":"if","locations":[{"start":{"line":118,"column":12},"end":{"line":118,"column":64}},{"start":{"line":118,"column":12},"end":{"line":118,"column":64}}],"line":118},"6":{"loc":{"start":{"line":171,"column":8},"end":{"line":171,"column":78}},"type":"if","locations":[{"start":{"line":171,"column":8},"end":{"line":171,"column":78}},{"start":{"line":171,"column":8},"end":{"line":171,"column":78}}],"line":171},"7":{"loc":{"start":{"line":197,"column":8},"end":{"line":201,"column":9}},"type":"if","locations":[{"start":{"line":197,"column":8},"end":{"line":201,"column":9}},{"start":{"line":197,"column":8},"end":{"line":201,"column":9}}],"line":197},"8":{"loc":{"start":{"line":206,"column":8},"end":{"line":213,"column":14}},"type":"if","locations":[{"start":{"line":206,"column":8},"end":{"line":213,"column":14}},{"start":{"line":206,"column":8},"end":{"line":213,"column":14}}],"line":206},"9":{"loc":{"start":{"line":224,"column":8},"end":{"line":227,"column":14}},"type":"if","locations":[{"start":{"line":224,"column":8},"end":{"line":227,"column":14}},{"start":{"line":224,"column":8},"end":{"line":227,"column":14}}],"line":224},"10":{"loc":{"start":{"line":267,"column":8},"end":{"line":267,"column":96}},"type":"if","locations":[{"start":{"line":267,"column":8},"end":{"line":267,"column":96}},{"start":{"line":267,"column":8},"end":{"line":267,"column":96}}],"line":267},"11":{"loc":{"start":{"line":272,"column":12},"end":{"line":272,"column":61}},"type":"if","locations":[{"start":{"line":272,"column":12},"end":{"line":272,"column":61}},{"start":{"line":272,"column":12},"end":{"line":272,"column":61}}],"line":272},"12":{"loc":{"start":{"line":279,"column":12},"end":{"line":282,"column":13}},"type":"if","locations":[{"start":{"line":279,"column":12},"end":{"line":282,"column":13}},{"start":{"line":279,"column":12},"end":{"line":282,"column":13}}],"line":279},"13":{"loc":{"start":{"line":325,"column":8},"end":{"line":325,"column":87}},"type":"if","locations":[{"start":{"line":325,"column":8},"end":{"line":325,"column":87}},{"start":{"line":325,"column":8},"end":{"line":325,"column":87}}],"line":325},"14":{"loc":{"start":{"line":353,"column":8},"end":{"line":353,"column":77}},"type":"if","locations":[{"start":{"line":353,"column":8},"end":{"line":353,"column":77}},{"start":{"line":353,"column":8},"end":{"line":353,"column":77}}],"line":353},"15":{"loc":{"start":{"line":355,"column":8},"end":{"line":355,"column":77}},"type":"if","locations":[{"start":{"line":355,"column":8},"end":{"line":355,"column":77}},{"start":{"line":355,"column":8},"end":{"line":355,"column":77}}],"line":355},"16":{"loc":{"start":{"line":362,"column":12},"end":{"line":362,"column":38}},"type":"if","locations":[{"start":{"line":362,"column":12},"end":{"line":362,"column":38}},{"start":{"line":362,"column":12},"end":{"line":362,"column":38}}],"line":362},"17":{"loc":{"start":{"line":363,"column":12},"end":{"line":363,"column":38}},"type":"if","locations":[{"start":{"line":363,"column":12},"end":{"line":363,"column":38}},{"start":{"line":363,"column":12},"end":{"line":363,"column":38}}],"line":363},"18":{"loc":{"start":{"line":458,"column":12},"end":{"line":458,"column":98}},"type":"if","locations":[{"start":{"line":458,"column":12},"end":{"line":458,"column":98}},{"start":{"line":458,"column":12},"end":{"line":458,"column":98}}],"line":458},"19":{"loc":{"start":{"line":521,"column":12},"end":{"line":527,"column":13}},"type":"if","locations":[{"start":{"line":521,"column":12},"end":{"line":527,"column":13}},{"start":{"line":521,"column":12},"end":{"line":527,"column":13}}],"line":521},"20":{"loc":{"start":{"line":532,"column":12},"end":{"line":534,"column":58}},"type":"if","locations":[{"start":{"line":532,"column":12},"end":{"line":534,"column":58}},{"start":{"line":532,"column":12},"end":{"line":534,"column":58}}],"line":532},"21":{"loc":{"start":{"line":586,"column":12},"end":{"line":586,"column":100}},"type":"if","locations":[{"start":{"line":586,"column":12},"end":{"line":586,"column":100}},{"start":{"line":586,"column":12},"end":{"line":586,"column":100}}],"line":586},"22":{"loc":{"start":{"line":589,"column":16},"end":{"line":592,"column":17}},"type":"if","locations":[{"start":{"line":589,"column":16},"end":{"line":592,"column":17}},{"start":{"line":589,"column":16},"end":{"line":592,"column":17}}],"line":589},"23":{"loc":{"start":{"line":626,"column":12},"end":{"line":630,"column":13}},"type":"if","locations":[{"start":{"line":626,"column":12},"end":{"line":630,"column":13}},{"start":{"line":626,"column":12},"end":{"line":630,"column":13}}],"line":626}},"s":{"0":1,"1":1,"2":1,"3":1,"4":1,"5":1,"6":1,"7":0,"8":0,"9":0,"10":0,"11":0,"12":0,"13":0,"14":0,"15":21,"16":1,"17":1,"18":1,"19":0,"20":1,"21":1,"22":10,"23":1,"24":1,"25":1,"26":0,"27":1,"28":4,"29":1,"30":1,"31":1,"32":0,"33":1,"34":1,"35":1,"36":1,"37":1,"38":1,"39":1,"40":0,"41":0,"42":0,"43":0,"44":0,"45":0,"46":0,"47":0,"48":0,"49":0,"50":0,"51":0,"52":0,"53":0,"54":0,"55":0,"56":0,"57":0,"58":0,"59":0,"60":0,"61":0,"62":0,"63":0,"64":0,"65":25,"66":1,"67":1,"68":1,"69":0,"70":1,"71":1,"72":1,"73":0,"74":1,"75":1,"76":1,"77":0,"78":0,"79":1,"80":0,"81":0,"82":0,"83":1,"84":1,"85":1,"86":0,"87":1,"88":1,"89":13,"90":5,"91":2,"92":3,"93":2,"94":1,"95":1,"96":1,"97":0,"98":1,"99":0,"100":1,"101":1,"102":2,"103":2,"104":1,"105":5,"106":1,"107":1,"108":1,"109":2,"110":2,"111":1,"112":5,"113":1,"114":1,"115":1,"116":1,"117":1,"118":1,"119":19,"120":3,"121":3,"122":3,"123":0,"124":3,"125":0,"126":3,"127":3,"128":9,"129":1,"130":1,"131":1,"132":1,"133":1,"134":1,"135":1,"136":1,"137":1,"138":1,"139":1,"140":1,"141":0,"142":0,"143":1,"144":1,"145":0,"146":1,"147":13,"148":1,"149":1,"150":1,"151":6,"152":2,"153":2,"154":2,"155":0,"156":2,"157":2,"158":2,"159":2,"160":2,"161":2,"162":2,"163":2,"164":9,"165":1,"166":1,"167":1,"168":1,"169":1,"170":1},"f":{"0":0,"1":0,"2":0,"3":0,"4":21,"5":1,"6":10,"7":1,"8":4,"9":1,"10":1,"11":0,"12":0,"13":0,"14":0,"15":0,"16":0,"17":0,"18":0,"19":25,"20":1,"21":0,"22":1,"23":13,"24":1,"25":2,"26":5,"27":1,"28":2,"29":5,"30":1,"31":1,"32":19,"33":3,"34":0,"35":9,"36":1,"37":1,"38":1,"39":1,"40":0,"41":13,"42":1,"43":6,"44":2,"45":2,"46":9,"47":1},"b":{"0":[0,0],"1":[0,0],"2":[0,1],"3":[0,1],"4":[1,1],"5":[0,1],"6":[0,0],"7":[0,0],"8":[0,0],"9":[0,0],"10":[0,1],"11":[0,1],"12":[0,1],"13":[0,1],"14":[2,3],"15":[2,1],"16":[0,1],"17":[0,1],"18":[0,3],"19":[1,0],"20":[0,1],"21":[0,2],"22":[2,0],"23":[1,0]},"_coverageSchema":"43e27e138ebf9cfc5966b082cf9a028302ed4184","hash":"10c66cce300c7ea58589060d35f640eada046d4d","contentHash":"a9ccdffc3b2f9bf98a88b4777b49244f"},"/Users/dani/Desktop/skylab/skylab-bootcamp-201809/staff/daniel-villegas/partyup/partyup-api/utilities/validate.js":{"path":"/Users/dani/Desktop/skylab/skylab-bootcamp-201809/staff/daniel-villegas/partyup/partyup-api/utilities/validate.js","statementMap":{"0":{"start":{"line":4,"column":4},"end":{"line":30,"column":6}},"1":{"start":{"line":5,"column":8},"end":{"line":29,"column":9}},"2":{"start":{"line":7,"column":16},"end":{"line":7,"column":52}},"3":{"start":{"line":7,"column":47},"end":{"line":7,"column":52}},"4":{"start":{"line":9,"column":16},"end":{"line":9,"column":90}},"5":{"start":{"line":9,"column":47},"end":{"line":9,"column":90}},"6":{"start":{"line":11,"column":16},"end":{"line":11,"column":85}},"7":{"start":{"line":11,"column":42},"end":{"line":11,"column":85}},"8":{"start":{"line":13,"column":16},"end":{"line":13,"column":21}},"9":{"start":{"line":15,"column":16},"end":{"line":15,"column":52}},"10":{"start":{"line":15,"column":47},"end":{"line":15,"column":52}},"11":{"start":{"line":17,"column":16},"end":{"line":17,"column":92}},"12":{"start":{"line":17,"column":48},"end":{"line":17,"column":92}},"13":{"start":{"line":19,"column":16},"end":{"line":19,"column":21}},"14":{"start":{"line":21,"column":16},"end":{"line":21,"column":52}},"15":{"start":{"line":21,"column":47},"end":{"line":21,"column":52}},"16":{"start":{"line":23,"column":16},"end":{"line":23,"column":90}},"17":{"start":{"line":23,"column":47},"end":{"line":23,"column":90}},"18":{"start":{"line":24,"column":16},"end":{"line":24,"column":21}},"19":{"start":{"line":26,"column":16},"end":{"line":26,"column":52}},"20":{"start":{"line":26,"column":47},"end":{"line":26,"column":52}},"21":{"start":{"line":28,"column":16},"end":{"line":28,"column":87}},"22":{"start":{"line":28,"column":46},"end":{"line":28,"column":87}},"23":{"start":{"line":33,"column":0},"end":{"line":33,"column":25}}},"fnMap":{"0":{"name":"validate","decl":{"start":{"line":3,"column":9},"end":{"line":3,"column":17}},"loc":{"start":{"line":3,"column":26},"end":{"line":31,"column":1}},"line":3},"1":{"name":"(anonymous_1)","decl":{"start":{"line":4,"column":19},"end":{"line":4,"column":20}},"loc":{"start":{"line":4,"column":55},"end":{"line":30,"column":5}},"line":4}},"branchMap":{"0":{"loc":{"start":{"line":5,"column":8},"end":{"line":29,"column":9}},"type":"switch","locations":[{"start":{"line":6,"column":12},"end":{"line":13,"column":21}},{"start":{"line":14,"column":12},"end":{"line":19,"column":21}},{"start":{"line":20,"column":12},"end":{"line":24,"column":21}},{"start":{"line":25,"column":12},"end":{"line":28,"column":87}}],"line":5},"1":{"loc":{"start":{"line":7,"column":16},"end":{"line":7,"column":52}},"type":"if","locations":[{"start":{"line":7,"column":16},"end":{"line":7,"column":52}},{"start":{"line":7,"column":16},"end":{"line":7,"column":52}}],"line":7},"2":{"loc":{"start":{"line":7,"column":20},"end":{"line":7,"column":45}},"type":"binary-expr","locations":[{"start":{"line":7,"column":20},"end":{"line":7,"column":28}},{"start":{"line":7,"column":32},"end":{"line":7,"column":45}}],"line":7},"3":{"loc":{"start":{"line":9,"column":16},"end":{"line":9,"column":90}},"type":"if","locations":[{"start":{"line":9,"column":16},"end":{"line":9,"column":90}},{"start":{"line":9,"column":16},"end":{"line":9,"column":90}}],"line":9},"4":{"loc":{"start":{"line":11,"column":16},"end":{"line":11,"column":85}},"type":"if","locations":[{"start":{"line":11,"column":16},"end":{"line":11,"column":85}},{"start":{"line":11,"column":16},"end":{"line":11,"column":85}}],"line":11},"5":{"loc":{"start":{"line":15,"column":16},"end":{"line":15,"column":52}},"type":"if","locations":[{"start":{"line":15,"column":16},"end":{"line":15,"column":52}},{"start":{"line":15,"column":16},"end":{"line":15,"column":52}}],"line":15},"6":{"loc":{"start":{"line":15,"column":20},"end":{"line":15,"column":45}},"type":"binary-expr","locations":[{"start":{"line":15,"column":20},"end":{"line":15,"column":28}},{"start":{"line":15,"column":32},"end":{"line":15,"column":45}}],"line":15},"7":{"loc":{"start":{"line":17,"column":16},"end":{"line":17,"column":92}},"type":"if","locations":[{"start":{"line":17,"column":16},"end":{"line":17,"column":92}},{"start":{"line":17,"column":16},"end":{"line":17,"column":92}}],"line":17},"8":{"loc":{"start":{"line":21,"column":16},"end":{"line":21,"column":52}},"type":"if","locations":[{"start":{"line":21,"column":16},"end":{"line":21,"column":52}},{"start":{"line":21,"column":16},"end":{"line":21,"column":52}}],"line":21},"9":{"loc":{"start":{"line":21,"column":20},"end":{"line":21,"column":45}},"type":"binary-expr","locations":[{"start":{"line":21,"column":20},"end":{"line":21,"column":28}},{"start":{"line":21,"column":32},"end":{"line":21,"column":45}}],"line":21},"10":{"loc":{"start":{"line":23,"column":16},"end":{"line":23,"column":90}},"type":"if","locations":[{"start":{"line":23,"column":16},"end":{"line":23,"column":90}},{"start":{"line":23,"column":16},"end":{"line":23,"column":90}}],"line":23},"11":{"loc":{"start":{"line":26,"column":16},"end":{"line":26,"column":52}},"type":"if","locations":[{"start":{"line":26,"column":16},"end":{"line":26,"column":52}},{"start":{"line":26,"column":16},"end":{"line":26,"column":52}}],"line":26},"12":{"loc":{"start":{"line":26,"column":20},"end":{"line":26,"column":45}},"type":"binary-expr","locations":[{"start":{"line":26,"column":20},"end":{"line":26,"column":28}},{"start":{"line":26,"column":32},"end":{"line":26,"column":45}}],"line":26},"13":{"loc":{"start":{"line":28,"column":16},"end":{"line":28,"column":87}},"type":"if","locations":[{"start":{"line":28,"column":16},"end":{"line":28,"column":87}},{"start":{"line":28,"column":16},"end":{"line":28,"column":87}}],"line":28}},"s":{"0":146,"1":323,"2":284,"3":1,"4":283,"5":86,"6":197,"7":30,"8":167,"9":0,"10":0,"11":0,"12":0,"13":0,"14":22,"15":0,"16":22,"17":8,"18":14,"19":17,"20":0,"21":17,"22":0,"23":1},"f":{"0":146,"1":323},"b":{"0":[284,0,22,17],"1":[1,283],"2":[284,1],"3":[86,197],"4":[30,167],"5":[0,0],"6":[0,0],"7":[0,0],"8":[0,22],"9":[22,0],"10":[8,14],"11":[0,17],"12":[17,0],"13":[0,17]},"_coverageSchema":"43e27e138ebf9cfc5966b082cf9a028302ed4184","hash":"c1e00646713c20b1dbd60425d8339a3cebe95378","contentHash":"313c1c48cb30eeeff07859c175ba3950"},"/Users/dani/Desktop/skylab/skylab-bootcamp-201809/staff/daniel-villegas/partyup/partyup-api/errors/index.js":{"path":"/Users/dani/Desktop/skylab/skylab-bootcamp-201809/staff/daniel-villegas/partyup/partyup-api/errors/index.js","statementMap":{"0":{"start":{"line":1,"column":27},"end":{"line":1,"column":60}},"1":{"start":{"line":2,"column":18},"end":{"line":2,"column":41}},"2":{"start":{"line":3,"column":22},"end":{"line":3,"column":50}},"3":{"start":{"line":4,"column":19},"end":{"line":4,"column":43}},"4":{"start":{"line":6,"column":0},"end":{"line":11,"column":1}}},"fnMap":{},"branchMap":{},"s":{"0":1,"1":1,"2":1,"3":1,"4":1},"f":{},"b":{},"_coverageSchema":"43e27e138ebf9cfc5966b082cf9a028302ed4184","hash":"9e3966e470951c5e109f8ff176d7deb02a8c6617","contentHash":"8ad853b7c6d23a6c4561b7475aa27ecf"},"/Users/dani/Desktop/skylab/skylab-bootcamp-201809/staff/daniel-villegas/partyup/partyup-api/errors/already-exists-error.js":{"path":"/Users/dani/Desktop/skylab/skylab-bootcamp-201809/staff/daniel-villegas/partyup/partyup-api/errors/already-exists-error.js","statementMap":{"0":{"start":{"line":3,"column":8},"end":{"line":3,"column":15}},"1":{"start":{"line":5,"column":8},"end":{"line":5,"column":55}},"2":{"start":{"line":7,"column":8},"end":{"line":7,"column":40}},"3":{"start":{"line":8,"column":8},"end":{"line":8,"column":30}},"4":{"start":{"line":10,"column":8},"end":{"line":10,"column":37}},"5":{"start":{"line":10,"column":19},"end":{"line":10,"column":37}},"6":{"start":{"line":14,"column":0},"end":{"line":14,"column":35}}},"fnMap":{"0":{"name":"(anonymous_0)","decl":{"start":{"line":2,"column":4},"end":{"line":2,"column":5}},"loc":{"start":{"line":2,"column":32},"end":{"line":11,"column":5}},"line":2}},"branchMap":{"0":{"loc":{"start":{"line":10,"column":8},"end":{"line":10,"column":37}},"type":"if","locations":[{"start":{"line":10,"column":8},"end":{"line":10,"column":37}},{"start":{"line":10,"column":8},"end":{"line":10,"column":37}}],"line":10}},"s":{"0":0,"1":0,"2":0,"3":0,"4":0,"5":0,"6":1},"f":{"0":0},"b":{"0":[0,0]},"_coverageSchema":"43e27e138ebf9cfc5966b082cf9a028302ed4184","hash":"96d3b917dd00b3d42d8706c4df8b0216edb75ca8","contentHash":"faa22129509a7921aacc747843c7a452"},"/Users/dani/Desktop/skylab/skylab-bootcamp-201809/staff/daniel-villegas/partyup/partyup-api/errors/auth-error.js":{"path":"/Users/dani/Desktop/skylab/skylab-bootcamp-201809/staff/daniel-villegas/partyup/partyup-api/errors/auth-error.js","statementMap":{"0":{"start":{"line":3,"column":8},"end":{"line":3,"column":15}},"1":{"start":{"line":5,"column":8},"end":{"line":5,"column":55}},"2":{"start":{"line":7,"column":8},"end":{"line":7,"column":31}},"3":{"start":{"line":8,"column":8},"end":{"line":8,"column":30}},"4":{"start":{"line":10,"column":8},"end":{"line":10,"column":37}},"5":{"start":{"line":10,"column":19},"end":{"line":10,"column":37}},"6":{"start":{"line":14,"column":0},"end":{"line":14,"column":26}}},"fnMap":{"0":{"name":"(anonymous_0)","decl":{"start":{"line":2,"column":4},"end":{"line":2,"column":5}},"loc":{"start":{"line":2,"column":32},"end":{"line":11,"column":5}},"line":2}},"branchMap":{"0":{"loc":{"start":{"line":10,"column":8},"end":{"line":10,"column":37}},"type":"if","locations":[{"start":{"line":10,"column":8},"end":{"line":10,"column":37}},{"start":{"line":10,"column":8},"end":{"line":10,"column":37}}],"line":10}},"s":{"0":0,"1":0,"2":0,"3":0,"4":0,"5":0,"6":1},"f":{"0":0},"b":{"0":[0,0]},"_coverageSchema":"43e27e138ebf9cfc5966b082cf9a028302ed4184","hash":"3cf28a17b50b548dde7ace9506e3c3d80367eca8","contentHash":"d64267ae89f4f2220ff675175d5e44c1"},"/Users/dani/Desktop/skylab/skylab-bootcamp-201809/staff/daniel-villegas/partyup/partyup-api/errors/not-found-error.js":{"path":"/Users/dani/Desktop/skylab/skylab-bootcamp-201809/staff/daniel-villegas/partyup/partyup-api/errors/not-found-error.js","statementMap":{"0":{"start":{"line":3,"column":8},"end":{"line":3,"column":15}},"1":{"start":{"line":5,"column":8},"end":{"line":5,"column":55}},"2":{"start":{"line":7,"column":8},"end":{"line":7,"column":35}},"3":{"start":{"line":8,"column":8},"end":{"line":8,"column":30}},"4":{"start":{"line":10,"column":8},"end":{"line":10,"column":37}},"5":{"start":{"line":10,"column":19},"end":{"line":10,"column":37}},"6":{"start":{"line":14,"column":0},"end":{"line":14,"column":30}}},"fnMap":{"0":{"name":"(anonymous_0)","decl":{"start":{"line":2,"column":4},"end":{"line":2,"column":5}},"loc":{"start":{"line":2,"column":32},"end":{"line":11,"column":5}},"line":2}},"branchMap":{"0":{"loc":{"start":{"line":10,"column":8},"end":{"line":10,"column":37}},"type":"if","locations":[{"start":{"line":10,"column":8},"end":{"line":10,"column":37}},{"start":{"line":10,"column":8},"end":{"line":10,"column":37}}],"line":10}},"s":{"0":0,"1":0,"2":0,"3":0,"4":0,"5":0,"6":1},"f":{"0":0},"b":{"0":[0,0]},"_coverageSchema":"43e27e138ebf9cfc5966b082cf9a028302ed4184","hash":"a52eb6e3c56fac107d663e94781e470190fcfbd0","contentHash":"87906d9a12f439f8ebd1238592c61b0e"},"/Users/dani/Desktop/skylab/skylab-bootcamp-201809/staff/daniel-villegas/partyup/partyup-api/errors/value-error.js":{"path":"/Users/dani/Desktop/skylab/skylab-bootcamp-201809/staff/daniel-villegas/partyup/partyup-api/errors/value-error.js","statementMap":{"0":{"start":{"line":3,"column":8},"end":{"line":3,"column":15}},"1":{"start":{"line":5,"column":8},"end":{"line":5,"column":55}},"2":{"start":{"line":7,"column":8},"end":{"line":7,"column":32}},"3":{"start":{"line":8,"column":8},"end":{"line":8,"column":30}},"4":{"start":{"line":10,"column":8},"end":{"line":10,"column":37}},"5":{"start":{"line":10,"column":19},"end":{"line":10,"column":37}},"6":{"start":{"line":14,"column":0},"end":{"line":14,"column":27}}},"fnMap":{"0":{"name":"(anonymous_0)","decl":{"start":{"line":2,"column":4},"end":{"line":2,"column":5}},"loc":{"start":{"line":2,"column":32},"end":{"line":11,"column":5}},"line":2}},"branchMap":{"0":{"loc":{"start":{"line":10,"column":8},"end":{"line":10,"column":37}},"type":"if","locations":[{"start":{"line":10,"column":8},"end":{"line":10,"column":37}},{"start":{"line":10,"column":8},"end":{"line":10,"column":37}}],"line":10}},"s":{"0":0,"1":0,"2":0,"3":0,"4":0,"5":0,"6":1},"f":{"0":0},"b":{"0":[0,0]},"_coverageSchema":"43e27e138ebf9cfc5966b082cf9a028302ed4184","hash":"2b3c18211d95cb57507e9b655dc4bb3f492a216d","contentHash":"560f5b4a798c70554e9c5687697404d9"}}